[ERROR] - 2018-01-15 21:39:53,033 : (psycopg2.IntegrityError) duplicate key value violates unique constraint "ix_user_email"
DETAIL:  Key (email)=(YHuang@StateStreet.com) already exists.
 [SQL: 'INSERT INTO "user" (email, password_hash, name, tel, about, position, role_id, group_id) VALUES (%(email)s, %(password_hash)s, %(name)s, %(tel)s, %(about)s, %(position)s, %(role_id)s, %(group_id)s) RETURNING "user".id'] [parameters: {'password_hash': 'pbkdf2:sha256:50000$pxwFU2Al$2c6dbef47f66307d7f0b12df0b613d89837267ed8870655075f982e83612287b', 'role_id': 2, 'email': 'YHuang@StateStreet.com', 'tel': None, 'name': 'ssgx', 'group_id': None, 'about': None, 'position': None}]
user_resource [D:\Leo\Projects\AI\SourceCode\Back-end_v2\app\api_v2\user_resource.py:16]
    
Traceback (most recent call last):
  File "C:\Anaconda\envs\ai\lib\site-packages\sqlalchemy\engine\base.py", line 1182, in _execute_context
    context)
  File "C:\Anaconda\envs\ai\lib\site-packages\sqlalchemy\engine\default.py", line 470, in do_execute
    cursor.execute(statement, parameters)
psycopg2.IntegrityError: duplicate key value violates unique constraint "ix_user_email"
DETAIL:  Key (email)=(YHuang@StateStreet.com) already exists.


The above exception was the direct cause of the following exception:

Traceback (most recent call last):
  File "D:\Leo\Projects\AI\SourceCode\Back-end_v2\app\api_v2\user_resource.py", line 14, in post
    db.session.commit()
  File "C:\Anaconda\envs\ai\lib\site-packages\sqlalchemy\orm\scoping.py", line 157, in do
    return getattr(self.registry(), name)(*args, **kwargs)
  File "C:\Anaconda\envs\ai\lib\site-packages\sqlalchemy\orm\session.py", line 906, in commit
    self.transaction.commit()
  File "C:\Anaconda\envs\ai\lib\site-packages\sqlalchemy\orm\session.py", line 461, in commit
    self._prepare_impl()
  File "C:\Anaconda\envs\ai\lib\site-packages\sqlalchemy\orm\session.py", line 441, in _prepare_impl
    self.session.flush()
  File "C:\Anaconda\envs\ai\lib\site-packages\sqlalchemy\orm\session.py", line 2171, in flush
    self._flush(objects)
  File "C:\Anaconda\envs\ai\lib\site-packages\sqlalchemy\orm\session.py", line 2291, in _flush
    transaction.rollback(_capture_exception=True)
  File "C:\Anaconda\envs\ai\lib\site-packages\sqlalchemy\util\langhelpers.py", line 66, in __exit__
    compat.reraise(exc_type, exc_value, exc_tb)
  File "C:\Anaconda\envs\ai\lib\site-packages\sqlalchemy\util\compat.py", line 187, in reraise
    raise value
  File "C:\Anaconda\envs\ai\lib\site-packages\sqlalchemy\orm\session.py", line 2255, in _flush
    flush_context.execute()
  File "C:\Anaconda\envs\ai\lib\site-packages\sqlalchemy\orm\unitofwork.py", line 389, in execute
    rec.execute(self)
  File "C:\Anaconda\envs\ai\lib\site-packages\sqlalchemy\orm\unitofwork.py", line 548, in execute
    uow
  File "C:\Anaconda\envs\ai\lib\site-packages\sqlalchemy\orm\persistence.py", line 181, in save_obj
    mapper, table, insert)
  File "C:\Anaconda\envs\ai\lib\site-packages\sqlalchemy\orm\persistence.py", line 835, in _emit_insert_statements
    execute(statement, params)
  File "C:\Anaconda\envs\ai\lib\site-packages\sqlalchemy\engine\base.py", line 945, in execute
    return meth(self, multiparams, params)
  File "C:\Anaconda\envs\ai\lib\site-packages\sqlalchemy\sql\elements.py", line 263, in _execute_on_connection
    return connection._execute_clauseelement(self, multiparams, params)
  File "C:\Anaconda\envs\ai\lib\site-packages\sqlalchemy\engine\base.py", line 1053, in _execute_clauseelement
    compiled_sql, distilled_params
  File "C:\Anaconda\envs\ai\lib\site-packages\sqlalchemy\engine\base.py", line 1189, in _execute_context
    context)
  File "C:\Anaconda\envs\ai\lib\site-packages\sqlalchemy\engine\base.py", line 1402, in _handle_dbapi_exception
    exc_info
  File "C:\Anaconda\envs\ai\lib\site-packages\sqlalchemy\util\compat.py", line 203, in raise_from_cause
    reraise(type(exception), exception, tb=exc_tb, cause=cause)
  File "C:\Anaconda\envs\ai\lib\site-packages\sqlalchemy\util\compat.py", line 186, in reraise
    raise value.with_traceback(tb)
  File "C:\Anaconda\envs\ai\lib\site-packages\sqlalchemy\engine\base.py", line 1182, in _execute_context
    context)
  File "C:\Anaconda\envs\ai\lib\site-packages\sqlalchemy\engine\default.py", line 470, in do_execute
    cursor.execute(statement, parameters)
sqlalchemy.exc.IntegrityError: (psycopg2.IntegrityError) duplicate key value violates unique constraint "ix_user_email"
DETAIL:  Key (email)=(YHuang@StateStreet.com) already exists.
 [SQL: 'INSERT INTO "user" (email, password_hash, name, tel, about, position, role_id, group_id) VALUES (%(email)s, %(password_hash)s, %(name)s, %(tel)s, %(about)s, %(position)s, %(role_id)s, %(group_id)s) RETURNING "user".id'] [parameters: {'password_hash': 'pbkdf2:sha256:50000$pxwFU2Al$2c6dbef47f66307d7f0b12df0b613d89837267ed8870655075f982e83612287b', 'role_id': 2, 'email': 'YHuang@StateStreet.com', 'tel': None, 'name': 'ssgx', 'group_id': None, 'about': None, 'position': None}]
[ERROR] - 2018-01-15 21:42:22,481 : (psycopg2.IntegrityError) duplicate key value violates unique constraint "ix_user_email"
DETAIL:  Key (email)=(YHuang@StateStreet.com) already exists.
 [SQL: 'INSERT INTO "user" (email, password_hash, name, tel, about, position, role_id, group_id) VALUES (%(email)s, %(password_hash)s, %(name)s, %(tel)s, %(about)s, %(position)s, %(role_id)s, %(group_id)s) RETURNING "user".id'] [parameters: {'group_id': None, 'about': None, 'tel': None, 'password_hash': 'pbkdf2:sha256:50000$RKRE0FZs$0571703f7083d83144715c7cf513460c4d023d45b719748fefbb2d67315c65e0', 'role_id': 2, 'name': 'ssgx', 'email': 'YHuang@StateStreet.com', 'position': None}]
user_resource [D:\Leo\Projects\AI\SourceCode\Back-end_v2\app\api_v2\user_resource.py:16]
    
Traceback (most recent call last):
  File "C:\Anaconda\envs\ai\lib\site-packages\sqlalchemy\engine\base.py", line 1182, in _execute_context
    context)
  File "C:\Anaconda\envs\ai\lib\site-packages\sqlalchemy\engine\default.py", line 470, in do_execute
    cursor.execute(statement, parameters)
psycopg2.IntegrityError: duplicate key value violates unique constraint "ix_user_email"
DETAIL:  Key (email)=(YHuang@StateStreet.com) already exists.


The above exception was the direct cause of the following exception:

Traceback (most recent call last):
  File "D:\Leo\Projects\AI\SourceCode\Back-end_v2\app\api_v2\user_resource.py", line 14, in post
    db.session.commit()
  File "C:\Anaconda\envs\ai\lib\site-packages\sqlalchemy\orm\scoping.py", line 157, in do
    return getattr(self.registry(), name)(*args, **kwargs)
  File "C:\Anaconda\envs\ai\lib\site-packages\sqlalchemy\orm\session.py", line 906, in commit
    self.transaction.commit()
  File "C:\Anaconda\envs\ai\lib\site-packages\sqlalchemy\orm\session.py", line 461, in commit
    self._prepare_impl()
  File "C:\Anaconda\envs\ai\lib\site-packages\sqlalchemy\orm\session.py", line 441, in _prepare_impl
    self.session.flush()
  File "C:\Anaconda\envs\ai\lib\site-packages\sqlalchemy\orm\session.py", line 2171, in flush
    self._flush(objects)
  File "C:\Anaconda\envs\ai\lib\site-packages\sqlalchemy\orm\session.py", line 2291, in _flush
    transaction.rollback(_capture_exception=True)
  File "C:\Anaconda\envs\ai\lib\site-packages\sqlalchemy\util\langhelpers.py", line 66, in __exit__
    compat.reraise(exc_type, exc_value, exc_tb)
  File "C:\Anaconda\envs\ai\lib\site-packages\sqlalchemy\util\compat.py", line 187, in reraise
    raise value
  File "C:\Anaconda\envs\ai\lib\site-packages\sqlalchemy\orm\session.py", line 2255, in _flush
    flush_context.execute()
  File "C:\Anaconda\envs\ai\lib\site-packages\sqlalchemy\orm\unitofwork.py", line 389, in execute
    rec.execute(self)
  File "C:\Anaconda\envs\ai\lib\site-packages\sqlalchemy\orm\unitofwork.py", line 548, in execute
    uow
  File "C:\Anaconda\envs\ai\lib\site-packages\sqlalchemy\orm\persistence.py", line 181, in save_obj
    mapper, table, insert)
  File "C:\Anaconda\envs\ai\lib\site-packages\sqlalchemy\orm\persistence.py", line 835, in _emit_insert_statements
    execute(statement, params)
  File "C:\Anaconda\envs\ai\lib\site-packages\sqlalchemy\engine\base.py", line 945, in execute
    return meth(self, multiparams, params)
  File "C:\Anaconda\envs\ai\lib\site-packages\sqlalchemy\sql\elements.py", line 263, in _execute_on_connection
    return connection._execute_clauseelement(self, multiparams, params)
  File "C:\Anaconda\envs\ai\lib\site-packages\sqlalchemy\engine\base.py", line 1053, in _execute_clauseelement
    compiled_sql, distilled_params
  File "C:\Anaconda\envs\ai\lib\site-packages\sqlalchemy\engine\base.py", line 1189, in _execute_context
    context)
  File "C:\Anaconda\envs\ai\lib\site-packages\sqlalchemy\engine\base.py", line 1402, in _handle_dbapi_exception
    exc_info
  File "C:\Anaconda\envs\ai\lib\site-packages\sqlalchemy\util\compat.py", line 203, in raise_from_cause
    reraise(type(exception), exception, tb=exc_tb, cause=cause)
  File "C:\Anaconda\envs\ai\lib\site-packages\sqlalchemy\util\compat.py", line 186, in reraise
    raise value.with_traceback(tb)
  File "C:\Anaconda\envs\ai\lib\site-packages\sqlalchemy\engine\base.py", line 1182, in _execute_context
    context)
  File "C:\Anaconda\envs\ai\lib\site-packages\sqlalchemy\engine\default.py", line 470, in do_execute
    cursor.execute(statement, parameters)
sqlalchemy.exc.IntegrityError: (psycopg2.IntegrityError) duplicate key value violates unique constraint "ix_user_email"
DETAIL:  Key (email)=(YHuang@StateStreet.com) already exists.
 [SQL: 'INSERT INTO "user" (email, password_hash, name, tel, about, position, role_id, group_id) VALUES (%(email)s, %(password_hash)s, %(name)s, %(tel)s, %(about)s, %(position)s, %(role_id)s, %(group_id)s) RETURNING "user".id'] [parameters: {'group_id': None, 'about': None, 'tel': None, 'password_hash': 'pbkdf2:sha256:50000$RKRE0FZs$0571703f7083d83144715c7cf513460c4d023d45b719748fefbb2d67315c65e0', 'role_id': 2, 'name': 'ssgx', 'email': 'YHuang@StateStreet.com', 'position': None}]
[ERROR] - 2018-01-15 21:42:44,287 : (psycopg2.IntegrityError) duplicate key value violates unique constraint "ix_user_email"
DETAIL:  Key (email)=(YHuang@StateStreet.com) already exists.
 [SQL: 'INSERT INTO "user" (email, password_hash, name, tel, about, position, role_id, group_id) VALUES (%(email)s, %(password_hash)s, %(name)s, %(tel)s, %(about)s, %(position)s, %(role_id)s, %(group_id)s) RETURNING "user".id'] [parameters: {'group_id': None, 'name': 'ssgx', 'email': 'YHuang@StateStreet.com', 'position': None, 'about': None, 'tel': None, 'role_id': 2, 'password_hash': 'pbkdf2:sha256:50000$BBNL2q1C$1ce6753b2ddbab2b7ff957ea7a38e4149aea676b9ce292f55a583b180f0642a0'}]
user_resource [D:\Leo\Projects\AI\SourceCode\Back-end_v2\app\api_v2\user_resource.py:16]
    
[ERROR] - 2018-01-15 21:47:30,944 : (psycopg2.IntegrityError) duplicate key value violates unique constraint "ix_user_email"
DETAIL:  Key (email)=(YHuang1@StateStreet.com) already exists.
 [SQL: 'INSERT INTO "user" (email, password_hash, name, tel, about, position, role_id, group_id) VALUES (%(email)s, %(password_hash)s, %(name)s, %(tel)s, %(about)s, %(position)s, %(role_id)s, %(group_id)s) RETURNING "user".id'] [parameters: {'group_id': None, 'password_hash': 'pbkdf2:sha256:50000$5UbeIkqK$9c8cc64f2cbc5c84fcfea4c1e17c1b1eda761e84622ca69383a0bdf77a7b7c09', 'name': 'ssgx', 'about': None, 'tel': None, 'role_id': 2, 'position': None, 'email': 'YHuang1@StateStreet.com'}]
user_resource [D:\Leo\Projects\AI\SourceCode\Back-end_v2\app\api_v2\user_resource.py:16]
    
[ERROR] - 2018-01-15 21:48:20,907 : (psycopg2.IntegrityError) duplicate key value violates unique constraint "ix_user_email"
DETAIL:  Key (email)=(YHuang1@StateStreet.com) already exists.
 [SQL: 'INSERT INTO "user" (email, password_hash, name, tel, about, position, role_id, group_id) VALUES (%(email)s, %(password_hash)s, %(name)s, %(tel)s, %(about)s, %(position)s, %(role_id)s, %(group_id)s) RETURNING "user".id'] [parameters: {'position': None, 'group_id': None, 'tel': None, 'role_id': 2, 'password_hash': 'pbkdf2:sha256:50000$r5wgtpCt$d7f31a8cbc258ffbb701c1c54ebccb84392d5a753d830c888ef1547b1bbe318a', 'name': 'ssgx', 'about': None, 'email': 'YHuang1@StateStreet.com'}]
user_resource [D:\Leo\Projects\AI\SourceCode\Back-end_v2\app\api_v2\user_resource.py:16]
    
[ERROR] - 2018-01-15 21:50:23,837 : (psycopg2.IntegrityError) duplicate key value violates unique constraint "ix_user_email"
DETAIL:  Key (email)=(YHuang1@StateStreet.com) already exists.
 [SQL: 'INSERT INTO "user" (email, password_hash, name, tel, about, position, role_id, group_id) VALUES (%(email)s, %(password_hash)s, %(name)s, %(tel)s, %(about)s, %(position)s, %(role_id)s, %(group_id)s) RETURNING "user".id'] [parameters: {'password_hash': 'pbkdf2:sha256:50000$dFvgLD3v$772f37c0b6468fd7bd90eb5dab9fcd4fb7506d243461557dff7fdaae2bf5937e', 'about': None, 'group_id': None, 'position': None, 'tel': None, 'email': 'YHuang1@StateStreet.com', 'name': 'ssgx', 'role_id': 2}]
user_resource [D:\Leo\Projects\AI\SourceCode\Back-end_v2\app\api_v2\user_resource.py:16]
    
[ERROR] - 2018-01-15 21:50:26,249 : This Session's transaction has been rolled back due to a previous exception during flush. To begin a new transaction with this Session, first issue Session.rollback(). Original exception was: (psycopg2.IntegrityError) duplicate key value violates unique constraint "ix_user_email"
DETAIL:  Key (email)=(YHuang1@StateStreet.com) already exists.
 [SQL: 'INSERT INTO "user" (email, password_hash, name, tel, about, position, role_id, group_id) VALUES (%(email)s, %(password_hash)s, %(name)s, %(tel)s, %(about)s, %(position)s, %(role_id)s, %(group_id)s) RETURNING "user".id'] [parameters: {'password_hash': 'pbkdf2:sha256:50000$dFvgLD3v$772f37c0b6468fd7bd90eb5dab9fcd4fb7506d243461557dff7fdaae2bf5937e', 'about': None, 'group_id': None, 'position': None, 'tel': None, 'email': 'YHuang1@StateStreet.com', 'name': 'ssgx', 'role_id': 2}]
user_resource [D:\Leo\Projects\AI\SourceCode\Back-end_v2\app\api_v2\user_resource.py:16]
    
[ERROR] - 2018-01-15 21:50:27,660 : This Session's transaction has been rolled back due to a previous exception during flush. To begin a new transaction with this Session, first issue Session.rollback(). Original exception was: (psycopg2.IntegrityError) duplicate key value violates unique constraint "ix_user_email"
DETAIL:  Key (email)=(YHuang1@StateStreet.com) already exists.
 [SQL: 'INSERT INTO "user" (email, password_hash, name, tel, about, position, role_id, group_id) VALUES (%(email)s, %(password_hash)s, %(name)s, %(tel)s, %(about)s, %(position)s, %(role_id)s, %(group_id)s) RETURNING "user".id'] [parameters: {'password_hash': 'pbkdf2:sha256:50000$dFvgLD3v$772f37c0b6468fd7bd90eb5dab9fcd4fb7506d243461557dff7fdaae2bf5937e', 'about': None, 'group_id': None, 'position': None, 'tel': None, 'email': 'YHuang1@StateStreet.com', 'name': 'ssgx', 'role_id': 2}]
user_resource [D:\Leo\Projects\AI\SourceCode\Back-end_v2\app\api_v2\user_resource.py:16]
    
[ERROR] - 2018-01-16 11:51:06,003 : 'dict' object has no attribute 'set'
decorators [D:\Leo\Projects\AI\SourceCode\Back-end_v2\app\utils\decorators.py:29]
    
Traceback (most recent call last):
  File "D:\Leo\Projects\AI\SourceCode\Back-end_v2\app\utils\decorators.py", line 27, in wrapper
    res = func(*args, **kwargs)
  File "D:\Leo\Projects\AI\SourceCode\Back-end_v2\app\api_v2\user_resource.py", line 51, in get
    redis_db.set('token_black_list', black_list)
AttributeError: 'dict' object has no attribute 'set'
[ERROR] - 2018-01-25 14:45:59,820 : 'NoneType' object has no attribute 'get_charts_details'
decorators [D:\AI_project\BackendV2\app\utils\decorators.py:62]
    
Traceback (most recent call last):
  File "D:\AI_project\BackendV2\app\utils\decorators.py", line 60, in wrapper
    res = func(*args, **kwargs)
  File "D:\AI_project\BackendV2\app\api_v2\intelligent_charts_resources.py", line 22, in get
    chart = mc.get('recommendation').get_charts_details(chart_id)
AttributeError: 'NoneType' object has no attribute 'get_charts_details'
[ERROR] - 2018-01-25 14:46:01,399 : 'NoneType' object has no attribute 'get_charts_details'
decorators [D:\AI_project\BackendV2\app\utils\decorators.py:62]
    
Traceback (most recent call last):
  File "D:\AI_project\BackendV2\app\utils\decorators.py", line 60, in wrapper
    res = func(*args, **kwargs)
  File "D:\AI_project\BackendV2\app\api_v2\intelligent_charts_resources.py", line 22, in get
    chart = mc.get('recommendation').get_charts_details(chart_id)
AttributeError: 'NoneType' object has no attribute 'get_charts_details'
[ERROR] - 2018-01-25 14:47:55,311 : get() got an unexpected keyword argument 'page_id'
decorators [D:\AI_project\BackendV2\app\utils\decorators.py:62]
    
Traceback (most recent call last):
  File "D:\AI_project\BackendV2\app\utils\decorators.py", line 60, in wrapper
    res = func(*args, **kwargs)
TypeError: get() got an unexpected keyword argument 'page_id'
[ERROR] - 2018-01-25 15:00:02,454 : 'NoneType' object has no attribute 'get_pic_type_df'
decorators [D:\AI_project\BackendV2\app\utils\decorators.py:62]
    
Traceback (most recent call last):
  File "D:\AI_project\BackendV2\app\utils\decorators.py", line 60, in wrapper
    res = func(*args, **kwargs)
  File "D:\AI_project\BackendV2\app\api_v2\intelligent_charts_resources.py", line 45, in get
    charts, last_page = ChartServices.get_intelligent_chart(1, s.level_name, entity_id, page = page, page_size = page_size)
  File "D:\AI_project\BackendV2\app\services\chart_services.py", line 25, in get_intelligent_chart
    all_chart_types = mc.get('recommendation').get_pic_type_df()
AttributeError: 'NoneType' object has no attribute 'get_pic_type_df'
[ERROR] - 2018-01-25 15:00:04,530 : 'NoneType' object has no attribute 'get_pic_type_df'
decorators [D:\AI_project\BackendV2\app\utils\decorators.py:62]
    
Traceback (most recent call last):
  File "D:\AI_project\BackendV2\app\utils\decorators.py", line 60, in wrapper
    res = func(*args, **kwargs)
  File "D:\AI_project\BackendV2\app\api_v2\intelligent_charts_resources.py", line 45, in get
    charts, last_page = ChartServices.get_intelligent_chart(1, s.level_name, entity_id, page = page, page_size = page_size)
  File "D:\AI_project\BackendV2\app\services\chart_services.py", line 25, in get_intelligent_chart
    all_chart_types = mc.get('recommendation').get_pic_type_df()
AttributeError: 'NoneType' object has no attribute 'get_pic_type_df'
[ERROR] - 2018-01-25 15:19:04,921 : 'IntelligentChartsListResource' object has no attribute 'response_dic'
decorators [D:\AI_project\BackendV2\app\utils\decorators.py:62]
    
Traceback (most recent call last):
  File "D:\AI_project\BackendV2\app\utils\decorators.py", line 60, in wrapper
    res = func(*args, **kwargs)
  File "D:\AI_project\BackendV2\app\api_v2\intelligent_charts_resources.py", line 46, in get
    self.response_dic['data']['charts'] = charts
AttributeError: 'IntelligentChartsListResource' object has no attribute 'response_dic'
[ERROR] - 2018-01-25 15:19:07,111 : 'IntelligentChartsListResource' object has no attribute 'response_dic'
decorators [D:\AI_project\BackendV2\app\utils\decorators.py:62]
    
Traceback (most recent call last):
  File "D:\AI_project\BackendV2\app\utils\decorators.py", line 60, in wrapper
    res = func(*args, **kwargs)
  File "D:\AI_project\BackendV2\app\api_v2\intelligent_charts_resources.py", line 46, in get
    self.response_dic['data']['charts'] = charts
AttributeError: 'IntelligentChartsListResource' object has no attribute 'response_dic'
[ERROR] - 2018-01-25 15:22:30,318 : 'IntelligentChartsListResource' object has no attribute 'res'
decorators [D:\AI_project\BackendV2\app\utils\decorators.py:62]
    
Traceback (most recent call last):
  File "D:\AI_project\BackendV2\app\utils\decorators.py", line 60, in wrapper
    res = func(*args, **kwargs)
  File "D:\AI_project\BackendV2\app\api_v2\intelligent_charts_resources.py", line 47, in get
    self.res['data']['charts'] = charts
AttributeError: 'IntelligentChartsListResource' object has no attribute 'res'
[ERROR] - 2018-01-25 15:34:14,027 : No module named 'app.components'
decorators [D:\AI_project\BackendV2\app\utils\decorators.py:62]
    
Traceback (most recent call last):
  File "D:\AI_project\BackendV2\app\utils\decorators.py", line 60, in wrapper
    res = func(*args, **kwargs)
  File "D:\AI_project\BackendV2\app\api_v2\intelligent_charts_resources.py", line 46, in get
    charts, last_page = ChartServices.get_intelligent_chart(1, s.level_name, entity_id)
  File "D:\AI_project\BackendV2\app\services\chart_services.py", line 30, in get_intelligent_chart
    chart = charts_factory.get_chart_instance_with_refection(data)
  File "D:\AI_project\BackendV2\app\libs\chart_lib\charts_factory.py", line 47, in get_chart_instance_with_refection
    kls = self._get_class(chart_module)
  File "D:\AI_project\BackendV2\app\libs\chart_lib\charts_factory.py", line 58, in _get_class
    m = __import__(module)
ModuleNotFoundError: No module named 'app.components'
[ERROR] - 2018-01-25 15:34:16,631 : No module named 'app.components'
decorators [D:\AI_project\BackendV2\app\utils\decorators.py:62]
    
Traceback (most recent call last):
  File "D:\AI_project\BackendV2\app\utils\decorators.py", line 60, in wrapper
    res = func(*args, **kwargs)
  File "D:\AI_project\BackendV2\app\api_v2\intelligent_charts_resources.py", line 46, in get
    charts, last_page = ChartServices.get_intelligent_chart(1, s.level_name, entity_id)
  File "D:\AI_project\BackendV2\app\services\chart_services.py", line 30, in get_intelligent_chart
    chart = charts_factory.get_chart_instance_with_refection(data)
  File "D:\AI_project\BackendV2\app\libs\chart_lib\charts_factory.py", line 47, in get_chart_instance_with_refection
    kls = self._get_class(chart_module)
  File "D:\AI_project\BackendV2\app\libs\chart_lib\charts_factory.py", line 58, in _get_class
    m = __import__(module)
ModuleNotFoundError: No module named 'app.components'
[ERROR] - 2018-01-25 15:39:23,773 : No module named 'app.components'
decorators [D:\AI_project\BackendV2\app\utils\decorators.py:62]
    
Traceback (most recent call last):
  File "D:\AI_project\BackendV2\app\utils\decorators.py", line 60, in wrapper
    res = func(*args, **kwargs)
  File "D:\AI_project\BackendV2\app\api_v2\intelligent_charts_resources.py", line 46, in get
    charts, last_page = ChartServices.get_intelligent_chart(1, s.level_name, entity_id)
  File "D:\AI_project\BackendV2\app\services\chart_services.py", line 30, in get_intelligent_chart
    chart = charts_factory.get_chart_instance_with_refection(data)
  File "D:\AI_project\BackendV2\app\libs\chart_lib\charts_factory.py", line 47, in get_chart_instance_with_refection
    kls = self._get_class(chart_module)
  File "D:\AI_project\BackendV2\app\libs\chart_lib\charts_factory.py", line 58, in _get_class
    print("_____________________________")
ModuleNotFoundError: No module named 'app.components'
[ERROR] - 2018-01-25 15:39:49,443 : No module named 'app.components'
decorators [D:\AI_project\BackendV2\app\utils\decorators.py:62]
    
Traceback (most recent call last):
  File "D:\AI_project\BackendV2\app\utils\decorators.py", line 60, in wrapper
    res = func(*args, **kwargs)
  File "D:\AI_project\BackendV2\app\api_v2\intelligent_charts_resources.py", line 46, in get
    charts, last_page = ChartServices.get_intelligent_chart(1, s.level_name, entity_id)
  File "D:\AI_project\BackendV2\app\services\chart_services.py", line 30, in get_intelligent_chart
    chart = charts_factory.get_chart_instance_with_refection(data)
  File "D:\AI_project\BackendV2\app\libs\chart_lib\charts_factory.py", line 47, in get_chart_instance_with_refection
    kls = self._get_class(chart_module)
  File "D:\AI_project\BackendV2\app\libs\chart_lib\charts_factory.py", line 60, in _get_class
    m = __import__(module)
ModuleNotFoundError: No module named 'app.components'
[ERROR] - 2018-01-25 15:39:50,939 : No module named 'app.components'
decorators [D:\AI_project\BackendV2\app\utils\decorators.py:62]
    
Traceback (most recent call last):
  File "D:\AI_project\BackendV2\app\utils\decorators.py", line 60, in wrapper
    res = func(*args, **kwargs)
  File "D:\AI_project\BackendV2\app\api_v2\intelligent_charts_resources.py", line 46, in get
    charts, last_page = ChartServices.get_intelligent_chart(1, s.level_name, entity_id)
  File "D:\AI_project\BackendV2\app\services\chart_services.py", line 30, in get_intelligent_chart
    chart = charts_factory.get_chart_instance_with_refection(data)
  File "D:\AI_project\BackendV2\app\libs\chart_lib\charts_factory.py", line 47, in get_chart_instance_with_refection
    kls = self._get_class(chart_module)
  File "D:\AI_project\BackendV2\app\libs\chart_lib\charts_factory.py", line 60, in _get_class
    m = __import__(module)
ModuleNotFoundError: No module named 'app.components'
[ERROR] - 2018-01-25 15:53:26,977 : No module named 'app.components'
decorators [D:\AI_project\BackendV2\app\utils\decorators.py:62]
    
Traceback (most recent call last):
  File "D:\AI_project\BackendV2\app\utils\decorators.py", line 60, in wrapper
    res = func(*args, **kwargs)
  File "D:\AI_project\BackendV2\app\api_v2\intelligent_charts_resources.py", line 46, in get
    charts, last_page = ChartServices.get_intelligent_chart(1, s.level_name, entity_id)
  File "D:\AI_project\BackendV2\app\services\chart_services.py", line 30, in get_intelligent_chart
    chart = charts_factory.get_chart_instance_with_refection(data)
  File "D:\AI_project\BackendV2\app\libs\chart_lib\charts_factory.py", line 47, in get_chart_instance_with_refection
    kls = self._get_class(chart_module)
  File "D:\AI_project\BackendV2\app\libs\chart_lib\charts_factory.py", line 60, in _get_class
    m = __import__(module)
ModuleNotFoundError: No module named 'app.components'
[ERROR] - 2018-01-25 15:53:29,713 : No module named 'app.components'
decorators [D:\AI_project\BackendV2\app\utils\decorators.py:62]
    
Traceback (most recent call last):
  File "D:\AI_project\BackendV2\app\utils\decorators.py", line 60, in wrapper
    res = func(*args, **kwargs)
  File "D:\AI_project\BackendV2\app\api_v2\intelligent_charts_resources.py", line 46, in get
    charts, last_page = ChartServices.get_intelligent_chart(1, s.level_name, entity_id)
  File "D:\AI_project\BackendV2\app\services\chart_services.py", line 30, in get_intelligent_chart
    chart = charts_factory.get_chart_instance_with_refection(data)
  File "D:\AI_project\BackendV2\app\libs\chart_lib\charts_factory.py", line 47, in get_chart_instance_with_refection
    kls = self._get_class(chart_module)
  File "D:\AI_project\BackendV2\app\libs\chart_lib\charts_factory.py", line 60, in _get_class
    m = __import__(module)
ModuleNotFoundError: No module named 'app.components'
[ERROR] - 2018-01-25 15:53:30,476 : No module named 'app.components'
decorators [D:\AI_project\BackendV2\app\utils\decorators.py:62]
    
Traceback (most recent call last):
  File "D:\AI_project\BackendV2\app\utils\decorators.py", line 60, in wrapper
    res = func(*args, **kwargs)
  File "D:\AI_project\BackendV2\app\api_v2\intelligent_charts_resources.py", line 46, in get
    charts, last_page = ChartServices.get_intelligent_chart(1, s.level_name, entity_id)
  File "D:\AI_project\BackendV2\app\services\chart_services.py", line 30, in get_intelligent_chart
    chart = charts_factory.get_chart_instance_with_refection(data)
  File "D:\AI_project\BackendV2\app\libs\chart_lib\charts_factory.py", line 47, in get_chart_instance_with_refection
    kls = self._get_class(chart_module)
  File "D:\AI_project\BackendV2\app\libs\chart_lib\charts_factory.py", line 60, in _get_class
    m = __import__(module)
ModuleNotFoundError: No module named 'app.components'
[ERROR] - 2018-01-25 16:02:41,532 : cannot import name 'BaseChart'
decorators [D:\AI_project\BackendV2\app\utils\decorators.py:62]
    
Traceback (most recent call last):
  File "D:\AI_project\BackendV2\app\utils\decorators.py", line 60, in wrapper
    res = func(*args, **kwargs)
  File "D:\AI_project\BackendV2\app\api_v2\intelligent_charts_resources.py", line 46, in get
    charts, last_page = ChartServices.get_intelligent_chart(1, s.level_name, entity_id)
  File "D:\AI_project\BackendV2\app\services\chart_services.py", line 30, in get_intelligent_chart
    chart = charts_factory.get_chart_instance_with_refection(data)
  File "D:\AI_project\BackendV2\app\libs\chart_lib\charts_factory.py", line 47, in get_chart_instance_with_refection
    kls = self._get_class(chart_module)
  File "D:\AI_project\BackendV2\app\libs\chart_lib\charts_factory.py", line 60, in _get_class
    m = __import__(module)
  File "D:\AI_project\BackendV2\app\libs\chart_lib\models\combine_chart.py", line 1, in <module>
    from . import BaseChart
ImportError: cannot import name 'BaseChart'
[ERROR] - 2018-01-25 16:04:44,922 : 'CombineChart' object has no attribute 'as_dict'
decorators [D:\AI_project\BackendV2\app\utils\decorators.py:62]
    
Traceback (most recent call last):
  File "D:\AI_project\BackendV2\app\utils\decorators.py", line 60, in wrapper
    res = func(*args, **kwargs)
  File "D:\AI_project\BackendV2\app\api_v2\intelligent_charts_resources.py", line 46, in get
    charts, last_page = ChartServices.get_intelligent_chart(1, s.level_name, entity_id)
  File "D:\AI_project\BackendV2\app\services\chart_services.py", line 34, in get_intelligent_chart
    'chart_data':chart.as_dict()
AttributeError: 'CombineChart' object has no attribute 'as_dict'
[ERROR] - 2018-01-25 16:06:30,343 : 'CombineChart' object has no attribute 'as_dict'
decorators [D:\AI_project\BackendV2\app\utils\decorators.py:62]
    
Traceback (most recent call last):
  File "D:\AI_project\BackendV2\app\utils\decorators.py", line 60, in wrapper
    res = func(*args, **kwargs)
  File "D:\AI_project\BackendV2\app\api_v2\intelligent_charts_resources.py", line 46, in get
    charts, last_page = ChartServices.get_intelligent_chart(1, s.level_name, entity_id)
  File "D:\AI_project\BackendV2\app\services\chart_services.py", line 34, in get_intelligent_chart
    'chart_data':chart.as_dict()
AttributeError: 'CombineChart' object has no attribute 'as_dict'
[ERROR] - 2018-01-25 16:12:58,132 : name 're' is not defined
decorators [D:\AI_project\BackendV2\app\utils\decorators.py:62]
    
Traceback (most recent call last):
  File "D:\AI_project\BackendV2\app\utils\decorators.py", line 60, in wrapper
    res = func(*args, **kwargs)
  File "D:\AI_project\BackendV2\app\api_v2\intelligent_charts_resources.py", line 46, in get
    charts, last_page = ChartServices.get_intelligent_chart(1, s.level_name, entity_id)
  File "D:\AI_project\BackendV2\app\services\chart_services.py", line 34, in get_intelligent_chart
    'chart_data':chart.as_dict()
  File "D:\AI_project\BackendV2\app\libs\chart_lib\models\base_chart.py", line 22, in as_dict
    key = re.sub(r'[\W_]', '', key)
NameError: name 're' is not defined
[ERROR] - 2018-01-25 16:27:38,373 : name 'g' is not defined
decorators [D:\AI_project\BackendV2\app\utils\decorators.py:62]
    
Traceback (most recent call last):
  File "D:\AI_project\BackendV2\app\utils\decorators.py", line 60, in wrapper
    res = func(*args, **kwargs)
  File "D:\AI_project\BackendV2\app\api_v2\intelligent_charts_resources.py", line 46, in get
    charts, last_page, totalPage = ChartServices.get_intelligent_chart(g.user.group_id, s.level_name)
NameError: name 'g' is not defined
[ERROR] - 2018-01-25 16:27:39,869 : name 'g' is not defined
decorators [D:\AI_project\BackendV2\app\utils\decorators.py:62]
    
Traceback (most recent call last):
  File "D:\AI_project\BackendV2\app\utils\decorators.py", line 60, in wrapper
    res = func(*args, **kwargs)
  File "D:\AI_project\BackendV2\app\api_v2\intelligent_charts_resources.py", line 46, in get
    charts, last_page, totalPage = ChartServices.get_intelligent_chart(g.user.group_id, s.level_name)
NameError: name 'g' is not defined
[ERROR] - 2018-01-25 16:32:38,846 : '_AppCtxGlobals' object has no attribute 'user'
decorators [D:\AI_project\BackendV2\app\utils\decorators.py:62]
    
Traceback (most recent call last):
  File "D:\AI_project\BackendV2\app\utils\decorators.py", line 60, in wrapper
    res = func(*args, **kwargs)
  File "D:\AI_project\BackendV2\app\api_v2\intelligent_charts_resources.py", line 47, in get
    charts, last_page, totalPage = ChartServices.get_intelligent_chart(g.user.group_id, s.level_name)
  File "D:\Users\v627607\AppData\Local\Continuum\Anaconda3\envs\snowman\lib\site-packages\werkzeug\local.py", line 347, in __getattr__
    return getattr(self._get_current_object(), name)
AttributeError: '_AppCtxGlobals' object has no attribute 'user'
[ERROR] - 2018-01-25 16:36:15,518 : too many values to unpack (expected 2)
decorators [D:\AI_project\BackendV2\app\utils\decorators.py:62]
    
Traceback (most recent call last):
  File "D:\AI_project\BackendV2\app\utils\decorators.py", line 60, in wrapper
    res = func(*args, **kwargs)
  File "D:\AI_project\BackendV2\app\api_v2\intelligent_charts_resources.py", line 47, in get
    charts, last_page, totalPage = ChartServices.get_intelligent_chart(1, s.level_name)
  File "D:\AI_project\BackendV2\app\services\chart_services.py", line 26, in get_intelligent_chart
    charts, last_page. total_page = mc.get('recommendation').get_charts_by_page(int(page), 6)
ValueError: too many values to unpack (expected 2)
[ERROR] - 2018-01-25 16:38:41,868 : too many values to unpack (expected 2)
decorators [D:\AI_project\BackendV2\app\utils\decorators.py:62]
    
Traceback (most recent call last):
  File "D:\AI_project\BackendV2\app\utils\decorators.py", line 60, in wrapper
    res = func(*args, **kwargs)
  File "D:\AI_project\BackendV2\app\api_v2\intelligent_charts_resources.py", line 47, in get
    charts, last_page, totalPage = ChartServices.get_intelligent_chart(1, s.level_name)
  File "D:\AI_project\BackendV2\app\services\chart_services.py", line 26, in get_intelligent_chart
    charts, last_page. total_page = mc.get('recommendation').get_charts_by_page(int(page))
ValueError: too many values to unpack (expected 2)
[ERROR] - 2018-01-25 16:39:28,507 : too many values to unpack (expected 2)
decorators [D:\AI_project\BackendV2\app\utils\decorators.py:62]
    
Traceback (most recent call last):
  File "D:\AI_project\BackendV2\app\utils\decorators.py", line 60, in wrapper
    res = func(*args, **kwargs)
  File "D:\AI_project\BackendV2\app\api_v2\intelligent_charts_resources.py", line 47, in get
    charts, last_page, totalPage = ChartServices.get_intelligent_chart(1, s.level_name)
  File "D:\AI_project\BackendV2\app\services\chart_services.py", line 26, in get_intelligent_chart
    charts, last_page. total_page = mc.get('recommendation').get_charts_by_page(int(page), 6)
ValueError: too many values to unpack (expected 2)
[ERROR] - 2018-01-25 16:59:15,936 : type object 'type' has no attribute 'lower'
decorators [D:\AI_project\BackendV2\app\utils\decorators.py:62]
    
Traceback (most recent call last):
  File "D:\AI_project\BackendV2\app\utils\decorators.py", line 60, in wrapper
    res = func(*args, **kwargs)
  File "D:\AI_project\BackendV2\app\api_v2\intelligent_charts_resources.py", line 46, in get
    if type.lower() == 0:
AttributeError: type object 'type' has no attribute 'lower'
[ERROR] - 2018-01-25 17:03:33,011 : '_AppCtxGlobals' object has no attribute 'user'
decorators [D:\AI_project\BackendV2\app\utils\decorators.py:62]
    
Traceback (most recent call last):
  File "D:\AI_project\BackendV2\app\utils\decorators.py", line 60, in wrapper
    res = func(*args, **kwargs)
  File "D:\AI_project\BackendV2\app\api_v2\intelligent_charts_resources.py", line 48, in get
    charts, last_page, totalPage = ChartServices.get_intelligent_chart(g.user.group_id, s.level_name)
  File "D:\Users\v627607\AppData\Local\Continuum\Anaconda3\envs\snowman\lib\site-packages\werkzeug\local.py", line 347, in __getattr__
    return getattr(self._get_current_object(), name)
AttributeError: '_AppCtxGlobals' object has no attribute 'user'
[ERROR] - 2018-01-26 11:15:14,630 : '_AppCtxGlobals' object has no attribute 'user'
decorators [D:\AI_project\BackendV2\app\utils\decorators.py:62]
    
Traceback (most recent call last):
  File "D:\AI_project\BackendV2\app\utils\decorators.py", line 60, in wrapper
    res = func(*args, **kwargs)
  File "D:\AI_project\BackendV2\app\api_mobile\asset_resources.py", line 13, in get
    default_setk = asset_services.get_default_set()
  File "D:\AI_project\BackendV2\app\services\asset_services.py", line 10, in get_default_set
    default_entity_set = EntitySet.query.filter_by(group_id = g.user.group_id)\
  File "D:\Users\v627607\AppData\Local\Continuum\Anaconda3\envs\snowman\lib\site-packages\werkzeug\local.py", line 347, in __getattr__
    return getattr(self._get_current_object(), name)
AttributeError: '_AppCtxGlobals' object has no attribute 'user'
[ERROR] - 2018-01-26 11:16:41,391 : module 'app.services.asset_services' has no attribute 'm_chart_insight'
decorators [D:\AI_project\BackendV2\app\utils\decorators.py:62]
    
Traceback (most recent call last):
  File "D:\AI_project\BackendV2\app\utils\decorators.py", line 60, in wrapper
    res = func(*args, **kwargs)
  File "D:\AI_project\BackendV2\app\api_mobile\asset_resources.py", line 15, in get
    res['insights'] = asset_services.m_chart_insight()
AttributeError: module 'app.services.asset_services' has no attribute 'm_chart_insight'
[ERROR] - 2018-01-26 11:17:30,997 : module 'app.services.asset_services' has no attribute 'm_chart_insight'
decorators [D:\AI_project\BackendV2\app\utils\decorators.py:62]
    
Traceback (most recent call last):
  File "D:\AI_project\BackendV2\app\utils\decorators.py", line 60, in wrapper
    res = func(*args, **kwargs)
  File "D:\AI_project\BackendV2\app\api_mobile\asset_resources.py", line 15, in get
    res['insights'] = chart_services.m_chart_insight()
AttributeError: module 'app.services.asset_services' has no attribute 'm_chart_insight'
[ERROR] - 2018-01-26 11:18:06,273 : name 'ChartServices' is not defined
decorators [D:\AI_project\BackendV2\app\utils\decorators.py:62]
    
Traceback (most recent call last):
  File "D:\AI_project\BackendV2\app\utils\decorators.py", line 60, in wrapper
    res = func(*args, **kwargs)
  File "D:\AI_project\BackendV2\app\api_mobile\asset_resources.py", line 15, in get
    res['insights'] = chart_services.m_chart_insight()
  File "D:\AI_project\BackendV2\app\services\chart_services.py", line 37, in m_chart_insight
    charts, last_page, totalPage = ChartServices.get_intelligent_chart(g.user.group_id, s.level_name)
NameError: name 'ChartServices' is not defined
[ERROR] - 2018-01-26 11:20:24,343 : '_AppCtxGlobals' object has no attribute 'user'
decorators [D:\AI_project\BackendV2\app\utils\decorators.py:62]
    
Traceback (most recent call last):
  File "D:\AI_project\BackendV2\app\utils\decorators.py", line 60, in wrapper
    res = func(*args, **kwargs)
  File "D:\AI_project\BackendV2\app\api_mobile\asset_resources.py", line 15, in get
    res['insights'] = chart_services.m_chart_insight()
  File "D:\AI_project\BackendV2\app\services\chart_services.py", line 37, in m_chart_insight
    charts, last_page, totalPage = get_intelligent_chart(g.user.group_id, s.level_name)
  File "D:\Users\v627607\AppData\Local\Continuum\Anaconda3\envs\snowman\lib\site-packages\werkzeug\local.py", line 347, in __getattr__
    return getattr(self._get_current_object(), name)
AttributeError: '_AppCtxGlobals' object has no attribute 'user'
[ERROR] - 2018-01-26 11:20:24,355 : '_AppCtxGlobals' object has no attribute 'user'
decorators [D:\AI_project\BackendV2\app\utils\decorators.py:62]
    
Traceback (most recent call last):
  File "D:\AI_project\BackendV2\app\utils\decorators.py", line 60, in wrapper
    res = func(*args, **kwargs)
  File "D:\AI_project\BackendV2\app\api_mobile\asset_resources.py", line 15, in get
    res['insights'] = chart_services.m_chart_insight()
  File "D:\AI_project\BackendV2\app\services\chart_services.py", line 37, in m_chart_insight
    charts, last_page, totalPage = get_intelligent_chart(g.user.group_id, s.level_name)
  File "D:\Users\v627607\AppData\Local\Continuum\Anaconda3\envs\snowman\lib\site-packages\werkzeug\local.py", line 347, in __getattr__
    return getattr(self._get_current_object(), name)
AttributeError: '_AppCtxGlobals' object has no attribute 'user'
[ERROR] - 2018-01-26 11:27:37,068 : list indices must be integers or slices, not str
decorators [D:\AI_project\BackendV2\app\utils\decorators.py:62]
    
Traceback (most recent call last):
  File "D:\AI_project\BackendV2\app\utils\decorators.py", line 60, in wrapper
    res = func(*args, **kwargs)
  File "D:\AI_project\BackendV2\app\api_mobile\asset_resources.py", line 15, in get
    res['insights'] = chart_services.m_chart_insight()
  File "D:\AI_project\BackendV2\app\services\chart_services.py", line 39, in m_chart_insight
    res['title'] = charts['title']
TypeError: list indices must be integers or slices, not str
[ERROR] - 2018-01-26 11:27:39,948 : list indices must be integers or slices, not str
decorators [D:\AI_project\BackendV2\app\utils\decorators.py:62]
    
Traceback (most recent call last):
  File "D:\AI_project\BackendV2\app\utils\decorators.py", line 60, in wrapper
    res = func(*args, **kwargs)
  File "D:\AI_project\BackendV2\app\api_mobile\asset_resources.py", line 15, in get
    res['insights'] = chart_services.m_chart_insight()
  File "D:\AI_project\BackendV2\app\services\chart_services.py", line 39, in m_chart_insight
    res['title'] = charts['title']
TypeError: list indices must be integers or slices, not str
[ERROR] - 2018-01-26 11:27:41,407 : list indices must be integers or slices, not str
decorators [D:\AI_project\BackendV2\app\utils\decorators.py:62]
    
Traceback (most recent call last):
  File "D:\AI_project\BackendV2\app\utils\decorators.py", line 60, in wrapper
    res = func(*args, **kwargs)
  File "D:\AI_project\BackendV2\app\api_mobile\asset_resources.py", line 15, in get
    res['insights'] = chart_services.m_chart_insight()
  File "D:\AI_project\BackendV2\app\services\chart_services.py", line 39, in m_chart_insight
    res['title'] = charts['title']
TypeError: list indices must be integers or slices, not str
[ERROR] - 2018-01-26 11:28:29,772 : list indices must be integers or slices, not str
decorators [D:\AI_project\BackendV2\app\utils\decorators.py:62]
    
Traceback (most recent call last):
  File "D:\AI_project\BackendV2\app\utils\decorators.py", line 60, in wrapper
    res = func(*args, **kwargs)
  File "D:\AI_project\BackendV2\app\api_mobile\asset_resources.py", line 15, in get
    res['insights'] = chart_services.m_chart_insight()
  File "D:\AI_project\BackendV2\app\services\chart_services.py", line 39, in m_chart_insight
    res['title'] = charts['title']
TypeError: list indices must be integers or slices, not str
[ERROR] - 2018-01-26 11:28:32,716 : list indices must be integers or slices, not str
decorators [D:\AI_project\BackendV2\app\utils\decorators.py:62]
    
Traceback (most recent call last):
  File "D:\AI_project\BackendV2\app\utils\decorators.py", line 60, in wrapper
    res = func(*args, **kwargs)
  File "D:\AI_project\BackendV2\app\api_mobile\asset_resources.py", line 15, in get
    res['insights'] = chart_services.m_chart_insight()
  File "D:\AI_project\BackendV2\app\services\chart_services.py", line 39, in m_chart_insight
    res['title'] = charts['title']
TypeError: list indices must be integers or slices, not str
[ERROR] - 2018-01-26 11:28:34,701 : list indices must be integers or slices, not str
decorators [D:\AI_project\BackendV2\app\utils\decorators.py:62]
    
Traceback (most recent call last):
  File "D:\AI_project\BackendV2\app\utils\decorators.py", line 60, in wrapper
    res = func(*args, **kwargs)
  File "D:\AI_project\BackendV2\app\api_mobile\asset_resources.py", line 15, in get
    res['insights'] = chart_services.m_chart_insight()
  File "D:\AI_project\BackendV2\app\services\chart_services.py", line 39, in m_chart_insight
    res['title'] = charts['title']
TypeError: list indices must be integers or slices, not str
[ERROR] - 2018-01-26 11:34:05,755 : list indices must be integers or slices, not str
decorators [D:\AI_project\BackendV2\app\utils\decorators.py:62]
    
Traceback (most recent call last):
  File "D:\AI_project\BackendV2\app\utils\decorators.py", line 60, in wrapper
    res = func(*args, **kwargs)
  File "D:\AI_project\BackendV2\app\api_mobile\asset_resources.py", line 15, in get
    res['insights'] = chart_services.m_chart_insight()
  File "D:\AI_project\BackendV2\app\services\chart_services.py", line 39, in m_chart_insight
    res_dict = {}
TypeError: list indices must be integers or slices, not str
[ERROR] - 2018-01-26 11:34:49,565 : 'title'
decorators [D:\AI_project\BackendV2\app\utils\decorators.py:62]
    
Traceback (most recent call last):
  File "D:\AI_project\BackendV2\app\utils\decorators.py", line 60, in wrapper
    res = func(*args, **kwargs)
  File "D:\AI_project\BackendV2\app\api_mobile\asset_resources.py", line 15, in get
    res['insights'] = chart_services.m_chart_insight()
  File "D:\AI_project\BackendV2\app\services\chart_services.py", line 40, in m_chart_insight
    res_dict['title'] = chart['title']
KeyError: 'title'
[ERROR] - 2018-01-26 11:35:29,285 : 'title'
decorators [D:\AI_project\BackendV2\app\utils\decorators.py:62]
    
Traceback (most recent call last):
  File "D:\AI_project\BackendV2\app\utils\decorators.py", line 60, in wrapper
    res = func(*args, **kwargs)
  File "D:\AI_project\BackendV2\app\api_mobile\asset_resources.py", line 15, in get
    res['insights'] = chart_services.m_chart_insight()
  File "D:\AI_project\BackendV2\app\services\chart_services.py", line 40, in m_chart_insight
    print(chart)
KeyError: 'title'
[ERROR] - 2018-01-26 11:48:09,333 : '_AppCtxGlobals' object has no attribute 'user'
decorators [D:\AI_project\BackendV2\app\utils\decorators.py:62]
    
Traceback (most recent call last):
  File "D:\AI_project\BackendV2\app\utils\decorators.py", line 60, in wrapper
    res = func(*args, **kwargs)
  File "D:\AI_project\BackendV2\app\api_mobile\asset_resources.py", line 14, in get
    default_set = asset_services.get_default_set()
  File "D:\AI_project\BackendV2\app\services\asset_services.py", line 10, in get_default_set
    default_entity_set = EntitySet.query.filter_by(group_id = g.user.group_id)\
  File "D:\Users\v627607\AppData\Local\Continuum\Anaconda3\envs\snowman\lib\site-packages\werkzeug\local.py", line 347, in __getattr__
    return getattr(self._get_current_object(), name)
AttributeError: '_AppCtxGlobals' object has no attribute 'user'
[ERROR] - 2018-01-26 11:48:25,344 : '_AppCtxGlobals' object has no attribute 'user'
decorators [D:\AI_project\BackendV2\app\utils\decorators.py:62]
    
Traceback (most recent call last):
  File "D:\AI_project\BackendV2\app\utils\decorators.py", line 60, in wrapper
    res = func(*args, **kwargs)
  File "D:\AI_project\BackendV2\app\api_mobile\asset_resources.py", line 14, in get
    default_set = asset_services.get_default_set()
  File "D:\AI_project\BackendV2\app\services\asset_services.py", line 10, in get_default_set
    default_entity_set = EntitySet.query.filter_by(group_id = g.user.group_id)\
  File "D:\Users\v627607\AppData\Local\Continuum\Anaconda3\envs\snowman\lib\site-packages\werkzeug\local.py", line 347, in __getattr__
    return getattr(self._get_current_object(), name)
AttributeError: '_AppCtxGlobals' object has no attribute 'user'
[ERROR] - 2018-01-26 11:48:51,972 : name 'chart_services' is not defined
decorators [D:\AI_project\BackendV2\app\utils\decorators.py:62]
    
Traceback (most recent call last):
  File "D:\AI_project\BackendV2\app\utils\decorators.py", line 60, in wrapper
    res = func(*args, **kwargs)
  File "D:\AI_project\BackendV2\app\api_mobile\asset_resources.py", line 17, in get
    res['insights'] = chart_services.m_chart_insight()
NameError: name 'chart_services' is not defined
[ERROR] - 2018-01-26 11:49:21,506 : 'dict' object has no attribute 'title'
decorators [D:\AI_project\BackendV2\app\utils\decorators.py:62]
    
Traceback (most recent call last):
  File "D:\AI_project\BackendV2\app\utils\decorators.py", line 60, in wrapper
    res = func(*args, **kwargs)
  File "D:\AI_project\BackendV2\app\api_mobile\asset_resources.py", line 17, in get
    res['insights'] = chart_services.m_chart_insight()
  File "D:\AI_project\BackendV2\app\services\chart_services.py", line 41, in m_chart_insight
    res_dict['title'] = chart.title
AttributeError: 'dict' object has no attribute 'title'
[ERROR] - 2018-01-26 11:50:56,212 : 'title'
decorators [D:\AI_project\BackendV2\app\utils\decorators.py:62]
    
Traceback (most recent call last):
  File "D:\AI_project\BackendV2\app\utils\decorators.py", line 60, in wrapper
    res = func(*args, **kwargs)
  File "D:\AI_project\BackendV2\app\api_mobile\asset_resources.py", line 17, in get
    res['insights'] = chart_services.m_chart_insight()
  File "D:\AI_project\BackendV2\app\services\chart_services.py", line 41, in m_chart_insight
    res_dict['title'] = chart['title']
KeyError: 'title'
[ERROR] - 2018-01-26 11:50:58,751 : 'title'
decorators [D:\AI_project\BackendV2\app\utils\decorators.py:62]
    
Traceback (most recent call last):
  File "D:\AI_project\BackendV2\app\utils\decorators.py", line 60, in wrapper
    res = func(*args, **kwargs)
  File "D:\AI_project\BackendV2\app\api_mobile\asset_resources.py", line 17, in get
    res['insights'] = chart_services.m_chart_insight()
  File "D:\AI_project\BackendV2\app\services\chart_services.py", line 41, in m_chart_insight
    res_dict['title'] = chart['title']
KeyError: 'title'
[ERROR] - 2018-01-26 11:51:00,317 : 'title'
decorators [D:\AI_project\BackendV2\app\utils\decorators.py:62]
    
Traceback (most recent call last):
  File "D:\AI_project\BackendV2\app\utils\decorators.py", line 60, in wrapper
    res = func(*args, **kwargs)
  File "D:\AI_project\BackendV2\app\api_mobile\asset_resources.py", line 17, in get
    res['insights'] = chart_services.m_chart_insight()
  File "D:\AI_project\BackendV2\app\services\chart_services.py", line 41, in m_chart_insight
    res_dict['title'] = chart['title']
KeyError: 'title'
[ERROR] - 2018-01-26 11:51:01,681 : 'title'
decorators [D:\AI_project\BackendV2\app\utils\decorators.py:62]
    
Traceback (most recent call last):
  File "D:\AI_project\BackendV2\app\utils\decorators.py", line 60, in wrapper
    res = func(*args, **kwargs)
  File "D:\AI_project\BackendV2\app\api_mobile\asset_resources.py", line 17, in get
    res['insights'] = chart_services.m_chart_insight()
  File "D:\AI_project\BackendV2\app\services\chart_services.py", line 41, in m_chart_insight
    res_dict['title'] = chart['title']
KeyError: 'title'
[ERROR] - 2018-01-26 11:51:52,670 : 'title'
decorators [D:\AI_project\BackendV2\app\utils\decorators.py:62]
    
Traceback (most recent call last):
  File "D:\AI_project\BackendV2\app\utils\decorators.py", line 60, in wrapper
    res = func(*args, **kwargs)
  File "D:\AI_project\BackendV2\app\api_mobile\asset_resources.py", line 17, in get
    res['insights'] = chart_services.m_chart_insight()
  File "D:\AI_project\BackendV2\app\services\chart_services.py", line 40, in m_chart_insight
    print(chart['title'])
KeyError: 'title'
[ERROR] - 2018-01-26 11:53:51,579 : 'title'
decorators [D:\AI_project\BackendV2\app\utils\decorators.py:62]
    
Traceback (most recent call last):
  File "D:\AI_project\BackendV2\app\utils\decorators.py", line 60, in wrapper
    res = func(*args, **kwargs)
  File "D:\AI_project\BackendV2\app\api_mobile\asset_resources.py", line 17, in get
    res['insights'] = chart_services.m_chart_insight()
  File "D:\AI_project\BackendV2\app\services\chart_services.py", line 41, in m_chart_insight
    res_dict['title'] = chart['title']
KeyError: 'title'
[ERROR] - 2018-01-26 11:54:10,450 : 'title'
decorators [D:\AI_project\BackendV2\app\utils\decorators.py:62]
    
Traceback (most recent call last):
  File "D:\AI_project\BackendV2\app\utils\decorators.py", line 60, in wrapper
    res = func(*args, **kwargs)
  File "D:\AI_project\BackendV2\app\api_mobile\asset_resources.py", line 17, in get
    res['insights'] = chart_services.m_chart_insight()
  File "D:\AI_project\BackendV2\app\services\chart_services.py", line 41, in m_chart_insight
    res_dict['title'] = chart['title']
KeyError: 'title'
[ERROR] - 2018-01-26 11:54:39,179 : 'title'
decorators [D:\AI_project\BackendV2\app\utils\decorators.py:62]
    
Traceback (most recent call last):
  File "D:\AI_project\BackendV2\app\utils\decorators.py", line 60, in wrapper
    res = func(*args, **kwargs)
  File "D:\AI_project\BackendV2\app\api_mobile\asset_resources.py", line 17, in get
    res['insights'] = chart_services.m_chart_insight()
  File "D:\AI_project\BackendV2\app\services\chart_services.py", line 41, in m_chart_insight
    res_dict['title'] = chart['title']
KeyError: 'title'
[ERROR] - 2018-02-01 18:21:34,782 : get() missing 2 required positional arguments: 'taglist' and 'text'
decorators [D:\Client_Plan_Automation\app\utils\decorators.py:61]
    
Traceback (most recent call last):
  File "D:\Client_Plan_Automation\app\utils\decorators.py", line 59, in wrapper
    res = func(*args, **kwargs)
TypeError: get() missing 2 required positional arguments: 'taglist' and 'text'
[ERROR] - 2018-02-01 18:26:44,135 : get_search_list() missing 2 required positional arguments: 'tag_list' and 'text'
decorators [D:\Client_Plan_Automation\app\utils\decorators.py:61]
    
Traceback (most recent call last):
  File "D:\Client_Plan_Automation\app\utils\decorators.py", line 59, in wrapper
    res = func(*args, **kwargs)
  File "D:\Client_Plan_Automation\app\api\search_resource.py", line 13, in get
    search_list = search_services.get_search_list()
TypeError: get_search_list() missing 2 required positional arguments: 'tag_list' and 'text'
[ERROR] - 2018-02-02 18:15:52,113 : name 'report_services' is not defined
decorators [D:\Client_Plan_Automation\app\utils\decorators.py:61]
    
Traceback (most recent call last):
  File "D:\Client_Plan_Automation\app\utils\decorators.py", line 59, in wrapper
    res = func(*args, **kwargs)
  File "D:\Client_Plan_Automation\app\api\report_resource.py", line 13, in get
    r_dic = report_services.get_report_by_text_and_time()
NameError: name 'report_services' is not defined
[ERROR] - 2018-02-02 18:19:49,884 : 'BaseQuery' object has no attribute 'dict'
decorators [D:\Client_Plan_Automation\app\utils\decorators.py:61]
    
Traceback (most recent call last):
  File "D:\Client_Plan_Automation\app\utils\decorators.py", line 59, in wrapper
    res = func(*args, **kwargs)
  File "D:\Client_Plan_Automation\app\api\report_resource.py", line 14, in get
    return r_dic.dict()
AttributeError: 'BaseQuery' object has no attribute 'dict'
[ERROR] - 2018-02-02 18:19:51,962 : 'BaseQuery' object has no attribute 'dict'
decorators [D:\Client_Plan_Automation\app\utils\decorators.py:61]
    
Traceback (most recent call last):
  File "D:\Client_Plan_Automation\app\utils\decorators.py", line 59, in wrapper
    res = func(*args, **kwargs)
  File "D:\Client_Plan_Automation\app\api\report_resource.py", line 14, in get
    return r_dic.dict()
AttributeError: 'BaseQuery' object has no attribute 'dict'
[ERROR] - 2018-02-02 18:20:47,258 : 'BaseQuery' object has no attribute 'to_dict'
decorators [D:\Client_Plan_Automation\app\utils\decorators.py:61]
    
Traceback (most recent call last):
  File "D:\Client_Plan_Automation\app\utils\decorators.py", line 59, in wrapper
    res = func(*args, **kwargs)
  File "D:\Client_Plan_Automation\app\api\report_resource.py", line 14, in get
    return r_dic.to_dict()
AttributeError: 'BaseQuery' object has no attribute 'to_dict'
[ERROR] - 2018-02-02 18:20:49,079 : 'BaseQuery' object has no attribute 'to_dict'
decorators [D:\Client_Plan_Automation\app\utils\decorators.py:61]
    
Traceback (most recent call last):
  File "D:\Client_Plan_Automation\app\utils\decorators.py", line 59, in wrapper
    res = func(*args, **kwargs)
  File "D:\Client_Plan_Automation\app\api\report_resource.py", line 14, in get
    return r_dic.to_dict()
AttributeError: 'BaseQuery' object has no attribute 'to_dict'
[ERROR] - 2018-02-02 18:20:50,360 : 'BaseQuery' object has no attribute 'to_dict'
decorators [D:\Client_Plan_Automation\app\utils\decorators.py:61]
    
Traceback (most recent call last):
  File "D:\Client_Plan_Automation\app\utils\decorators.py", line 59, in wrapper
    res = func(*args, **kwargs)
  File "D:\Client_Plan_Automation\app\api\report_resource.py", line 14, in get
    return r_dic.to_dict()
AttributeError: 'BaseQuery' object has no attribute 'to_dict'
[ERROR] - 2018-02-02 18:21:55,226 : 'BaseQuery' object has no attribute 'frist'
decorators [D:\Client_Plan_Automation\app\utils\decorators.py:61]
    
Traceback (most recent call last):
  File "D:\Client_Plan_Automation\app\utils\decorators.py", line 59, in wrapper
    res = func(*args, **kwargs)
  File "D:\Client_Plan_Automation\app\api\report_resource.py", line 13, in get
    r_dic = report_services.get_report_by_text_and_time()
  File "D:\Client_Plan_Automation\app\services\report_services.py", line 17, in get_report_by_text_and_time
    return get_source_data_from_client_master()
  File "D:\Client_Plan_Automation\app\services\report_services.py", line 22, in get_source_data_from_client_master
    billing = Billing.query.filter_by(id = 1).frist()
AttributeError: 'BaseQuery' object has no attribute 'frist'
[ERROR] - 2018-02-02 18:21:57,309 : 'BaseQuery' object has no attribute 'frist'
decorators [D:\Client_Plan_Automation\app\utils\decorators.py:61]
    
Traceback (most recent call last):
  File "D:\Client_Plan_Automation\app\utils\decorators.py", line 59, in wrapper
    res = func(*args, **kwargs)
  File "D:\Client_Plan_Automation\app\api\report_resource.py", line 13, in get
    r_dic = report_services.get_report_by_text_and_time()
  File "D:\Client_Plan_Automation\app\services\report_services.py", line 17, in get_report_by_text_and_time
    return get_source_data_from_client_master()
  File "D:\Client_Plan_Automation\app\services\report_services.py", line 22, in get_source_data_from_client_master
    billing = Billing.query.filter_by(id = 1).frist()
AttributeError: 'BaseQuery' object has no attribute 'frist'
[ERROR] - 2018-02-02 18:22:12,639 : 'BaseQuery' object has no attribute 'to_dict'
decorators [D:\Client_Plan_Automation\app\utils\decorators.py:61]
    
Traceback (most recent call last):
  File "D:\Client_Plan_Automation\app\utils\decorators.py", line 59, in wrapper
    res = func(*args, **kwargs)
  File "D:\Client_Plan_Automation\app\api\report_resource.py", line 14, in get
    return r_dic.to_dict()
AttributeError: 'BaseQuery' object has no attribute 'to_dict'
[ERROR] - 2018-02-02 18:22:14,078 : 'BaseQuery' object has no attribute 'to_dict'
decorators [D:\Client_Plan_Automation\app\utils\decorators.py:61]
    
Traceback (most recent call last):
  File "D:\Client_Plan_Automation\app\utils\decorators.py", line 59, in wrapper
    res = func(*args, **kwargs)
  File "D:\Client_Plan_Automation\app\api\report_resource.py", line 14, in get
    return r_dic.to_dict()
AttributeError: 'BaseQuery' object has no attribute 'to_dict'
[ERROR] - 2018-02-05 14:04:46,795 : 'NoneType' object has no attribute 'get'
decorators [D:\Client_Plan_Automation\app\utils\decorators.py:61]
    
Traceback (most recent call last):
  File "D:\Client_Plan_Automation\app\utils\decorators.py", line 59, in wrapper
    res = func(*args, **kwargs)
  File "D:\Client_Plan_Automation\app\api\search_resource.py", line 19, in post
    taglist = g.args.get('tag_list')
AttributeError: 'NoneType' object has no attribute 'get'
[ERROR] - 2018-02-05 14:09:44,532 : 'NoneType' object has no attribute 'get'
decorators [D:\Client_Plan_Automation\app\utils\decorators.py:61]
    
Traceback (most recent call last):
  File "D:\Client_Plan_Automation\app\utils\decorators.py", line 59, in wrapper
    res = func(*args, **kwargs)
  File "D:\Client_Plan_Automation\app\api\search_resource.py", line 24, in post
    taglist = data.get('tag_list')
AttributeError: 'NoneType' object has no attribute 'get'
[ERROR] - 2018-02-05 14:10:37,219 : 'NoneType' object has no attribute 'get'
decorators [D:\Client_Plan_Automation\app\utils\decorators.py:61]
    
Traceback (most recent call last):
  File "D:\Client_Plan_Automation\app\utils\decorators.py", line 59, in wrapper
    res = func(*args, **kwargs)
  File "D:\Client_Plan_Automation\app\api\search_resource.py", line 24, in post
    taglist = data.get('tag_list')
AttributeError: 'NoneType' object has no attribute 'get'
[ERROR] - 2018-02-05 14:10:38,316 : 'NoneType' object has no attribute 'get'
decorators [D:\Client_Plan_Automation\app\utils\decorators.py:61]
    
Traceback (most recent call last):
  File "D:\Client_Plan_Automation\app\utils\decorators.py", line 59, in wrapper
    res = func(*args, **kwargs)
  File "D:\Client_Plan_Automation\app\api\search_resource.py", line 24, in post
    taglist = data.get('tag_list')
AttributeError: 'NoneType' object has no attribute 'get'
[ERROR] - 2018-02-05 14:18:16,090 : object of type 'NoneType' has no len()
decorators [D:\Client_Plan_Automation\app\utils\decorators.py:61]
    
Traceback (most recent call last):
  File "D:\Client_Plan_Automation\app\utils\decorators.py", line 59, in wrapper
    res = func(*args, **kwargs)
  File "D:\Client_Plan_Automation\app\api\search_resource.py", line 26, in post
    if len(taglist)==0:
TypeError: object of type 'NoneType' has no len()
[ERROR] - 2018-02-05 14:20:08,075 : local variable 'report_list' referenced before assignment
decorators [D:\Client_Plan_Automation\app\utils\decorators.py:61]
    
Traceback (most recent call last):
  File "D:\Client_Plan_Automation\app\utils\decorators.py", line 59, in wrapper
    res = func(*args, **kwargs)
  File "D:\Client_Plan_Automation\app\api\search_resource.py", line 30, in post
    for report in report_list:
UnboundLocalError: local variable 'report_list' referenced before assignment
[ERROR] - 2018-02-05 14:20:38,527 : name 'search_list' is not defined
decorators [D:\Client_Plan_Automation\app\utils\decorators.py:61]
    
Traceback (most recent call last):
  File "D:\Client_Plan_Automation\app\utils\decorators.py", line 59, in wrapper
    res = func(*args, **kwargs)
  File "D:\Client_Plan_Automation\app\api\search_resource.py", line 32, in post
    return search_list
NameError: name 'search_list' is not defined
[ERROR] - 2018-02-05 14:24:06,933 : object of type 'NoneType' has no len()
decorators [D:\Client_Plan_Automation\app\utils\decorators.py:61]
    
Traceback (most recent call last):
  File "D:\Client_Plan_Automation\app\utils\decorators.py", line 59, in wrapper
    res = func(*args, **kwargs)
  File "D:\Client_Plan_Automation\app\api\search_resource.py", line 26, in post
    if len(taglist)==0:
TypeError: object of type 'NoneType' has no len()
[ERROR] - 2018-02-05 14:24:37,184 : name 'search_services' is not defined
decorators [D:\Client_Plan_Automation\app\utils\decorators.py:61]
    
Traceback (most recent call last):
  File "D:\Client_Plan_Automation\app\utils\decorators.py", line 59, in wrapper
    res = func(*args, **kwargs)
  File "D:\Client_Plan_Automation\app\api\search_resource.py", line 27, in post
    report_list = search_services.get_search_list_by_text(text)
NameError: name 'search_services' is not defined
[ERROR] - 2018-02-05 14:26:43,590 : name 'search_services' is not defined
decorators [D:\Client_Plan_Automation\app\utils\decorators.py:61]
    
Traceback (most recent call last):
  File "D:\Client_Plan_Automation\app\utils\decorators.py", line 59, in wrapper
    res = func(*args, **kwargs)
  File "D:\Client_Plan_Automation\app\api\search_resource.py", line 27, in post
    report_list = search_services.get_search_list_by_text(text)
NameError: name 'search_services' is not defined
[ERROR] - 2018-02-05 14:31:54,274 : 'dict' object has no attribute 'append'
decorators [D:\Client_Plan_Automation\app\utils\decorators.py:61]
    
Traceback (most recent call last):
  File "D:\Client_Plan_Automation\app\utils\decorators.py", line 59, in wrapper
    res = func(*args, **kwargs)
  File "D:\Client_Plan_Automation\app\api\search_resource.py", line 31, in post
    report_dic.append(report.to_dict())
AttributeError: 'dict' object has no attribute 'append'
[ERROR] - 2018-02-05 14:31:55,533 : 'dict' object has no attribute 'append'
decorators [D:\Client_Plan_Automation\app\utils\decorators.py:61]
    
Traceback (most recent call last):
  File "D:\Client_Plan_Automation\app\utils\decorators.py", line 59, in wrapper
    res = func(*args, **kwargs)
  File "D:\Client_Plan_Automation\app\api\search_resource.py", line 31, in post
    report_dic.append(report.to_dict())
AttributeError: 'dict' object has no attribute 'append'
[ERROR] - 2018-02-05 14:34:53,379 : unhashable type: 'dict'
decorators [D:\Client_Plan_Automation\app\utils\decorators.py:61]
    
Traceback (most recent call last):
  File "D:\Client_Plan_Automation\app\utils\decorators.py", line 59, in wrapper
    res = func(*args, **kwargs)
  File "D:\Client_Plan_Automation\app\api\search_resource.py", line 32, in post
    report_dic[data] = report_list_ret
TypeError: unhashable type: 'dict'
[ERROR] - 2018-02-05 15:16:35,071 : 'Report' object is not subscriptable
decorators [D:\Client_Plan_Automation\app\utils\decorators.py:61]
    
Traceback (most recent call last):
  File "D:\Client_Plan_Automation\app\utils\decorators.py", line 59, in wrapper
    res = func(*args, **kwargs)
  File "D:\Client_Plan_Automation\app\api\search_resource.py", line 29, in post
    report_dic['type'] = report['name']
TypeError: 'Report' object is not subscriptable
[ERROR] - 2018-02-05 15:16:36,355 : 'Report' object is not subscriptable
decorators [D:\Client_Plan_Automation\app\utils\decorators.py:61]
    
Traceback (most recent call last):
  File "D:\Client_Plan_Automation\app\utils\decorators.py", line 59, in wrapper
    res = func(*args, **kwargs)
  File "D:\Client_Plan_Automation\app\api\search_resource.py", line 29, in post
    report_dic['type'] = report['name']
TypeError: 'Report' object is not subscriptable
[ERROR] - 2018-02-05 15:17:48,157 : 0
decorators [D:\Client_Plan_Automation\app\utils\decorators.py:61]
    
Traceback (most recent call last):
  File "D:\Client_Plan_Automation\app\utils\decorators.py", line 59, in wrapper
    res = func(*args, **kwargs)
  File "D:\Client_Plan_Automation\app\api\search_resource.py", line 29, in post
    report_dic['type'] = taglist[0].type
KeyError: 0
[ERROR] - 2018-02-05 15:18:09,287 : name 'reprot' is not defined
decorators [D:\Client_Plan_Automation\app\utils\decorators.py:61]
    
Traceback (most recent call last):
  File "D:\Client_Plan_Automation\app\utils\decorators.py", line 59, in wrapper
    res = func(*args, **kwargs)
  File "D:\Client_Plan_Automation\app\api\search_resource.py", line 30, in post
    report_dic['client_id'] = reprot['client_id']
NameError: name 'reprot' is not defined
[ERROR] - 2018-02-05 15:18:27,506 : 'Report' object is not subscriptable
decorators [D:\Client_Plan_Automation\app\utils\decorators.py:61]
    
Traceback (most recent call last):
  File "D:\Client_Plan_Automation\app\utils\decorators.py", line 59, in wrapper
    res = func(*args, **kwargs)
  File "D:\Client_Plan_Automation\app\api\search_resource.py", line 30, in post
    report_dic['client_id'] = report['client_id']
TypeError: 'Report' object is not subscriptable
[ERROR] - 2018-02-05 15:18:54,962 : 'Report' object is not subscriptable
decorators [D:\Client_Plan_Automation\app\utils\decorators.py:61]
    
Traceback (most recent call last):
  File "D:\Client_Plan_Automation\app\utils\decorators.py", line 59, in wrapper
    res = func(*args, **kwargs)
  File "D:\Client_Plan_Automation\app\api\search_resource.py", line 31, in post
    report_dic['client_name'] = report['client_name']
TypeError: 'Report' object is not subscriptable
[ERROR] - 2018-02-05 15:22:20,862 : name 'ret_type' is not defined
decorators [D:\Client_Plan_Automation\app\utils\decorators.py:61]
    
Traceback (most recent call last):
  File "D:\Client_Plan_Automation\app\utils\decorators.py", line 59, in wrapper
    res = func(*args, **kwargs)
  File "D:\Client_Plan_Automation\app\api\search_resource.py", line 27, in post
    report_dic['type'] = ret_type
NameError: name 'ret_type' is not defined
[ERROR] - 2018-02-05 15:22:21,893 : name 'ret_type' is not defined
decorators [D:\Client_Plan_Automation\app\utils\decorators.py:61]
    
Traceback (most recent call last):
  File "D:\Client_Plan_Automation\app\utils\decorators.py", line 59, in wrapper
    res = func(*args, **kwargs)
  File "D:\Client_Plan_Automation\app\api\search_resource.py", line 27, in post
    report_dic['type'] = ret_type
NameError: name 'ret_type' is not defined
[ERROR] - 2018-02-05 15:22:22,860 : name 'ret_type' is not defined
decorators [D:\Client_Plan_Automation\app\utils\decorators.py:61]
    
Traceback (most recent call last):
  File "D:\Client_Plan_Automation\app\utils\decorators.py", line 59, in wrapper
    res = func(*args, **kwargs)
  File "D:\Client_Plan_Automation\app\api\search_resource.py", line 27, in post
    report_dic['type'] = ret_type
NameError: name 'ret_type' is not defined
[ERROR] - 2018-02-05 15:35:06,086 : 0
decorators [D:\Client_Plan_Automation\app\utils\decorators.py:61]
    
Traceback (most recent call last):
  File "D:\Client_Plan_Automation\app\utils\decorators.py", line 59, in wrapper
    res = func(*args, **kwargs)
  File "D:\Client_Plan_Automation\app\api\search_resource.py", line 25, in post
    elif len(taglist) == 1 and taglist[0].type == 0:
KeyError: 0
[ERROR] - 2018-02-05 15:36:48,171 : local variable 'report_list' referenced before assignment
decorators [D:\Client_Plan_Automation\app\utils\decorators.py:61]
    
Traceback (most recent call last):
  File "D:\Client_Plan_Automation\app\utils\decorators.py", line 59, in wrapper
    res = func(*args, **kwargs)
  File "D:\Client_Plan_Automation\app\api\search_resource.py", line 29, in post
    for report in report_list:
UnboundLocalError: local variable 'report_list' referenced before assignment
[ERROR] - 2018-02-05 15:44:08,965 : 'BaseQuery' object has no attribute 'filterby'
decorators [D:\Client_Plan_Automation\app\utils\decorators.py:61]
    
Traceback (most recent call last):
  File "D:\Client_Plan_Automation\app\utils\decorators.py", line 59, in wrapper
    res = func(*args, **kwargs)
  File "D:\Client_Plan_Automation\app\api\search_resource.py", line 27, in post
    report_list = search_services.get_search_list_by_clientId(text)
  File "D:\Client_Plan_Automation\app\services\search_services.py", line 23, in get_search_list_by_clientId
    report = Report.query.filterby(client_id = client_id).all()
AttributeError: 'BaseQuery' object has no attribute 'filterby'
[ERROR] - 2018-02-05 15:48:14,498 : 'Report' object has no attribute 'update_time'
decorators [D:\Client_Plan_Automation\app\utils\decorators.py:61]
    
Traceback (most recent call last):
  File "D:\Client_Plan_Automation\app\utils\decorators.py", line 59, in wrapper
    res = func(*args, **kwargs)
  File "D:\Client_Plan_Automation\app\api\search_resource.py", line 38, in post
    report_dic['plan_date'] = report.update_time
AttributeError: 'Report' object has no attribute 'update_time'
[ERROR] - 2018-02-05 15:48:15,614 : 'Report' object has no attribute 'update_time'
decorators [D:\Client_Plan_Automation\app\utils\decorators.py:61]
    
Traceback (most recent call last):
  File "D:\Client_Plan_Automation\app\utils\decorators.py", line 59, in wrapper
    res = func(*args, **kwargs)
  File "D:\Client_Plan_Automation\app\api\search_resource.py", line 38, in post
    report_dic['plan_date'] = report.update_time
AttributeError: 'Report' object has no attribute 'update_time'
[ERROR] - 2018-02-05 18:31:10,646 : module 'app.utils.time_utils' has no attribute 'timedatetime_to_timestamp_s'
decorators [D:\Client_Plan_Automation\app\utils\decorators.py:61]
    
Traceback (most recent call last):
  File "D:\Client_Plan_Automation\app\utils\decorators.py", line 59, in wrapper
    res = func(*args, **kwargs)
  File "D:\Client_Plan_Automation\app\api\search_resource.py", line 38, in post
    report_dic['plan_date'] = time_utils.timedatetime_to_timestamp_s(report.updated_time)
AttributeError: module 'app.utils.time_utils' has no attribute 'timedatetime_to_timestamp_s'
[ERROR] - 2018-02-05 18:33:07,723 : name 'datetime_to_timestamp_s' is not defined
decorators [D:\Client_Plan_Automation\app\utils\decorators.py:61]
    
Traceback (most recent call last):
  File "D:\Client_Plan_Automation\app\utils\decorators.py", line 59, in wrapper
    res = func(*args, **kwargs)
  File "D:\Client_Plan_Automation\app\api\search_resource.py", line 39, in post
    datetime_to_timestamp_s
NameError: name 'datetime_to_timestamp_s' is not defined
[ERROR] - 2018-02-05 18:34:13,904 : name 'datetime_to_timestamp_s' is not defined
decorators [D:\Client_Plan_Automation\app\utils\decorators.py:61]
    
Traceback (most recent call last):
  File "D:\Client_Plan_Automation\app\utils\decorators.py", line 59, in wrapper
    res = func(*args, **kwargs)
  File "D:\Client_Plan_Automation\app\api\search_resource.py", line 39, in post
    datetime_to_timestamp_s
NameError: name 'datetime_to_timestamp_s' is not defined
[ERROR] - 2018-02-05 18:36:05,695 : name 'datetime_to_timestamp_s' is not defined
decorators [D:\Client_Plan_Automation\app\utils\decorators.py:61]
    
Traceback (most recent call last):
  File "D:\Client_Plan_Automation\app\utils\decorators.py", line 59, in wrapper
    res = func(*args, **kwargs)
  File "D:\Client_Plan_Automation\app\api\search_resource.py", line 39, in post
    datetime_to_timestamp_s
NameError: name 'datetime_to_timestamp_s' is not defined
[ERROR] - 2018-02-05 18:36:09,347 : name 'datetime_to_timestamp_s' is not defined
decorators [D:\Client_Plan_Automation\app\utils\decorators.py:61]
    
Traceback (most recent call last):
  File "D:\Client_Plan_Automation\app\utils\decorators.py", line 59, in wrapper
    res = func(*args, **kwargs)
  File "D:\Client_Plan_Automation\app\api\search_resource.py", line 39, in post
    datetime_to_timestamp_s
NameError: name 'datetime_to_timestamp_s' is not defined
[ERROR] - 2018-02-05 18:36:57,433 : name 'datetime_to_timestamp_s' is not defined
decorators [D:\Client_Plan_Automation\app\utils\decorators.py:61]
    
Traceback (most recent call last):
  File "D:\Client_Plan_Automation\app\utils\decorators.py", line 59, in wrapper
    res = func(*args, **kwargs)
  File "D:\Client_Plan_Automation\app\api\search_resource.py", line 39, in post
    datetime_to_timestamp_s
NameError: name 'datetime_to_timestamp_s' is not defined
[ERROR] - 2018-02-05 18:36:58,618 : name 'datetime_to_timestamp_s' is not defined
decorators [D:\Client_Plan_Automation\app\utils\decorators.py:61]
    
Traceback (most recent call last):
  File "D:\Client_Plan_Automation\app\utils\decorators.py", line 59, in wrapper
    res = func(*args, **kwargs)
  File "D:\Client_Plan_Automation\app\api\search_resource.py", line 39, in post
    datetime_to_timestamp_s
NameError: name 'datetime_to_timestamp_s' is not defined
[ERROR] - 2018-02-05 19:05:55,547 : 'NoneType' object has no attribute 'get'
decorators [D:\Client_Plan_Automation\app\utils\decorators.py:61]
    
Traceback (most recent call last):
  File "D:\Client_Plan_Automation\app\utils\decorators.py", line 59, in wrapper
    res = func(*args, **kwargs)
  File "D:\Client_Plan_Automation\app\api\search_resource.py", line 19, in post
    taglist = data.get('tag_list')
AttributeError: 'NoneType' object has no attribute 'get'
[ERROR] - 2018-02-05 19:05:56,925 : 'NoneType' object has no attribute 'get'
decorators [D:\Client_Plan_Automation\app\utils\decorators.py:61]
    
Traceback (most recent call last):
  File "D:\Client_Plan_Automation\app\utils\decorators.py", line 59, in wrapper
    res = func(*args, **kwargs)
  File "D:\Client_Plan_Automation\app\api\search_resource.py", line 19, in post
    taglist = data.get('tag_list')
AttributeError: 'NoneType' object has no attribute 'get'
[ERROR] - 2018-02-05 19:05:57,097 : 'NoneType' object has no attribute 'get'
decorators [D:\Client_Plan_Automation\app\utils\decorators.py:61]
    
Traceback (most recent call last):
  File "D:\Client_Plan_Automation\app\utils\decorators.py", line 59, in wrapper
    res = func(*args, **kwargs)
  File "D:\Client_Plan_Automation\app\api\search_resource.py", line 19, in post
    taglist = data.get('tag_list')
AttributeError: 'NoneType' object has no attribute 'get'
[ERROR] - 2018-02-05 19:05:57,237 : 'NoneType' object has no attribute 'get'
decorators [D:\Client_Plan_Automation\app\utils\decorators.py:61]
    
Traceback (most recent call last):
  File "D:\Client_Plan_Automation\app\utils\decorators.py", line 59, in wrapper
    res = func(*args, **kwargs)
  File "D:\Client_Plan_Automation\app\api\search_resource.py", line 19, in post
    taglist = data.get('tag_list')
AttributeError: 'NoneType' object has no attribute 'get'
[ERROR] - 2018-02-05 19:05:57,393 : 'NoneType' object has no attribute 'get'
decorators [D:\Client_Plan_Automation\app\utils\decorators.py:61]
    
Traceback (most recent call last):
  File "D:\Client_Plan_Automation\app\utils\decorators.py", line 59, in wrapper
    res = func(*args, **kwargs)
  File "D:\Client_Plan_Automation\app\api\search_resource.py", line 19, in post
    taglist = data.get('tag_list')
AttributeError: 'NoneType' object has no attribute 'get'
[ERROR] - 2018-02-05 19:05:57,565 : 'NoneType' object has no attribute 'get'
decorators [D:\Client_Plan_Automation\app\utils\decorators.py:61]
    
Traceback (most recent call last):
  File "D:\Client_Plan_Automation\app\utils\decorators.py", line 59, in wrapper
    res = func(*args, **kwargs)
  File "D:\Client_Plan_Automation\app\api\search_resource.py", line 19, in post
    taglist = data.get('tag_list')
AttributeError: 'NoneType' object has no attribute 'get'
[ERROR] - 2018-02-05 19:05:57,729 : 'NoneType' object has no attribute 'get'
decorators [D:\Client_Plan_Automation\app\utils\decorators.py:61]
    
Traceback (most recent call last):
  File "D:\Client_Plan_Automation\app\utils\decorators.py", line 59, in wrapper
    res = func(*args, **kwargs)
  File "D:\Client_Plan_Automation\app\api\search_resource.py", line 19, in post
    taglist = data.get('tag_list')
AttributeError: 'NoneType' object has no attribute 'get'
[ERROR] - 2018-02-05 20:16:40,771 : 'NoneType' object has no attribute 'get'
decorators [D:\Client_Plan_Automation\app\utils\decorators.py:61]
    
Traceback (most recent call last):
  File "D:\Client_Plan_Automation\app\utils\decorators.py", line 59, in wrapper
    res = func(*args, **kwargs)
  File "D:\Client_Plan_Automation\app\api\search_resource.py", line 19, in post
    taglist = data.get('tag_list')
AttributeError: 'NoneType' object has no attribute 'get'
[ERROR] - 2018-02-05 20:17:57,802 : 'NoneType' object has no attribute 'get'
decorators [D:\Client_Plan_Automation\app\utils\decorators.py:61]
    
Traceback (most recent call last):
  File "D:\Client_Plan_Automation\app\utils\decorators.py", line 59, in wrapper
    res = func(*args, **kwargs)
  File "D:\Client_Plan_Automation\app\api\search_resource.py", line 19, in post
    taglist = data.get('tag_list')
AttributeError: 'NoneType' object has no attribute 'get'
[ERROR] - 2018-02-06 10:05:42,985 : 'dict' object has no attribute 'client_id'
decorators [D:\Client_Plan_Automation\app\utils\decorators.py:61]
    
Traceback (most recent call last):
  File "D:\Client_Plan_Automation\app\utils\decorators.py", line 59, in wrapper
    res = func(*args, **kwargs)
  File "D:\Client_Plan_Automation\app\api\search_resource.py", line 33, in post
    report_list = search_services.get_search_list_by_clientId(taglist.client_id,text)
AttributeError: 'dict' object has no attribute 'client_id'
[ERROR] - 2018-02-06 10:06:29,931 : (psycopg2.ProgrammingError) operator does not exist: timestamp without time zone ~~ unknown
LINE 3: ...E report.client_id = '3M' AND report.updated_time LIKE '%2%'
                                                             ^
HINT:  No operator matches the given name and argument type(s). You might need to add explicit type casts.
 [SQL: 'SELECT report.id AS report_id, report.client_name AS report_client_name, report.client_id AS report_client_id, report.updated_time AS report_updated_time, report.previous_report_id AS report_previous_report_id, report.author AS report_author, report.status AS report_status \nFROM report \nWHERE report.client_id = %(client_id_1)s AND report.updated_time LIKE %(updated_time_1)s'] [parameters: {'client_id_1': '3M', 'updated_time_1': '%2%'}]
decorators [D:\Client_Plan_Automation\app\utils\decorators.py:61]
    
Traceback (most recent call last):
  File "D:\Users\v627607\AppData\Local\Continuum\Anaconda3\envs\snowman\lib\site-packages\sqlalchemy\engine\base.py", line 1182, in _execute_context
    context)
  File "D:\Users\v627607\AppData\Local\Continuum\Anaconda3\envs\snowman\lib\site-packages\sqlalchemy\engine\default.py", line 470, in do_execute
    cursor.execute(statement, parameters)
psycopg2.ProgrammingError: operator does not exist: timestamp without time zone ~~ unknown
LINE 3: ...E report.client_id = '3M' AND report.updated_time LIKE '%2%'
                                                             ^
HINT:  No operator matches the given name and argument type(s). You might need to add explicit type casts.


The above exception was the direct cause of the following exception:

Traceback (most recent call last):
  File "D:\Client_Plan_Automation\app\utils\decorators.py", line 59, in wrapper
    res = func(*args, **kwargs)
  File "D:\Client_Plan_Automation\app\api\search_resource.py", line 33, in post
    report_list = search_services.get_search_list_by_clientId(taglist['client_id'],text)
  File "D:\Client_Plan_Automation\app\services\search_services.py", line 23, in get_search_list_by_clientId
    report = Report.query.filter_by(client_id = client_id).filter(Report.updated_time.like(re_text)).all()
  File "D:\Users\v627607\AppData\Local\Continuum\Anaconda3\envs\snowman\lib\site-packages\sqlalchemy\orm\query.py", line 2703, in all
    return list(self)
  File "D:\Users\v627607\AppData\Local\Continuum\Anaconda3\envs\snowman\lib\site-packages\sqlalchemy\orm\query.py", line 2855, in __iter__
    return self._execute_and_instances(context)
  File "D:\Users\v627607\AppData\Local\Continuum\Anaconda3\envs\snowman\lib\site-packages\sqlalchemy\orm\query.py", line 2878, in _execute_and_instances
    result = conn.execute(querycontext.statement, self._params)
  File "D:\Users\v627607\AppData\Local\Continuum\Anaconda3\envs\snowman\lib\site-packages\sqlalchemy\engine\base.py", line 945, in execute
    return meth(self, multiparams, params)
  File "D:\Users\v627607\AppData\Local\Continuum\Anaconda3\envs\snowman\lib\site-packages\sqlalchemy\sql\elements.py", line 263, in _execute_on_connection
    return connection._execute_clauseelement(self, multiparams, params)
  File "D:\Users\v627607\AppData\Local\Continuum\Anaconda3\envs\snowman\lib\site-packages\sqlalchemy\engine\base.py", line 1053, in _execute_clauseelement
    compiled_sql, distilled_params
  File "D:\Users\v627607\AppData\Local\Continuum\Anaconda3\envs\snowman\lib\site-packages\sqlalchemy\engine\base.py", line 1189, in _execute_context
    context)
  File "D:\Users\v627607\AppData\Local\Continuum\Anaconda3\envs\snowman\lib\site-packages\sqlalchemy\engine\base.py", line 1402, in _handle_dbapi_exception
    exc_info
  File "D:\Users\v627607\AppData\Local\Continuum\Anaconda3\envs\snowman\lib\site-packages\sqlalchemy\util\compat.py", line 203, in raise_from_cause
    reraise(type(exception), exception, tb=exc_tb, cause=cause)
  File "D:\Users\v627607\AppData\Local\Continuum\Anaconda3\envs\snowman\lib\site-packages\sqlalchemy\util\compat.py", line 186, in reraise
    raise value.with_traceback(tb)
  File "D:\Users\v627607\AppData\Local\Continuum\Anaconda3\envs\snowman\lib\site-packages\sqlalchemy\engine\base.py", line 1182, in _execute_context
    context)
  File "D:\Users\v627607\AppData\Local\Continuum\Anaconda3\envs\snowman\lib\site-packages\sqlalchemy\engine\default.py", line 470, in do_execute
    cursor.execute(statement, parameters)
sqlalchemy.exc.ProgrammingError: (psycopg2.ProgrammingError) operator does not exist: timestamp without time zone ~~ unknown
LINE 3: ...E report.client_id = '3M' AND report.updated_time LIKE '%2%'
                                                             ^
HINT:  No operator matches the given name and argument type(s). You might need to add explicit type casts.
 [SQL: 'SELECT report.id AS report_id, report.client_name AS report_client_name, report.client_id AS report_client_id, report.updated_time AS report_updated_time, report.previous_report_id AS report_previous_report_id, report.author AS report_author, report.status AS report_status \nFROM report \nWHERE report.client_id = %(client_id_1)s AND report.updated_time LIKE %(updated_time_1)s'] [parameters: {'client_id_1': '3M', 'updated_time_1': '%2%'}]
[ERROR] - 2018-02-06 10:19:55,643 : list indices must be integers or slices, not str
decorators [D:\Client_Plan_Automation\app\utils\decorators.py:61]
    
Traceback (most recent call last):
  File "D:\Client_Plan_Automation\app\utils\decorators.py", line 59, in wrapper
    res = func(*args, **kwargs)
  File "D:\Client_Plan_Automation\app\api\search_resource.py", line 33, in post
    report_list = search_services.get_search_list_by_clientId(taglist['client_id'],text)
TypeError: list indices must be integers or slices, not str
[ERROR] - 2018-02-06 10:22:37,514 : list indices must be integers or slices, not str
decorators [D:\Client_Plan_Automation\app\utils\decorators.py:61]
    
Traceback (most recent call last):
  File "D:\Client_Plan_Automation\app\utils\decorators.py", line 59, in wrapper
    res = func(*args, **kwargs)
  File "D:\Client_Plan_Automation\app\api\search_resource.py", line 33, in post
    report_list = search_services.get_search_list_by_clientId(taglist['client_id'],text)
TypeError: list indices must be integers or slices, not str
[ERROR] - 2018-02-06 10:49:20,728 : name 'text' is not defined
decorators [D:\Client_Plan_Automation\app\utils\decorators.py:61]
    
Traceback (most recent call last):
  File "D:\Client_Plan_Automation\app\utils\decorators.py", line 59, in wrapper
    res = func(*args, **kwargs)
  File "D:\Client_Plan_Automation\app\api\search_resource.py", line 33, in post
    report_list = search_services.get_search_list_by_clientId(taglist['client_id'])
  File "D:\Client_Plan_Automation\app\services\search_services.py", line 22, in get_search_list_by_clientId
    re_text = '%'+ text +'%'
NameError: name 'text' is not defined
[ERROR] - 2018-02-06 10:52:34,742 : descriptor 'strftime' requires a 'datetime.date' object but received a 'str'
decorators [D:\Client_Plan_Automation\app\utils\decorators.py:61]
    
Traceback (most recent call last):
  File "D:\Client_Plan_Automation\app\utils\decorators.py", line 59, in wrapper
    res = func(*args, **kwargs)
  File "D:\Client_Plan_Automation\app\api\search_resource.py", line 40, in post
    print(datetime.datetime.strftime("%Y-%m-%d %H:%M:%S"))
TypeError: descriptor 'strftime' requires a 'datetime.date' object but received a 'str'
[ERROR] - 2018-02-06 11:04:12,991 : list indices must be integers or slices, not str
decorators [D:\Client_Plan_Automation\app\utils\decorators.py:61]
    
Traceback (most recent call last):
  File "D:\Client_Plan_Automation\app\utils\decorators.py", line 59, in wrapper
    res = func(*args, **kwargs)
  File "D:\Client_Plan_Automation\app\api\search_resource.py", line 33, in post
    report_list = search_services.get_search_list_by_clientId(taglist['client_id'])
TypeError: list indices must be integers or slices, not str
[ERROR] - 2018-02-06 11:36:32,007 : list indices must be integers or slices, not str
decorators [D:\Client_Plan_Automation\app\utils\decorators.py:61]
    
Traceback (most recent call last):
  File "D:\Client_Plan_Automation\app\utils\decorators.py", line 59, in wrapper
    res = func(*args, **kwargs)
  File "D:\Client_Plan_Automation\app\api\search_resource.py", line 33, in post
    report_list = search_services.get_search_list_by_clientId(taglist['client_id'])
TypeError: list indices must be integers or slices, not str
[ERROR] - 2018-02-06 11:37:20,369 : list indices must be integers or slices, not str
decorators [D:\Client_Plan_Automation\app\utils\decorators.py:61]
    
Traceback (most recent call last):
  File "D:\Client_Plan_Automation\app\utils\decorators.py", line 59, in wrapper
    res = func(*args, **kwargs)
  File "D:\Client_Plan_Automation\app\api\search_resource.py", line 33, in post
    report_list = search_services.get_search_list_by_clientId(taglist['client_id'])
TypeError: list indices must be integers or slices, not str
[ERROR] - 2018-02-06 11:37:59,418 : list indices must be integers or slices, not str
decorators [D:\Client_Plan_Automation\app\utils\decorators.py:61]
    
Traceback (most recent call last):
  File "D:\Client_Plan_Automation\app\utils\decorators.py", line 59, in wrapper
    res = func(*args, **kwargs)
  File "D:\Client_Plan_Automation\app\api\search_resource.py", line 33, in post
    report_list = search_services.get_search_list_by_clientId(taglist['client_id'])
TypeError: list indices must be integers or slices, not str
[ERROR] - 2018-02-06 11:38:56,106 : list indices must be integers or slices, not str
decorators [D:\Client_Plan_Automation\app\utils\decorators.py:61]
    
Traceback (most recent call last):
  File "D:\Client_Plan_Automation\app\utils\decorators.py", line 59, in wrapper
    res = func(*args, **kwargs)
  File "D:\Client_Plan_Automation\app\api\search_resource.py", line 33, in post
    report_list = search_services.get_search_list_by_clientId(taglist['client_id'])
TypeError: list indices must be integers or slices, not str
[ERROR] - 2018-02-06 11:44:25,020 : 0
decorators [D:\Client_Plan_Automation\app\utils\decorators.py:61]
    
Traceback (most recent call last):
  File "D:\Client_Plan_Automation\app\utils\decorators.py", line 59, in wrapper
    res = func(*args, **kwargs)
  File "D:\Client_Plan_Automation\app\api\search_resource.py", line 33, in post
    report_list = search_services.get_search_list_by_clientId(taglist[0]['client_id'])
KeyError: 0
[ERROR] - 2018-02-06 11:44:26,161 : 0
decorators [D:\Client_Plan_Automation\app\utils\decorators.py:61]
    
Traceback (most recent call last):
  File "D:\Client_Plan_Automation\app\utils\decorators.py", line 59, in wrapper
    res = func(*args, **kwargs)
  File "D:\Client_Plan_Automation\app\api\search_resource.py", line 33, in post
    report_list = search_services.get_search_list_by_clientId(taglist[0]['client_id'])
KeyError: 0
[ERROR] - 2018-02-06 11:44:58,729 : 'list' object has no attribute 'get'
decorators [D:\Client_Plan_Automation\app\utils\decorators.py:61]
    
Traceback (most recent call last):
  File "D:\Client_Plan_Automation\app\utils\decorators.py", line 59, in wrapper
    res = func(*args, **kwargs)
  File "D:\Client_Plan_Automation\app\api\search_resource.py", line 19, in post
    taglist = data.get('tag_list')
AttributeError: 'list' object has no attribute 'get'
[ERROR] - 2018-02-06 15:47:07,617 : get_search_list_by_text() missing 2 required positional arguments: 'page' and 'per_page'
decorators [D:\Client_Plan_Automation\app\utils\decorators.py:61]
    
Traceback (most recent call last):
  File "D:\Client_Plan_Automation\app\utils\decorators.py", line 59, in wrapper
    res = func(*args, **kwargs)
  File "D:\Client_Plan_Automation\app\api\search_resource.py", line 28, in post
    report_list = search_services.get_search_list_by_text(text)
TypeError: get_search_list_by_text() missing 2 required positional arguments: 'page' and 'per_page'
[ERROR] - 2018-02-06 15:47:08,660 : get_search_list_by_text() missing 2 required positional arguments: 'page' and 'per_page'
decorators [D:\Client_Plan_Automation\app\utils\decorators.py:61]
    
Traceback (most recent call last):
  File "D:\Client_Plan_Automation\app\utils\decorators.py", line 59, in wrapper
    res = func(*args, **kwargs)
  File "D:\Client_Plan_Automation\app\api\search_resource.py", line 28, in post
    report_list = search_services.get_search_list_by_text(text)
TypeError: get_search_list_by_text() missing 2 required positional arguments: 'page' and 'per_page'
[ERROR] - 2018-02-06 15:47:13,059 : get_search_list_by_text() missing 2 required positional arguments: 'page' and 'per_page'
decorators [D:\Client_Plan_Automation\app\utils\decorators.py:61]
    
Traceback (most recent call last):
  File "D:\Client_Plan_Automation\app\utils\decorators.py", line 59, in wrapper
    res = func(*args, **kwargs)
  File "D:\Client_Plan_Automation\app\api\search_resource.py", line 28, in post
    report_list = search_services.get_search_list_by_text(text)
TypeError: get_search_list_by_text() missing 2 required positional arguments: 'page' and 'per_page'
[ERROR] - 2018-02-06 15:47:22,662 : get_search_list_by_text() missing 2 required positional arguments: 'page' and 'per_page'
decorators [D:\Client_Plan_Automation\app\utils\decorators.py:61]
    
Traceback (most recent call last):
  File "D:\Client_Plan_Automation\app\utils\decorators.py", line 59, in wrapper
    res = func(*args, **kwargs)
  File "D:\Client_Plan_Automation\app\api\search_resource.py", line 28, in post
    report_list = search_services.get_search_list_by_text(text)
TypeError: get_search_list_by_text() missing 2 required positional arguments: 'page' and 'per_page'
[ERROR] - 2018-02-06 15:48:02,870 : 'Pagination' object is not iterable
decorators [D:\Client_Plan_Automation\app\utils\decorators.py:61]
    
Traceback (most recent call last):
  File "D:\Client_Plan_Automation\app\utils\decorators.py", line 59, in wrapper
    res = func(*args, **kwargs)
  File "D:\Client_Plan_Automation\app\api\search_resource.py", line 30, in post
    for report in report_list:
TypeError: 'Pagination' object is not iterable
[ERROR] - 2018-02-06 15:48:04,433 : 'Pagination' object is not iterable
decorators [D:\Client_Plan_Automation\app\utils\decorators.py:61]
    
Traceback (most recent call last):
  File "D:\Client_Plan_Automation\app\utils\decorators.py", line 59, in wrapper
    res = func(*args, **kwargs)
  File "D:\Client_Plan_Automation\app\api\search_resource.py", line 30, in post
    for report in report_list:
TypeError: 'Pagination' object is not iterable
[ERROR] - 2018-02-06 15:48:10,422 : 'Pagination' object is not iterable
decorators [D:\Client_Plan_Automation\app\utils\decorators.py:61]
    
Traceback (most recent call last):
  File "D:\Client_Plan_Automation\app\utils\decorators.py", line 59, in wrapper
    res = func(*args, **kwargs)
  File "D:\Client_Plan_Automation\app\api\search_resource.py", line 30, in post
    for report in report_list:
TypeError: 'Pagination' object is not iterable
[ERROR] - 2018-02-06 15:48:11,910 : 'Pagination' object is not iterable
decorators [D:\Client_Plan_Automation\app\utils\decorators.py:61]
    
Traceback (most recent call last):
  File "D:\Client_Plan_Automation\app\utils\decorators.py", line 59, in wrapper
    res = func(*args, **kwargs)
  File "D:\Client_Plan_Automation\app\api\search_resource.py", line 30, in post
    for report in report_list:
TypeError: 'Pagination' object is not iterable
[ERROR] - 2018-02-06 15:52:40,526 : name 'client_name' is not defined
decorators [D:\Client_Plan_Automation\app\utils\decorators.py:61]
    
Traceback (most recent call last):
  File "D:\Client_Plan_Automation\app\utils\decorators.py", line 59, in wrapper
    res = func(*args, **kwargs)
  File "D:\Client_Plan_Automation\app\api\search_resource.py", line 38, in post
    report_list = search_services.get_search_list_by_clientId(taglist[0]['client_id'], page, page_size)
  File "D:\Client_Plan_Automation\app\services\search_services.py", line 22, in get_search_list_by_clientId
    report = Report.query.filter_by(client_id = client_id).order_by(client_name.desc()).paginate(page,per_page,error_out=False)
NameError: name 'client_name' is not defined
[ERROR] - 2018-02-06 15:53:30,136 : 'str' object has no attribute 'desc'
decorators [D:\Client_Plan_Automation\app\utils\decorators.py:61]
    
Traceback (most recent call last):
  File "D:\Client_Plan_Automation\app\utils\decorators.py", line 59, in wrapper
    res = func(*args, **kwargs)
  File "D:\Client_Plan_Automation\app\api\search_resource.py", line 38, in post
    report_list = search_services.get_search_list_by_clientId(taglist[0]['client_id'], page, page_size)
  File "D:\Client_Plan_Automation\app\services\search_services.py", line 22, in get_search_list_by_clientId
    report = Report.query.filter_by(client_id = client_id).order_by(client_id.desc()).paginate(page,per_page,error_out=False)
AttributeError: 'str' object has no attribute 'desc'
[ERROR] - 2018-02-06 15:54:47,474 : name 'update_time' is not defined
decorators [D:\Client_Plan_Automation\app\utils\decorators.py:61]
    
Traceback (most recent call last):
  File "D:\Client_Plan_Automation\app\utils\decorators.py", line 59, in wrapper
    res = func(*args, **kwargs)
  File "D:\Client_Plan_Automation\app\api\search_resource.py", line 38, in post
    report_list = search_services.get_search_list_by_clientId(taglist[0]['client_id'], page, page_size)
  File "D:\Client_Plan_Automation\app\services\search_services.py", line 22, in get_search_list_by_clientId
    report = Report.query.filter_by(client_id = client_id).order_by(update_time.desc()).paginate(page,per_page,error_out=False)
NameError: name 'update_time' is not defined
[ERROR] - 2018-02-06 15:55:13,630 : name 'updated_time' is not defined
decorators [D:\Client_Plan_Automation\app\utils\decorators.py:61]
    
Traceback (most recent call last):
  File "D:\Client_Plan_Automation\app\utils\decorators.py", line 59, in wrapper
    res = func(*args, **kwargs)
  File "D:\Client_Plan_Automation\app\api\search_resource.py", line 38, in post
    report_list = search_services.get_search_list_by_clientId(taglist[0]['client_id'], page, page_size)
  File "D:\Client_Plan_Automation\app\services\search_services.py", line 22, in get_search_list_by_clientId
    report = Report.query.filter_by(client_id = client_id).order_by(updated_time.desc()).paginate(page,per_page,error_out=False)
NameError: name 'updated_time' is not defined
[ERROR] - 2018-02-06 15:55:16,911 : name 'updated_time' is not defined
decorators [D:\Client_Plan_Automation\app\utils\decorators.py:61]
    
Traceback (most recent call last):
  File "D:\Client_Plan_Automation\app\utils\decorators.py", line 59, in wrapper
    res = func(*args, **kwargs)
  File "D:\Client_Plan_Automation\app\api\search_resource.py", line 38, in post
    report_list = search_services.get_search_list_by_clientId(taglist[0]['client_id'], page, page_size)
  File "D:\Client_Plan_Automation\app\services\search_services.py", line 22, in get_search_list_by_clientId
    report = Report.query.filter_by(client_id = client_id).order_by(updated_time.desc()).paginate(page,per_page,error_out=False)
NameError: name 'updated_time' is not defined
[ERROR] - 2018-02-06 15:55:20,677 : name 'updated_time' is not defined
decorators [D:\Client_Plan_Automation\app\utils\decorators.py:61]
    
Traceback (most recent call last):
  File "D:\Client_Plan_Automation\app\utils\decorators.py", line 59, in wrapper
    res = func(*args, **kwargs)
  File "D:\Client_Plan_Automation\app\api\search_resource.py", line 38, in post
    report_list = search_services.get_search_list_by_clientId(taglist[0]['client_id'], page, page_size)
  File "D:\Client_Plan_Automation\app\services\search_services.py", line 22, in get_search_list_by_clientId
    report = Report.query.filter_by(client_id = client_id).order_by(updated_time.desc()).paginate(page,per_page,error_out=False)
NameError: name 'updated_time' is not defined
[ERROR] - 2018-02-06 15:55:21,792 : name 'updated_time' is not defined
decorators [D:\Client_Plan_Automation\app\utils\decorators.py:61]
    
Traceback (most recent call last):
  File "D:\Client_Plan_Automation\app\utils\decorators.py", line 59, in wrapper
    res = func(*args, **kwargs)
  File "D:\Client_Plan_Automation\app\api\search_resource.py", line 38, in post
    report_list = search_services.get_search_list_by_clientId(taglist[0]['client_id'], page, page_size)
  File "D:\Client_Plan_Automation\app\services\search_services.py", line 22, in get_search_list_by_clientId
    report = Report.query.filter_by(client_id = client_id).order_by(updated_time.desc()).paginate(page,per_page,error_out=False)
NameError: name 'updated_time' is not defined
[ERROR] - 2018-02-06 15:55:22,692 : name 'updated_time' is not defined
decorators [D:\Client_Plan_Automation\app\utils\decorators.py:61]
    
Traceback (most recent call last):
  File "D:\Client_Plan_Automation\app\utils\decorators.py", line 59, in wrapper
    res = func(*args, **kwargs)
  File "D:\Client_Plan_Automation\app\api\search_resource.py", line 38, in post
    report_list = search_services.get_search_list_by_clientId(taglist[0]['client_id'], page, page_size)
  File "D:\Client_Plan_Automation\app\services\search_services.py", line 22, in get_search_list_by_clientId
    report = Report.query.filter_by(client_id = client_id).order_by(updated_time.desc()).paginate(page,per_page,error_out=False)
NameError: name 'updated_time' is not defined
[ERROR] - 2018-02-06 16:04:55,530 : name 'per_page' is not defined
decorators [D:\Client_Plan_Automation\app\utils\decorators.py:61]
    
Traceback (most recent call last):
  File "D:\Client_Plan_Automation\app\utils\decorators.py", line 59, in wrapper
    res = func(*args, **kwargs)
  File "D:\Client_Plan_Automation\app\api\search_resource.py", line 38, in post
    report_list = search_services.get_search_list_by_clientId(taglist[0]['client_id'], page, page_size)
  File "D:\Client_Plan_Automation\app\services\search_services.py", line 23, in get_search_list_by_clientId
    report = Report.query.filter_by(client_id= client_id).order_by(Report.updated_time.desc()).paginate(page,per_page,error_out=False)
NameError: name 'per_page' is not defined
[ERROR] - 2018-02-06 16:05:08,799 : 'Pagination' object is not iterable
decorators [D:\Client_Plan_Automation\app\utils\decorators.py:61]
    
Traceback (most recent call last):
  File "D:\Client_Plan_Automation\app\utils\decorators.py", line 59, in wrapper
    res = func(*args, **kwargs)
  File "D:\Client_Plan_Automation\app\api\search_resource.py", line 41, in post
    timestample_dict = {report.updated_time.strftime("%Y-%m-%d"):time_utils.datetime_to_timestamp(report.updated_time) for report in report_list}
TypeError: 'Pagination' object is not iterable
[ERROR] - 2018-02-06 16:09:35,484 : 'Pagination' object is not iterable
decorators [D:\Client_Plan_Automation\app\utils\decorators.py:61]
    
Traceback (most recent call last):
  File "D:\Client_Plan_Automation\app\utils\decorators.py", line 59, in wrapper
    res = func(*args, **kwargs)
  File "D:\Client_Plan_Automation\app\api\search_resource.py", line 42, in post
    timestample_dict = {report.updated_time.strftime("%Y-%m-%d"):time_utils.datetime_to_timestamp(report.updated_time) for report in report_list}
TypeError: 'Pagination' object is not iterable
[ERROR] - 2018-02-06 16:16:16,461 : 'int' object has no attribute 'updated_time'
decorators [D:\Client_Plan_Automation\app\utils\decorators.py:61]
    
Traceback (most recent call last):
  File "D:\Client_Plan_Automation\app\utils\decorators.py", line 59, in wrapper
    res = func(*args, **kwargs)
  File "D:\Client_Plan_Automation\app\api\search_resource.py", line 42, in post
    timestample_dict = {report.updated_time.strftime("%Y-%m-%d"):time_utils.datetime_to_timestamp(report.updated_time) for report in report_list.iter_pages()}
  File "D:\Client_Plan_Automation\app\api\search_resource.py", line 42, in <dictcomp>
    timestample_dict = {report.updated_time.strftime("%Y-%m-%d"):time_utils.datetime_to_timestamp(report.updated_time) for report in report_list.iter_pages()}
AttributeError: 'int' object has no attribute 'updated_time'
[ERROR] - 2018-02-06 16:18:09,712 : 'list' object is not callable
decorators [D:\Client_Plan_Automation\app\utils\decorators.py:61]
    
Traceback (most recent call last):
  File "D:\Client_Plan_Automation\app\utils\decorators.py", line 59, in wrapper
    res = func(*args, **kwargs)
  File "D:\Client_Plan_Automation\app\api\search_resource.py", line 42, in post
    timestample_dict = {report.updated_time.strftime("%Y-%m-%d"):time_utils.datetime_to_timestamp(report.updated_time) for report in report_list.items()}
TypeError: 'list' object is not callable
[ERROR] - 2018-02-06 16:19:03,624 : 'list' object is not callable
decorators [D:\Client_Plan_Automation\app\utils\decorators.py:61]
    
Traceback (most recent call last):
  File "D:\Client_Plan_Automation\app\utils\decorators.py", line 59, in wrapper
    res = func(*args, **kwargs)
  File "D:\Client_Plan_Automation\app\api\search_resource.py", line 41, in post
    print(report_list.items())
TypeError: 'list' object is not callable
[ERROR] - 2018-02-06 16:19:42,750 : 'list' object is not callable
decorators [D:\Client_Plan_Automation\app\utils\decorators.py:61]
    
Traceback (most recent call last):
  File "D:\Client_Plan_Automation\app\utils\decorators.py", line 59, in wrapper
    res = func(*args, **kwargs)
  File "D:\Client_Plan_Automation\app\api\search_resource.py", line 41, in post
    print(report_list.items())
TypeError: 'list' object is not callable
[ERROR] - 2018-02-06 16:21:45,700 : 'list' object is not callable
decorators [D:\Client_Plan_Automation\app\utils\decorators.py:61]
    
Traceback (most recent call last):
  File "D:\Client_Plan_Automation\app\utils\decorators.py", line 59, in wrapper
    res = func(*args, **kwargs)
  File "D:\Client_Plan_Automation\app\api\search_resource.py", line 41, in post
    print(report.items())
TypeError: 'list' object is not callable
[ERROR] - 2018-02-06 16:23:12,544 : 'list' object has no attribute 'items'
decorators [D:\Client_Plan_Automation\app\utils\decorators.py:61]
    
Traceback (most recent call last):
  File "D:\Client_Plan_Automation\app\utils\decorators.py", line 59, in wrapper
    res = func(*args, **kwargs)
  File "D:\Client_Plan_Automation\app\api\search_resource.py", line 42, in post
    timestample_dict = {report.updated_time.strftime("%Y-%m-%d"):time_utils.datetime_to_timestamp(report.updated_time) for report in report_list.items}
AttributeError: 'list' object has no attribute 'items'
[ERROR] - 2018-02-06 16:32:37,852 : local variable 'page' referenced before assignment
decorators [D:\Client_Plan_Automation\app\utils\decorators.py:61]
    
Traceback (most recent call last):
  File "D:\Client_Plan_Automation\app\utils\decorators.py", line 59, in wrapper
    res = func(*args, **kwargs)
  File "D:\Client_Plan_Automation\app\api\search_resource.py", line 39, in post
    report_list = search_services.get_search_list_by_clientId(taglist[0]['client_id'], page, page_size)
UnboundLocalError: local variable 'page' referenced before assignment
[ERROR] - 2018-02-06 16:33:04,796 : local variable 'page_size' referenced before assignment
decorators [D:\Client_Plan_Automation\app\utils\decorators.py:61]
    
Traceback (most recent call last):
  File "D:\Client_Plan_Automation\app\utils\decorators.py", line 59, in wrapper
    res = func(*args, **kwargs)
  File "D:\Client_Plan_Automation\app\api\search_resource.py", line 39, in post
    report_list = search_services.get_search_list_by_clientId(taglist[0]['client_id'], page, page_size)
UnboundLocalError: local variable 'page_size' referenced before assignment
[ERROR] - 2018-02-06 16:52:10,461 : 'Pagination' object is not iterable
decorators [D:\Client_Plan_Automation\app\utils\decorators.py:61]
    
Traceback (most recent call last):
  File "D:\Client_Plan_Automation\app\utils\decorators.py", line 59, in wrapper
    res = func(*args, **kwargs)
  File "D:\Client_Plan_Automation\app\api\search_resource.py", line 33, in post
    for report in report_list:
TypeError: 'Pagination' object is not iterable
[ERROR] - 2018-02-07 16:21:32,669 : 0
decorators [D:\Client_Plan_Automation\app\utils\decorators.py:61]
    
Traceback (most recent call last):
  File "D:\Client_Plan_Automation\app\utils\decorators.py", line 59, in wrapper
    res = func(*args, **kwargs)
  File "D:\Client_Plan_Automation\app\api\search_resource.py", line 40, in post
    report_list = search_services.get_search_list_by_clientId(taglist[0]['client_id'], page, page_size)
KeyError: 0
[ERROR] - 2018-02-07 16:21:32,711 : 0
decorators [D:\Client_Plan_Automation\app\utils\decorators.py:61]
    
Traceback (most recent call last):
  File "D:\Client_Plan_Automation\app\utils\decorators.py", line 59, in wrapper
    res = func(*args, **kwargs)
  File "D:\Client_Plan_Automation\app\api\search_resource.py", line 40, in post
    report_list = search_services.get_search_list_by_clientId(taglist[0]['client_id'], page, page_size)
KeyError: 0
[ERROR] - 2018-02-07 16:21:32,758 : 0
decorators [D:\Client_Plan_Automation\app\utils\decorators.py:61]
    
Traceback (most recent call last):
  File "D:\Client_Plan_Automation\app\utils\decorators.py", line 59, in wrapper
    res = func(*args, **kwargs)
  File "D:\Client_Plan_Automation\app\api\search_resource.py", line 40, in post
    report_list = search_services.get_search_list_by_clientId(taglist[0]['client_id'], page, page_size)
KeyError: 0
[ERROR] - 2018-02-07 16:21:32,805 : 0
decorators [D:\Client_Plan_Automation\app\utils\decorators.py:61]
    
Traceback (most recent call last):
  File "D:\Client_Plan_Automation\app\utils\decorators.py", line 59, in wrapper
    res = func(*args, **kwargs)
  File "D:\Client_Plan_Automation\app\api\search_resource.py", line 40, in post
    report_list = search_services.get_search_list_by_clientId(taglist[0]['client_id'], page, page_size)
KeyError: 0
[ERROR] - 2018-02-07 16:21:32,821 : 0
decorators [D:\Client_Plan_Automation\app\utils\decorators.py:61]
    
Traceback (most recent call last):
  File "D:\Client_Plan_Automation\app\utils\decorators.py", line 59, in wrapper
    res = func(*args, **kwargs)
  File "D:\Client_Plan_Automation\app\api\search_resource.py", line 40, in post
    report_list = search_services.get_search_list_by_clientId(taglist[0]['client_id'], page, page_size)
KeyError: 0
[ERROR] - 2018-02-07 16:21:32,899 : 0
decorators [D:\Client_Plan_Automation\app\utils\decorators.py:61]
    
Traceback (most recent call last):
  File "D:\Client_Plan_Automation\app\utils\decorators.py", line 59, in wrapper
    res = func(*args, **kwargs)
  File "D:\Client_Plan_Automation\app\api\search_resource.py", line 40, in post
    report_list = search_services.get_search_list_by_clientId(taglist[0]['client_id'], page, page_size)
KeyError: 0
[ERROR] - 2018-02-07 16:21:32,961 : 0
decorators [D:\Client_Plan_Automation\app\utils\decorators.py:61]
    
Traceback (most recent call last):
  File "D:\Client_Plan_Automation\app\utils\decorators.py", line 59, in wrapper
    res = func(*args, **kwargs)
  File "D:\Client_Plan_Automation\app\api\search_resource.py", line 40, in post
    report_list = search_services.get_search_list_by_clientId(taglist[0]['client_id'], page, page_size)
KeyError: 0
[ERROR] - 2018-02-07 16:21:33,040 : 0
decorators [D:\Client_Plan_Automation\app\utils\decorators.py:61]
    
Traceback (most recent call last):
  File "D:\Client_Plan_Automation\app\utils\decorators.py", line 59, in wrapper
    res = func(*args, **kwargs)
  File "D:\Client_Plan_Automation\app\api\search_resource.py", line 40, in post
    report_list = search_services.get_search_list_by_clientId(taglist[0]['client_id'], page, page_size)
KeyError: 0
[ERROR] - 2018-02-07 16:21:33,102 : 0
decorators [D:\Client_Plan_Automation\app\utils\decorators.py:61]
    
Traceback (most recent call last):
  File "D:\Client_Plan_Automation\app\utils\decorators.py", line 59, in wrapper
    res = func(*args, **kwargs)
  File "D:\Client_Plan_Automation\app\api\search_resource.py", line 40, in post
    report_list = search_services.get_search_list_by_clientId(taglist[0]['client_id'], page, page_size)
KeyError: 0
[ERROR] - 2018-02-07 16:21:33,227 : 0
decorators [D:\Client_Plan_Automation\app\utils\decorators.py:61]
    
Traceback (most recent call last):
  File "D:\Client_Plan_Automation\app\utils\decorators.py", line 59, in wrapper
    res = func(*args, **kwargs)
  File "D:\Client_Plan_Automation\app\api\search_resource.py", line 40, in post
    report_list = search_services.get_search_list_by_clientId(taglist[0]['client_id'], page, page_size)
KeyError: 0
[ERROR] - 2018-02-07 16:21:33,430 : 0
decorators [D:\Client_Plan_Automation\app\utils\decorators.py:61]
    
Traceback (most recent call last):
  File "D:\Client_Plan_Automation\app\utils\decorators.py", line 59, in wrapper
    res = func(*args, **kwargs)
  File "D:\Client_Plan_Automation\app\api\search_resource.py", line 40, in post
    report_list = search_services.get_search_list_by_clientId(taglist[0]['client_id'], page, page_size)
KeyError: 0
[ERROR] - 2018-02-07 16:21:33,574 : 0
decorators [D:\Client_Plan_Automation\app\utils\decorators.py:61]
    
Traceback (most recent call last):
  File "D:\Client_Plan_Automation\app\utils\decorators.py", line 59, in wrapper
    res = func(*args, **kwargs)
  File "D:\Client_Plan_Automation\app\api\search_resource.py", line 40, in post
    report_list = search_services.get_search_list_by_clientId(taglist[0]['client_id'], page, page_size)
KeyError: 0
[ERROR] - 2018-02-07 20:11:44,058 : get() got an unexpected keyword argument 'client_id'
decorators [D:\Client_Plan_Automation\app\utils\decorators.py:61]
    
Traceback (most recent call last):
  File "D:\Client_Plan_Automation\app\utils\decorators.py", line 59, in wrapper
    res = func(*args, **kwargs)
TypeError: get() got an unexpected keyword argument 'client_id'
[ERROR] - 2018-02-07 20:13:21,643 : name 'report_sqls' is not defined
decorators [D:\Client_Plan_Automation\app\utils\decorators.py:61]
    
Traceback (most recent call last):
  File "D:\Client_Plan_Automation\app\utils\decorators.py", line 59, in wrapper
    res = func(*args, **kwargs)
  File "D:\Client_Plan_Automation\app\api\report_resource.py", line 7, in get
    r_dic = report_services.get_report_by_client_name_and_time(client_id, time)
  File "D:\Client_Plan_Automation\app\services\report_services.py", line 17, in get_report_by_client_name_and_time
    report = raw_db.query(report_sqls.report_detail_sqls, time = update_time).all()
NameError: name 'report_sqls' is not defined
[ERROR] - 2018-02-07 20:13:53,103 : 'str' object has no attribute 'report_detail_sqls'
decorators [D:\Client_Plan_Automation\app\utils\decorators.py:61]
    
Traceback (most recent call last):
  File "D:\Client_Plan_Automation\app\utils\decorators.py", line 59, in wrapper
    res = func(*args, **kwargs)
  File "D:\Client_Plan_Automation\app\api\report_resource.py", line 7, in get
    r_dic = report_services.get_report_by_client_name_and_time(client_id, time)
  File "D:\Client_Plan_Automation\app\services\report_services.py", line 17, in get_report_by_client_name_and_time
    report = raw_db.query(report_detail_sqls.report_detail_sqls, time = update_time).all()
AttributeError: 'str' object has no attribute 'report_detail_sqls'
[ERROR] - 2018-02-07 20:14:24,593 : name 'update_time' is not defined
decorators [D:\Client_Plan_Automation\app\utils\decorators.py:61]
    
Traceback (most recent call last):
  File "D:\Client_Plan_Automation\app\utils\decorators.py", line 59, in wrapper
    res = func(*args, **kwargs)
  File "D:\Client_Plan_Automation\app\api\report_resource.py", line 7, in get
    r_dic = report_services.get_report_by_client_name_and_time(client_id, time)
  File "D:\Client_Plan_Automation\app\services\report_services.py", line 17, in get_report_by_client_name_and_time
    report = raw_db.query(report_detail_sqls, time = update_time).all()
NameError: name 'update_time' is not defined
[ERROR] - 2018-02-07 20:14:42,539 : 'list' object has no attribute 'to_dict'
decorators [D:\Client_Plan_Automation\app\utils\decorators.py:61]
    
Traceback (most recent call last):
  File "D:\Client_Plan_Automation\app\utils\decorators.py", line 59, in wrapper
    res = func(*args, **kwargs)
  File "D:\Client_Plan_Automation\app\api\report_resource.py", line 8, in get
    return r_dic.to_dict()
AttributeError: 'list' object has no attribute 'to_dict'
[ERROR] - 2018-02-07 20:14:45,512 : 'list' object has no attribute 'to_dict'
decorators [D:\Client_Plan_Automation\app\utils\decorators.py:61]
    
Traceback (most recent call last):
  File "D:\Client_Plan_Automation\app\utils\decorators.py", line 59, in wrapper
    res = func(*args, **kwargs)
  File "D:\Client_Plan_Automation\app\api\report_resource.py", line 8, in get
    return r_dic.to_dict()
AttributeError: 'list' object has no attribute 'to_dict'
[ERROR] - 2018-02-07 20:15:21,874 : 'list' object has no attribute 'to_dict'
decorators [D:\Client_Plan_Automation\app\utils\decorators.py:61]
    
Traceback (most recent call last):
  File "D:\Client_Plan_Automation\app\utils\decorators.py", line 59, in wrapper
    res = func(*args, **kwargs)
  File "D:\Client_Plan_Automation\app\api\report_resource.py", line 8, in get
    return r_dic.to_dict()
AttributeError: 'list' object has no attribute 'to_dict'
[ERROR] - 2018-02-07 20:15:24,749 : 'list' object has no attribute 'to_dict'
decorators [D:\Client_Plan_Automation\app\utils\decorators.py:61]
    
Traceback (most recent call last):
  File "D:\Client_Plan_Automation\app\utils\decorators.py", line 59, in wrapper
    res = func(*args, **kwargs)
  File "D:\Client_Plan_Automation\app\api\report_resource.py", line 8, in get
    return r_dic.to_dict()
AttributeError: 'list' object has no attribute 'to_dict'
[ERROR] - 2018-02-07 20:15:26,277 : 'list' object has no attribute 'to_dict'
decorators [D:\Client_Plan_Automation\app\utils\decorators.py:61]
    
Traceback (most recent call last):
  File "D:\Client_Plan_Automation\app\utils\decorators.py", line 59, in wrapper
    res = func(*args, **kwargs)
  File "D:\Client_Plan_Automation\app\api\report_resource.py", line 8, in get
    return r_dic.to_dict()
AttributeError: 'list' object has no attribute 'to_dict'
[ERROR] - 2018-02-07 20:15:29,993 : 'list' object has no attribute 'to_dict'
decorators [D:\Client_Plan_Automation\app\utils\decorators.py:61]
    
Traceback (most recent call last):
  File "D:\Client_Plan_Automation\app\utils\decorators.py", line 59, in wrapper
    res = func(*args, **kwargs)
  File "D:\Client_Plan_Automation\app\api\report_resource.py", line 8, in get
    return r_dic.to_dict()
AttributeError: 'list' object has no attribute 'to_dict'
[ERROR] - 2018-02-07 20:16:51,692 : 'list' object has no attribute 'to_dict'
decorators [D:\Client_Plan_Automation\app\utils\decorators.py:61]
    
Traceback (most recent call last):
  File "D:\Client_Plan_Automation\app\utils\decorators.py", line 59, in wrapper
    res = func(*args, **kwargs)
  File "D:\Client_Plan_Automation\app\api\report_resource.py", line 9, in get
    return r_dic.to_dict()
AttributeError: 'list' object has no attribute 'to_dict'
[ERROR] - 2018-02-07 20:23:38,431 : 'list' object has no attribute 'to_dict'
decorators [D:\Client_Plan_Automation\app\utils\decorators.py:61]
    
Traceback (most recent call last):
  File "D:\Client_Plan_Automation\app\utils\decorators.py", line 59, in wrapper
    res = func(*args, **kwargs)
  File "D:\Client_Plan_Automation\app\api\report_resource.py", line 9, in get
    return r_dic.to_dict()
AttributeError: 'list' object has no attribute 'to_dict'
[ERROR] - 2018-02-07 20:24:19,170 : RecordCollection contains too many rows.
decorators [D:\Client_Plan_Automation\app\utils\decorators.py:61]
    
Traceback (most recent call last):
  File "D:\Client_Plan_Automation\app\utils\decorators.py", line 59, in wrapper
    res = func(*args, **kwargs)
  File "D:\Client_Plan_Automation\app\api\report_resource.py", line 7, in get
    r_dic = report_services.get_report_by_client_name_and_time(client_id, time)
  File "D:\Client_Plan_Automation\app\services\report_services.py", line 17, in get_report_by_client_name_and_time
    report = raw_db.query(report_detail_sqls).first()
  File "D:\Client_Plan_Automation\app\utils\records.py", line 242, in first
    raise ValueError('RecordCollection contains too many rows.')
ValueError: RecordCollection contains too many rows.
[ERROR] - 2018-02-07 20:25:58,128 : (psycopg2.ProgrammingError) column reference "report_id" is ambiguous
LINE 70:  WHERE report_id = 1
                ^
 [SQL: '\nSELECT  r.client_name,\n        address1,\n        city,\n        state,\n        zipcode,\n        client_start_date,\n        executive_summary,\n        bu_division,\n        segment,\n        sub,\n        bu_relationship_managers,\n        coo,\n        ss_top_50,\n        tier,\n        core_ops_auditlocation,\n        pna_team_lead_site_lead,\n        pna_lead,\n        pna_last_visit,\n        senior_contact_name,\n        senior_contact_email,\n        senior_contact_tel,\n        primary_contact_name,\n        primary_contact_email,\n        primary_contact_tel,\n        isa_portal,\n        pna_whatchlist,\n        since,\n        late_deliverables_qtr,\n        error_memos_qstrs,\n        asset_size,\n        total_pna_revenue,\n        direct_revenue,\n        indirect_revenue,\n        margin_revenue,\n        total_ss_revenue,\n        market_data_fees,\n        market_data_billed,\n        contract_ex, \n        overview,\n        details,\n        executive_engagement,\n        executive_engagement_last_visit,\n        cab,\n        client_service, \n        client_service_last_visit,\n        client_service_next_visit,\n        solutions,\n        solutions_last_visit,\n        discussion,\n        discussion_next_visit,\n        future_engagement_plan,\n        sentiment_score,\n        survey_date,\n        survey_history,\n        client_comments,\n        weaknesses,\n        strengths,\n        opportunity,\n        threats,\n        opportunity_name,\n        probability,\n        projected_revenue\n FROM public.report as r\n                   LEFT JOIN public.basic_info as bi on bi.report_id = r.id\n                   LEFT JOIN public.business_dev_opp as bdo on bdo.report_id = r.id\n                   LEFT JOIN public.client_sentiment as cs on cs.report_id = r.id\n                   LEFT JOIN public.revenue_strategy as rs on rs.report_id = r.id\n                   LEFT JOIN public.engagement_strategy as s on s.report_id = r.id\n WHERE report_id = 1\n']
decorators [D:\Client_Plan_Automation\app\utils\decorators.py:61]
    
Traceback (most recent call last):
  File "D:\Users\v627607\AppData\Local\Continuum\Anaconda3\envs\snowman\lib\site-packages\sqlalchemy\engine\base.py", line 1182, in _execute_context
    context)
  File "D:\Users\v627607\AppData\Local\Continuum\Anaconda3\envs\snowman\lib\site-packages\sqlalchemy\engine\default.py", line 470, in do_execute
    cursor.execute(statement, parameters)
psycopg2.ProgrammingError: column reference "report_id" is ambiguous
LINE 70:  WHERE report_id = 1
                ^


The above exception was the direct cause of the following exception:

Traceback (most recent call last):
  File "D:\Client_Plan_Automation\app\utils\decorators.py", line 59, in wrapper
    res = func(*args, **kwargs)
  File "D:\Client_Plan_Automation\app\api\report_resource.py", line 7, in get
    r_dic = report_services.get_report_by_client_name_and_time(client_id, time)
  File "D:\Client_Plan_Automation\app\services\report_services.py", line 17, in get_report_by_client_name_and_time
    report = raw_db.query(report_detail_sqls).first()
  File "D:\Client_Plan_Automation\app\utils\records.py", line 291, in query
    cursor = self.db.engine.execute(text(query), *pos_params ,**dic_params,) # TODO: PARAMS GO HERE
  File "D:\Users\v627607\AppData\Local\Continuum\Anaconda3\envs\snowman\lib\site-packages\sqlalchemy\engine\base.py", line 2064, in execute
    return connection.execute(statement, *multiparams, **params)
  File "D:\Users\v627607\AppData\Local\Continuum\Anaconda3\envs\snowman\lib\site-packages\sqlalchemy\engine\base.py", line 945, in execute
    return meth(self, multiparams, params)
  File "D:\Users\v627607\AppData\Local\Continuum\Anaconda3\envs\snowman\lib\site-packages\sqlalchemy\sql\elements.py", line 263, in _execute_on_connection
    return connection._execute_clauseelement(self, multiparams, params)
  File "D:\Users\v627607\AppData\Local\Continuum\Anaconda3\envs\snowman\lib\site-packages\sqlalchemy\engine\base.py", line 1053, in _execute_clauseelement
    compiled_sql, distilled_params
  File "D:\Users\v627607\AppData\Local\Continuum\Anaconda3\envs\snowman\lib\site-packages\sqlalchemy\engine\base.py", line 1189, in _execute_context
    context)
  File "D:\Users\v627607\AppData\Local\Continuum\Anaconda3\envs\snowman\lib\site-packages\sqlalchemy\engine\base.py", line 1402, in _handle_dbapi_exception
    exc_info
  File "D:\Users\v627607\AppData\Local\Continuum\Anaconda3\envs\snowman\lib\site-packages\sqlalchemy\util\compat.py", line 203, in raise_from_cause
    reraise(type(exception), exception, tb=exc_tb, cause=cause)
  File "D:\Users\v627607\AppData\Local\Continuum\Anaconda3\envs\snowman\lib\site-packages\sqlalchemy\util\compat.py", line 186, in reraise
    raise value.with_traceback(tb)
  File "D:\Users\v627607\AppData\Local\Continuum\Anaconda3\envs\snowman\lib\site-packages\sqlalchemy\engine\base.py", line 1182, in _execute_context
    context)
  File "D:\Users\v627607\AppData\Local\Continuum\Anaconda3\envs\snowman\lib\site-packages\sqlalchemy\engine\default.py", line 470, in do_execute
    cursor.execute(statement, parameters)
sqlalchemy.exc.ProgrammingError: (psycopg2.ProgrammingError) column reference "report_id" is ambiguous
LINE 70:  WHERE report_id = 1
                ^
 [SQL: '\nSELECT  r.client_name,\n        address1,\n        city,\n        state,\n        zipcode,\n        client_start_date,\n        executive_summary,\n        bu_division,\n        segment,\n        sub,\n        bu_relationship_managers,\n        coo,\n        ss_top_50,\n        tier,\n        core_ops_auditlocation,\n        pna_team_lead_site_lead,\n        pna_lead,\n        pna_last_visit,\n        senior_contact_name,\n        senior_contact_email,\n        senior_contact_tel,\n        primary_contact_name,\n        primary_contact_email,\n        primary_contact_tel,\n        isa_portal,\n        pna_whatchlist,\n        since,\n        late_deliverables_qtr,\n        error_memos_qstrs,\n        asset_size,\n        total_pna_revenue,\n        direct_revenue,\n        indirect_revenue,\n        margin_revenue,\n        total_ss_revenue,\n        market_data_fees,\n        market_data_billed,\n        contract_ex, \n        overview,\n        details,\n        executive_engagement,\n        executive_engagement_last_visit,\n        cab,\n        client_service, \n        client_service_last_visit,\n        client_service_next_visit,\n        solutions,\n        solutions_last_visit,\n        discussion,\n        discussion_next_visit,\n        future_engagement_plan,\n        sentiment_score,\n        survey_date,\n        survey_history,\n        client_comments,\n        weaknesses,\n        strengths,\n        opportunity,\n        threats,\n        opportunity_name,\n        probability,\n        projected_revenue\n FROM public.report as r\n                   LEFT JOIN public.basic_info as bi on bi.report_id = r.id\n                   LEFT JOIN public.business_dev_opp as bdo on bdo.report_id = r.id\n                   LEFT JOIN public.client_sentiment as cs on cs.report_id = r.id\n                   LEFT JOIN public.revenue_strategy as rs on rs.report_id = r.id\n                   LEFT JOIN public.engagement_strategy as s on s.report_id = r.id\n WHERE report_id = 1\n']
[ERROR] - 2018-02-07 20:50:30,671 : get() got an unexpected keyword argument 'client_id'
decorators [D:\Client_Plan_Automation\app\utils\decorators.py:61]
    
Traceback (most recent call last):
  File "D:\Client_Plan_Automation\app\utils\decorators.py", line 59, in wrapper
    res = func(*args, **kwargs)
TypeError: get() got an unexpected keyword argument 'client_id'
[ERROR] - 2018-02-07 20:50:40,802 : get() got an unexpected keyword argument 'client_id'
decorators [D:\Client_Plan_Automation\app\utils\decorators.py:61]
    
Traceback (most recent call last):
  File "D:\Client_Plan_Automation\app\utils\decorators.py", line 59, in wrapper
    res = func(*args, **kwargs)
TypeError: get() got an unexpected keyword argument 'client_id'
[ERROR] - 2018-02-07 20:51:32,247 : name 'report_id' is not defined
decorators [D:\Client_Plan_Automation\app\utils\decorators.py:61]
    
Traceback (most recent call last):
  File "D:\Client_Plan_Automation\app\utils\decorators.py", line 59, in wrapper
    res = func(*args, **kwargs)
  File "D:\Client_Plan_Automation\app\api\report_resource.py", line 7, in get
    r_dic = report_services.get_report_by_report_id(report_id)
NameError: name 'report_id' is not defined
[ERROR] - 2018-02-07 20:51:36,141 : name 'report_id' is not defined
decorators [D:\Client_Plan_Automation\app\utils\decorators.py:61]
    
Traceback (most recent call last):
  File "D:\Client_Plan_Automation\app\utils\decorators.py", line 59, in wrapper
    res = func(*args, **kwargs)
  File "D:\Client_Plan_Automation\app\api\report_resource.py", line 7, in get
    r_dic = report_services.get_report_by_report_id(report_id)
NameError: name 'report_id' is not defined
[ERROR] - 2018-02-07 20:53:45,604 : name 'report_id_sqls' is not defined
decorators [D:\Client_Plan_Automation\app\utils\decorators.py:61]
    
Traceback (most recent call last):
  File "D:\Client_Plan_Automation\app\utils\decorators.py", line 59, in wrapper
    res = func(*args, **kwargs)
  File "D:\Client_Plan_Automation\app\api\report_resource.py", line 12, in get
    r_dic = report_services.get_report_by_client_name_and_time(client_id, time)
  File "D:\Client_Plan_Automation\app\services\report_services.py", line 23, in get_report_by_client_name_and_time
    report = raw_db.query(report_id_sqls)
NameError: name 'report_id_sqls' is not defined
[ERROR] - 2018-02-07 20:55:26,372 : (sqlalchemy.exc.InvalidRequestError) A value is required for bind parameter 'r_id' [SQL: '\nSELECT id \nFROM public.report \nWHERE id =%(r_id)s\n    ']
decorators [D:\Client_Plan_Automation\app\utils\decorators.py:61]
    
Traceback (most recent call last):
  File "D:\Users\v627607\AppData\Local\Continuum\Anaconda3\envs\snowman\lib\site-packages\sqlalchemy\engine\base.py", line 1116, in _execute_context
    context = constructor(dialect, self, conn, *args)
  File "D:\Users\v627607\AppData\Local\Continuum\Anaconda3\envs\snowman\lib\site-packages\sqlalchemy\engine\default.py", line 590, in _init_compiled
    self.compiled_parameters = [compiled.construct_params()]
  File "D:\Users\v627607\AppData\Local\Continuum\Anaconda3\envs\snowman\lib\site-packages\sqlalchemy\sql\compiler.py", line 547, in construct_params
    % bindparam.key)
sqlalchemy.exc.InvalidRequestError: A value is required for bind parameter 'r_id'

The above exception was the direct cause of the following exception:

Traceback (most recent call last):
  File "D:\Client_Plan_Automation\app\utils\decorators.py", line 59, in wrapper
    res = func(*args, **kwargs)
  File "D:\Client_Plan_Automation\app\api\report_resource.py", line 12, in get
    r_dic = report_services.get_report_by_client_name_and_time(client_id, time)
  File "D:\Client_Plan_Automation\app\services\report_services.py", line 22, in get_report_by_client_name_and_time
    report = raw_db.query(report_id_sqls)
  File "D:\Client_Plan_Automation\app\utils\records.py", line 291, in query
    cursor = self.db.engine.execute(text(query), *pos_params ,**dic_params,) # TODO: PARAMS GO HERE
  File "D:\Users\v627607\AppData\Local\Continuum\Anaconda3\envs\snowman\lib\site-packages\sqlalchemy\engine\base.py", line 2064, in execute
    return connection.execute(statement, *multiparams, **params)
  File "D:\Users\v627607\AppData\Local\Continuum\Anaconda3\envs\snowman\lib\site-packages\sqlalchemy\engine\base.py", line 945, in execute
    return meth(self, multiparams, params)
  File "D:\Users\v627607\AppData\Local\Continuum\Anaconda3\envs\snowman\lib\site-packages\sqlalchemy\sql\elements.py", line 263, in _execute_on_connection
    return connection._execute_clauseelement(self, multiparams, params)
  File "D:\Users\v627607\AppData\Local\Continuum\Anaconda3\envs\snowman\lib\site-packages\sqlalchemy\engine\base.py", line 1053, in _execute_clauseelement
    compiled_sql, distilled_params
  File "D:\Users\v627607\AppData\Local\Continuum\Anaconda3\envs\snowman\lib\site-packages\sqlalchemy\engine\base.py", line 1121, in _execute_context
    None, None)
  File "D:\Users\v627607\AppData\Local\Continuum\Anaconda3\envs\snowman\lib\site-packages\sqlalchemy\engine\base.py", line 1402, in _handle_dbapi_exception
    exc_info
  File "D:\Users\v627607\AppData\Local\Continuum\Anaconda3\envs\snowman\lib\site-packages\sqlalchemy\util\compat.py", line 203, in raise_from_cause
    reraise(type(exception), exception, tb=exc_tb, cause=cause)
  File "D:\Users\v627607\AppData\Local\Continuum\Anaconda3\envs\snowman\lib\site-packages\sqlalchemy\util\compat.py", line 186, in reraise
    raise value.with_traceback(tb)
  File "D:\Users\v627607\AppData\Local\Continuum\Anaconda3\envs\snowman\lib\site-packages\sqlalchemy\engine\base.py", line 1116, in _execute_context
    context = constructor(dialect, self, conn, *args)
  File "D:\Users\v627607\AppData\Local\Continuum\Anaconda3\envs\snowman\lib\site-packages\sqlalchemy\engine\default.py", line 590, in _init_compiled
    self.compiled_parameters = [compiled.construct_params()]
  File "D:\Users\v627607\AppData\Local\Continuum\Anaconda3\envs\snowman\lib\site-packages\sqlalchemy\sql\compiler.py", line 547, in construct_params
    % bindparam.key)
sqlalchemy.exc.StatementError: (sqlalchemy.exc.InvalidRequestError) A value is required for bind parameter 'r_id' [SQL: '\nSELECT id \nFROM public.report \nWHERE id =%(r_id)s\n    ']
[ERROR] - 2018-02-07 20:56:55,659 : (sqlalchemy.exc.InvalidRequestError) A value is required for bind parameter 'r_id' [SQL: '\nSELECT id \nFROM public.report \nWHERE id = %(r_id)s\n    ']
decorators [D:\Client_Plan_Automation\app\utils\decorators.py:61]
    
Traceback (most recent call last):
  File "D:\Users\v627607\AppData\Local\Continuum\Anaconda3\envs\snowman\lib\site-packages\sqlalchemy\engine\base.py", line 1116, in _execute_context
    context = constructor(dialect, self, conn, *args)
  File "D:\Users\v627607\AppData\Local\Continuum\Anaconda3\envs\snowman\lib\site-packages\sqlalchemy\engine\default.py", line 590, in _init_compiled
    self.compiled_parameters = [compiled.construct_params()]
  File "D:\Users\v627607\AppData\Local\Continuum\Anaconda3\envs\snowman\lib\site-packages\sqlalchemy\sql\compiler.py", line 547, in construct_params
    % bindparam.key)
sqlalchemy.exc.InvalidRequestError: A value is required for bind parameter 'r_id'

The above exception was the direct cause of the following exception:

Traceback (most recent call last):
  File "D:\Client_Plan_Automation\app\utils\decorators.py", line 59, in wrapper
    res = func(*args, **kwargs)
  File "D:\Client_Plan_Automation\app\api\report_resource.py", line 12, in get
    r_dic = report_services.get_report_by_client_name_and_time(client_id, time)
  File "D:\Client_Plan_Automation\app\services\report_services.py", line 22, in get_report_by_client_name_and_time
    report = raw_db.query(report_id_sqls)
  File "D:\Client_Plan_Automation\app\utils\records.py", line 291, in query
    cursor = self.db.engine.execute(text(query), *pos_params ,**dic_params,) # TODO: PARAMS GO HERE
  File "D:\Users\v627607\AppData\Local\Continuum\Anaconda3\envs\snowman\lib\site-packages\sqlalchemy\engine\base.py", line 2064, in execute
    return connection.execute(statement, *multiparams, **params)
  File "D:\Users\v627607\AppData\Local\Continuum\Anaconda3\envs\snowman\lib\site-packages\sqlalchemy\engine\base.py", line 945, in execute
    return meth(self, multiparams, params)
  File "D:\Users\v627607\AppData\Local\Continuum\Anaconda3\envs\snowman\lib\site-packages\sqlalchemy\sql\elements.py", line 263, in _execute_on_connection
    return connection._execute_clauseelement(self, multiparams, params)
  File "D:\Users\v627607\AppData\Local\Continuum\Anaconda3\envs\snowman\lib\site-packages\sqlalchemy\engine\base.py", line 1053, in _execute_clauseelement
    compiled_sql, distilled_params
  File "D:\Users\v627607\AppData\Local\Continuum\Anaconda3\envs\snowman\lib\site-packages\sqlalchemy\engine\base.py", line 1121, in _execute_context
    None, None)
  File "D:\Users\v627607\AppData\Local\Continuum\Anaconda3\envs\snowman\lib\site-packages\sqlalchemy\engine\base.py", line 1402, in _handle_dbapi_exception
    exc_info
  File "D:\Users\v627607\AppData\Local\Continuum\Anaconda3\envs\snowman\lib\site-packages\sqlalchemy\util\compat.py", line 203, in raise_from_cause
    reraise(type(exception), exception, tb=exc_tb, cause=cause)
  File "D:\Users\v627607\AppData\Local\Continuum\Anaconda3\envs\snowman\lib\site-packages\sqlalchemy\util\compat.py", line 186, in reraise
    raise value.with_traceback(tb)
  File "D:\Users\v627607\AppData\Local\Continuum\Anaconda3\envs\snowman\lib\site-packages\sqlalchemy\engine\base.py", line 1116, in _execute_context
    context = constructor(dialect, self, conn, *args)
  File "D:\Users\v627607\AppData\Local\Continuum\Anaconda3\envs\snowman\lib\site-packages\sqlalchemy\engine\default.py", line 590, in _init_compiled
    self.compiled_parameters = [compiled.construct_params()]
  File "D:\Users\v627607\AppData\Local\Continuum\Anaconda3\envs\snowman\lib\site-packages\sqlalchemy\sql\compiler.py", line 547, in construct_params
    % bindparam.key)
sqlalchemy.exc.StatementError: (sqlalchemy.exc.InvalidRequestError) A value is required for bind parameter 'r_id' [SQL: '\nSELECT id \nFROM public.report \nWHERE id = %(r_id)s\n    ']
[ERROR] - 2018-02-07 20:56:57,347 : (sqlalchemy.exc.InvalidRequestError) A value is required for bind parameter 'r_id' [SQL: '\nSELECT id \nFROM public.report \nWHERE id = %(r_id)s\n    ']
decorators [D:\Client_Plan_Automation\app\utils\decorators.py:61]
    
Traceback (most recent call last):
  File "D:\Users\v627607\AppData\Local\Continuum\Anaconda3\envs\snowman\lib\site-packages\sqlalchemy\engine\base.py", line 1116, in _execute_context
    context = constructor(dialect, self, conn, *args)
  File "D:\Users\v627607\AppData\Local\Continuum\Anaconda3\envs\snowman\lib\site-packages\sqlalchemy\engine\default.py", line 590, in _init_compiled
    self.compiled_parameters = [compiled.construct_params()]
  File "D:\Users\v627607\AppData\Local\Continuum\Anaconda3\envs\snowman\lib\site-packages\sqlalchemy\sql\compiler.py", line 547, in construct_params
    % bindparam.key)
sqlalchemy.exc.InvalidRequestError: A value is required for bind parameter 'r_id'

The above exception was the direct cause of the following exception:

Traceback (most recent call last):
  File "D:\Client_Plan_Automation\app\utils\decorators.py", line 59, in wrapper
    res = func(*args, **kwargs)
  File "D:\Client_Plan_Automation\app\api\report_resource.py", line 12, in get
    r_dic = report_services.get_report_by_client_name_and_time(client_id, time)
  File "D:\Client_Plan_Automation\app\services\report_services.py", line 22, in get_report_by_client_name_and_time
    report = raw_db.query(report_id_sqls)
  File "D:\Client_Plan_Automation\app\utils\records.py", line 291, in query
    cursor = self.db.engine.execute(text(query), *pos_params ,**dic_params,) # TODO: PARAMS GO HERE
  File "D:\Users\v627607\AppData\Local\Continuum\Anaconda3\envs\snowman\lib\site-packages\sqlalchemy\engine\base.py", line 2064, in execute
    return connection.execute(statement, *multiparams, **params)
  File "D:\Users\v627607\AppData\Local\Continuum\Anaconda3\envs\snowman\lib\site-packages\sqlalchemy\engine\base.py", line 945, in execute
    return meth(self, multiparams, params)
  File "D:\Users\v627607\AppData\Local\Continuum\Anaconda3\envs\snowman\lib\site-packages\sqlalchemy\sql\elements.py", line 263, in _execute_on_connection
    return connection._execute_clauseelement(self, multiparams, params)
  File "D:\Users\v627607\AppData\Local\Continuum\Anaconda3\envs\snowman\lib\site-packages\sqlalchemy\engine\base.py", line 1053, in _execute_clauseelement
    compiled_sql, distilled_params
  File "D:\Users\v627607\AppData\Local\Continuum\Anaconda3\envs\snowman\lib\site-packages\sqlalchemy\engine\base.py", line 1121, in _execute_context
    None, None)
  File "D:\Users\v627607\AppData\Local\Continuum\Anaconda3\envs\snowman\lib\site-packages\sqlalchemy\engine\base.py", line 1402, in _handle_dbapi_exception
    exc_info
  File "D:\Users\v627607\AppData\Local\Continuum\Anaconda3\envs\snowman\lib\site-packages\sqlalchemy\util\compat.py", line 203, in raise_from_cause
    reraise(type(exception), exception, tb=exc_tb, cause=cause)
  File "D:\Users\v627607\AppData\Local\Continuum\Anaconda3\envs\snowman\lib\site-packages\sqlalchemy\util\compat.py", line 186, in reraise
    raise value.with_traceback(tb)
  File "D:\Users\v627607\AppData\Local\Continuum\Anaconda3\envs\snowman\lib\site-packages\sqlalchemy\engine\base.py", line 1116, in _execute_context
    context = constructor(dialect, self, conn, *args)
  File "D:\Users\v627607\AppData\Local\Continuum\Anaconda3\envs\snowman\lib\site-packages\sqlalchemy\engine\default.py", line 590, in _init_compiled
    self.compiled_parameters = [compiled.construct_params()]
  File "D:\Users\v627607\AppData\Local\Continuum\Anaconda3\envs\snowman\lib\site-packages\sqlalchemy\sql\compiler.py", line 547, in construct_params
    % bindparam.key)
sqlalchemy.exc.StatementError: (sqlalchemy.exc.InvalidRequestError) A value is required for bind parameter 'r_id' [SQL: '\nSELECT id \nFROM public.report \nWHERE id = %(r_id)s\n    ']
[ERROR] - 2018-02-07 21:00:20,796 : (sqlalchemy.exc.InvalidRequestError) A value is required for bind parameter 'time' [SQL: '\nSELECT id \nFROM public.report \nWHERE client_id = %(client_id)s and update_time = %(time)s\n    '] [parameters: [{'client_id': '1'}]]
decorators [D:\Client_Plan_Automation\app\utils\decorators.py:61]
    
Traceback (most recent call last):
  File "D:\Users\v627607\AppData\Local\Continuum\Anaconda3\envs\snowman\lib\site-packages\sqlalchemy\engine\base.py", line 1116, in _execute_context
    context = constructor(dialect, self, conn, *args)
  File "D:\Users\v627607\AppData\Local\Continuum\Anaconda3\envs\snowman\lib\site-packages\sqlalchemy\engine\default.py", line 594, in _init_compiled
    grp, m in enumerate(parameters)]
  File "D:\Users\v627607\AppData\Local\Continuum\Anaconda3\envs\snowman\lib\site-packages\sqlalchemy\engine\default.py", line 594, in <listcomp>
    grp, m in enumerate(parameters)]
  File "D:\Users\v627607\AppData\Local\Continuum\Anaconda3\envs\snowman\lib\site-packages\sqlalchemy\sql\compiler.py", line 528, in construct_params
    % bindparam.key)
sqlalchemy.exc.InvalidRequestError: A value is required for bind parameter 'time'

The above exception was the direct cause of the following exception:

Traceback (most recent call last):
  File "D:\Client_Plan_Automation\app\utils\decorators.py", line 59, in wrapper
    res = func(*args, **kwargs)
  File "D:\Client_Plan_Automation\app\api\report_resource.py", line 12, in get
    r_dic = report_services.get_report_by_client_name_and_time(client_id, time)
  File "D:\Client_Plan_Automation\app\services\report_services.py", line 22, in get_report_by_client_name_and_time
    report = raw_db.query(report_id_sqls, client_id = client_id)
  File "D:\Client_Plan_Automation\app\utils\records.py", line 291, in query
    cursor = self.db.engine.execute(text(query), *pos_params ,**dic_params,) # TODO: PARAMS GO HERE
  File "D:\Users\v627607\AppData\Local\Continuum\Anaconda3\envs\snowman\lib\site-packages\sqlalchemy\engine\base.py", line 2064, in execute
    return connection.execute(statement, *multiparams, **params)
  File "D:\Users\v627607\AppData\Local\Continuum\Anaconda3\envs\snowman\lib\site-packages\sqlalchemy\engine\base.py", line 945, in execute
    return meth(self, multiparams, params)
  File "D:\Users\v627607\AppData\Local\Continuum\Anaconda3\envs\snowman\lib\site-packages\sqlalchemy\sql\elements.py", line 263, in _execute_on_connection
    return connection._execute_clauseelement(self, multiparams, params)
  File "D:\Users\v627607\AppData\Local\Continuum\Anaconda3\envs\snowman\lib\site-packages\sqlalchemy\engine\base.py", line 1053, in _execute_clauseelement
    compiled_sql, distilled_params
  File "D:\Users\v627607\AppData\Local\Continuum\Anaconda3\envs\snowman\lib\site-packages\sqlalchemy\engine\base.py", line 1121, in _execute_context
    None, None)
  File "D:\Users\v627607\AppData\Local\Continuum\Anaconda3\envs\snowman\lib\site-packages\sqlalchemy\engine\base.py", line 1402, in _handle_dbapi_exception
    exc_info
  File "D:\Users\v627607\AppData\Local\Continuum\Anaconda3\envs\snowman\lib\site-packages\sqlalchemy\util\compat.py", line 203, in raise_from_cause
    reraise(type(exception), exception, tb=exc_tb, cause=cause)
  File "D:\Users\v627607\AppData\Local\Continuum\Anaconda3\envs\snowman\lib\site-packages\sqlalchemy\util\compat.py", line 186, in reraise
    raise value.with_traceback(tb)
  File "D:\Users\v627607\AppData\Local\Continuum\Anaconda3\envs\snowman\lib\site-packages\sqlalchemy\engine\base.py", line 1116, in _execute_context
    context = constructor(dialect, self, conn, *args)
  File "D:\Users\v627607\AppData\Local\Continuum\Anaconda3\envs\snowman\lib\site-packages\sqlalchemy\engine\default.py", line 594, in _init_compiled
    grp, m in enumerate(parameters)]
  File "D:\Users\v627607\AppData\Local\Continuum\Anaconda3\envs\snowman\lib\site-packages\sqlalchemy\engine\default.py", line 594, in <listcomp>
    grp, m in enumerate(parameters)]
  File "D:\Users\v627607\AppData\Local\Continuum\Anaconda3\envs\snowman\lib\site-packages\sqlalchemy\sql\compiler.py", line 528, in construct_params
    % bindparam.key)
sqlalchemy.exc.StatementError: (sqlalchemy.exc.InvalidRequestError) A value is required for bind parameter 'time' [SQL: '\nSELECT id \nFROM public.report \nWHERE client_id = %(client_id)s and update_time = %(time)s\n    '] [parameters: [{'client_id': '1'}]]
[ERROR] - 2018-02-07 21:00:29,373 : (sqlalchemy.exc.InvalidRequestError) A value is required for bind parameter 'time' [SQL: '\nSELECT id \nFROM public.report \nWHERE client_id = %(client_id)s and update_time = %(time)s\n    '] [parameters: [{'client_id': '3m'}]]
decorators [D:\Client_Plan_Automation\app\utils\decorators.py:61]
    
Traceback (most recent call last):
  File "D:\Users\v627607\AppData\Local\Continuum\Anaconda3\envs\snowman\lib\site-packages\sqlalchemy\engine\base.py", line 1116, in _execute_context
    context = constructor(dialect, self, conn, *args)
  File "D:\Users\v627607\AppData\Local\Continuum\Anaconda3\envs\snowman\lib\site-packages\sqlalchemy\engine\default.py", line 594, in _init_compiled
    grp, m in enumerate(parameters)]
  File "D:\Users\v627607\AppData\Local\Continuum\Anaconda3\envs\snowman\lib\site-packages\sqlalchemy\engine\default.py", line 594, in <listcomp>
    grp, m in enumerate(parameters)]
  File "D:\Users\v627607\AppData\Local\Continuum\Anaconda3\envs\snowman\lib\site-packages\sqlalchemy\sql\compiler.py", line 528, in construct_params
    % bindparam.key)
sqlalchemy.exc.InvalidRequestError: A value is required for bind parameter 'time'

The above exception was the direct cause of the following exception:

Traceback (most recent call last):
  File "D:\Client_Plan_Automation\app\utils\decorators.py", line 59, in wrapper
    res = func(*args, **kwargs)
  File "D:\Client_Plan_Automation\app\api\report_resource.py", line 12, in get
    r_dic = report_services.get_report_by_client_name_and_time(client_id, time)
  File "D:\Client_Plan_Automation\app\services\report_services.py", line 22, in get_report_by_client_name_and_time
    report = raw_db.query(report_id_sqls, client_id = client_id)
  File "D:\Client_Plan_Automation\app\utils\records.py", line 291, in query
    cursor = self.db.engine.execute(text(query), *pos_params ,**dic_params,) # TODO: PARAMS GO HERE
  File "D:\Users\v627607\AppData\Local\Continuum\Anaconda3\envs\snowman\lib\site-packages\sqlalchemy\engine\base.py", line 2064, in execute
    return connection.execute(statement, *multiparams, **params)
  File "D:\Users\v627607\AppData\Local\Continuum\Anaconda3\envs\snowman\lib\site-packages\sqlalchemy\engine\base.py", line 945, in execute
    return meth(self, multiparams, params)
  File "D:\Users\v627607\AppData\Local\Continuum\Anaconda3\envs\snowman\lib\site-packages\sqlalchemy\sql\elements.py", line 263, in _execute_on_connection
    return connection._execute_clauseelement(self, multiparams, params)
  File "D:\Users\v627607\AppData\Local\Continuum\Anaconda3\envs\snowman\lib\site-packages\sqlalchemy\engine\base.py", line 1053, in _execute_clauseelement
    compiled_sql, distilled_params
  File "D:\Users\v627607\AppData\Local\Continuum\Anaconda3\envs\snowman\lib\site-packages\sqlalchemy\engine\base.py", line 1121, in _execute_context
    None, None)
  File "D:\Users\v627607\AppData\Local\Continuum\Anaconda3\envs\snowman\lib\site-packages\sqlalchemy\engine\base.py", line 1402, in _handle_dbapi_exception
    exc_info
  File "D:\Users\v627607\AppData\Local\Continuum\Anaconda3\envs\snowman\lib\site-packages\sqlalchemy\util\compat.py", line 203, in raise_from_cause
    reraise(type(exception), exception, tb=exc_tb, cause=cause)
  File "D:\Users\v627607\AppData\Local\Continuum\Anaconda3\envs\snowman\lib\site-packages\sqlalchemy\util\compat.py", line 186, in reraise
    raise value.with_traceback(tb)
  File "D:\Users\v627607\AppData\Local\Continuum\Anaconda3\envs\snowman\lib\site-packages\sqlalchemy\engine\base.py", line 1116, in _execute_context
    context = constructor(dialect, self, conn, *args)
  File "D:\Users\v627607\AppData\Local\Continuum\Anaconda3\envs\snowman\lib\site-packages\sqlalchemy\engine\default.py", line 594, in _init_compiled
    grp, m in enumerate(parameters)]
  File "D:\Users\v627607\AppData\Local\Continuum\Anaconda3\envs\snowman\lib\site-packages\sqlalchemy\engine\default.py", line 594, in <listcomp>
    grp, m in enumerate(parameters)]
  File "D:\Users\v627607\AppData\Local\Continuum\Anaconda3\envs\snowman\lib\site-packages\sqlalchemy\sql\compiler.py", line 528, in construct_params
    % bindparam.key)
sqlalchemy.exc.StatementError: (sqlalchemy.exc.InvalidRequestError) A value is required for bind parameter 'time' [SQL: '\nSELECT id \nFROM public.report \nWHERE client_id = %(client_id)s and update_time = %(time)s\n    '] [parameters: [{'client_id': '3m'}]]
[ERROR] - 2018-02-07 21:02:10,216 : (psycopg2.ProgrammingError) syntax error at or near ":"
LINE 4: WHERE client_id = '3M' and update_time =: time 
                                                ^
 [SQL: '\nSELECT id \nFROM public.report \nWHERE client_id = %(client_id)s and update_time =: time \n    '] [parameters: {'client_id': '3M'}]
decorators [D:\Client_Plan_Automation\app\utils\decorators.py:61]
    
Traceback (most recent call last):
  File "D:\Users\v627607\AppData\Local\Continuum\Anaconda3\envs\snowman\lib\site-packages\sqlalchemy\engine\base.py", line 1182, in _execute_context
    context)
  File "D:\Users\v627607\AppData\Local\Continuum\Anaconda3\envs\snowman\lib\site-packages\sqlalchemy\engine\default.py", line 470, in do_execute
    cursor.execute(statement, parameters)
psycopg2.ProgrammingError: syntax error at or near ":"
LINE 4: WHERE client_id = '3M' and update_time =: time 
                                                ^


The above exception was the direct cause of the following exception:

Traceback (most recent call last):
  File "D:\Client_Plan_Automation\app\utils\decorators.py", line 59, in wrapper
    res = func(*args, **kwargs)
  File "D:\Client_Plan_Automation\app\api\report_resource.py", line 12, in get
    r_dic = report_services.get_report_by_client_name_and_time(client_id, time)
  File "D:\Client_Plan_Automation\app\services\report_services.py", line 22, in get_report_by_client_name_and_time
    report = raw_db.query(report_id_sqls, client_id = client_id, time = time)
  File "D:\Client_Plan_Automation\app\utils\records.py", line 291, in query
    cursor = self.db.engine.execute(text(query), *pos_params ,**dic_params,) # TODO: PARAMS GO HERE
  File "D:\Users\v627607\AppData\Local\Continuum\Anaconda3\envs\snowman\lib\site-packages\sqlalchemy\engine\base.py", line 2064, in execute
    return connection.execute(statement, *multiparams, **params)
  File "D:\Users\v627607\AppData\Local\Continuum\Anaconda3\envs\snowman\lib\site-packages\sqlalchemy\engine\base.py", line 945, in execute
    return meth(self, multiparams, params)
  File "D:\Users\v627607\AppData\Local\Continuum\Anaconda3\envs\snowman\lib\site-packages\sqlalchemy\sql\elements.py", line 263, in _execute_on_connection
    return connection._execute_clauseelement(self, multiparams, params)
  File "D:\Users\v627607\AppData\Local\Continuum\Anaconda3\envs\snowman\lib\site-packages\sqlalchemy\engine\base.py", line 1053, in _execute_clauseelement
    compiled_sql, distilled_params
  File "D:\Users\v627607\AppData\Local\Continuum\Anaconda3\envs\snowman\lib\site-packages\sqlalchemy\engine\base.py", line 1189, in _execute_context
    context)
  File "D:\Users\v627607\AppData\Local\Continuum\Anaconda3\envs\snowman\lib\site-packages\sqlalchemy\engine\base.py", line 1402, in _handle_dbapi_exception
    exc_info
  File "D:\Users\v627607\AppData\Local\Continuum\Anaconda3\envs\snowman\lib\site-packages\sqlalchemy\util\compat.py", line 203, in raise_from_cause
    reraise(type(exception), exception, tb=exc_tb, cause=cause)
  File "D:\Users\v627607\AppData\Local\Continuum\Anaconda3\envs\snowman\lib\site-packages\sqlalchemy\util\compat.py", line 186, in reraise
    raise value.with_traceback(tb)
  File "D:\Users\v627607\AppData\Local\Continuum\Anaconda3\envs\snowman\lib\site-packages\sqlalchemy\engine\base.py", line 1182, in _execute_context
    context)
  File "D:\Users\v627607\AppData\Local\Continuum\Anaconda3\envs\snowman\lib\site-packages\sqlalchemy\engine\default.py", line 470, in do_execute
    cursor.execute(statement, parameters)
sqlalchemy.exc.ProgrammingError: (psycopg2.ProgrammingError) syntax error at or near ":"
LINE 4: WHERE client_id = '3M' and update_time =: time 
                                                ^
 [SQL: '\nSELECT id \nFROM public.report \nWHERE client_id = %(client_id)s and update_time =: time \n    '] [parameters: {'client_id': '3M'}]
[ERROR] - 2018-02-07 21:02:31,866 : (psycopg2.ProgrammingError) column "update_time" does not exist
LINE 4: WHERE client_id = '3M' and update_time = '2018-02-07' 
                                   ^
HINT:  Perhaps you meant to reference the column "report.updated_time".
 [SQL: '\nSELECT id \nFROM public.report \nWHERE client_id = %(client_id)s and update_time = %(time)s \n    '] [parameters: {'client_id': '3M', 'time': '2018-02-07'}]
decorators [D:\Client_Plan_Automation\app\utils\decorators.py:61]
    
Traceback (most recent call last):
  File "D:\Users\v627607\AppData\Local\Continuum\Anaconda3\envs\snowman\lib\site-packages\sqlalchemy\engine\base.py", line 1182, in _execute_context
    context)
  File "D:\Users\v627607\AppData\Local\Continuum\Anaconda3\envs\snowman\lib\site-packages\sqlalchemy\engine\default.py", line 470, in do_execute
    cursor.execute(statement, parameters)
psycopg2.ProgrammingError: column "update_time" does not exist
LINE 4: WHERE client_id = '3M' and update_time = '2018-02-07' 
                                   ^
HINT:  Perhaps you meant to reference the column "report.updated_time".


The above exception was the direct cause of the following exception:

Traceback (most recent call last):
  File "D:\Client_Plan_Automation\app\utils\decorators.py", line 59, in wrapper
    res = func(*args, **kwargs)
  File "D:\Client_Plan_Automation\app\api\report_resource.py", line 12, in get
    r_dic = report_services.get_report_by_client_name_and_time(client_id, time)
  File "D:\Client_Plan_Automation\app\services\report_services.py", line 22, in get_report_by_client_name_and_time
    report = raw_db.query(report_id_sqls, client_id = client_id, time = time)
  File "D:\Client_Plan_Automation\app\utils\records.py", line 291, in query
    cursor = self.db.engine.execute(text(query), *pos_params ,**dic_params,) # TODO: PARAMS GO HERE
  File "D:\Users\v627607\AppData\Local\Continuum\Anaconda3\envs\snowman\lib\site-packages\sqlalchemy\engine\base.py", line 2064, in execute
    return connection.execute(statement, *multiparams, **params)
  File "D:\Users\v627607\AppData\Local\Continuum\Anaconda3\envs\snowman\lib\site-packages\sqlalchemy\engine\base.py", line 945, in execute
    return meth(self, multiparams, params)
  File "D:\Users\v627607\AppData\Local\Continuum\Anaconda3\envs\snowman\lib\site-packages\sqlalchemy\sql\elements.py", line 263, in _execute_on_connection
    return connection._execute_clauseelement(self, multiparams, params)
  File "D:\Users\v627607\AppData\Local\Continuum\Anaconda3\envs\snowman\lib\site-packages\sqlalchemy\engine\base.py", line 1053, in _execute_clauseelement
    compiled_sql, distilled_params
  File "D:\Users\v627607\AppData\Local\Continuum\Anaconda3\envs\snowman\lib\site-packages\sqlalchemy\engine\base.py", line 1189, in _execute_context
    context)
  File "D:\Users\v627607\AppData\Local\Continuum\Anaconda3\envs\snowman\lib\site-packages\sqlalchemy\engine\base.py", line 1402, in _handle_dbapi_exception
    exc_info
  File "D:\Users\v627607\AppData\Local\Continuum\Anaconda3\envs\snowman\lib\site-packages\sqlalchemy\util\compat.py", line 203, in raise_from_cause
    reraise(type(exception), exception, tb=exc_tb, cause=cause)
  File "D:\Users\v627607\AppData\Local\Continuum\Anaconda3\envs\snowman\lib\site-packages\sqlalchemy\util\compat.py", line 186, in reraise
    raise value.with_traceback(tb)
  File "D:\Users\v627607\AppData\Local\Continuum\Anaconda3\envs\snowman\lib\site-packages\sqlalchemy\engine\base.py", line 1182, in _execute_context
    context)
  File "D:\Users\v627607\AppData\Local\Continuum\Anaconda3\envs\snowman\lib\site-packages\sqlalchemy\engine\default.py", line 470, in do_execute
    cursor.execute(statement, parameters)
sqlalchemy.exc.ProgrammingError: (psycopg2.ProgrammingError) column "update_time" does not exist
LINE 4: WHERE client_id = '3M' and update_time = '2018-02-07' 
                                   ^
HINT:  Perhaps you meant to reference the column "report.updated_time".
 [SQL: '\nSELECT id \nFROM public.report \nWHERE client_id = %(client_id)s and update_time = %(time)s \n    '] [parameters: {'client_id': '3M', 'time': '2018-02-07'}]
[ERROR] - 2018-02-07 21:29:11,462 : name 'report_id' is not defined
decorators [D:\Client_Plan_Automation\app\utils\decorators.py:61]
    
Traceback (most recent call last):
  File "D:\Client_Plan_Automation\app\utils\decorators.py", line 59, in wrapper
    res = func(*args, **kwargs)
  File "D:\Client_Plan_Automation\app\api\report_resource.py", line 32, in get
    report, last_report = report_services.get_two_compare_report(report_id)
  File "D:\Client_Plan_Automation\app\services\report_services.py", line 22, in get_two_compare_report
    report = raw_db.query(report_detail_sqls, report_id)
NameError: name 'report_id' is not defined
[ERROR] - 2018-02-07 21:29:52,537 : 'list' object has no attribute 'keys'
decorators [D:\Client_Plan_Automation\app\utils\decorators.py:61]
    
Traceback (most recent call last):
  File "D:\Client_Plan_Automation\app\utils\decorators.py", line 59, in wrapper
    res = func(*args, **kwargs)
  File "D:\Client_Plan_Automation\app\api\report_resource.py", line 32, in get
    report, last_report = report_services.get_two_compare_report(report_id)
  File "D:\Client_Plan_Automation\app\services\report_services.py", line 22, in get_two_compare_report
    report = raw_db.query(report_detail_sqls, report_id)
  File "D:\Client_Plan_Automation\app\utils\records.py", line 291, in query
    cursor = self.db.engine.execute(text(query), *pos_params ,**dic_params,) # TODO: PARAMS GO HERE
  File "D:\Users\v627607\AppData\Local\Continuum\Anaconda3\envs\snowman\lib\site-packages\sqlalchemy\engine\base.py", line 2064, in execute
    return connection.execute(statement, *multiparams, **params)
  File "D:\Users\v627607\AppData\Local\Continuum\Anaconda3\envs\snowman\lib\site-packages\sqlalchemy\engine\base.py", line 945, in execute
    return meth(self, multiparams, params)
  File "D:\Users\v627607\AppData\Local\Continuum\Anaconda3\envs\snowman\lib\site-packages\sqlalchemy\sql\elements.py", line 263, in _execute_on_connection
    return connection._execute_clauseelement(self, multiparams, params)
  File "D:\Users\v627607\AppData\Local\Continuum\Anaconda3\envs\snowman\lib\site-packages\sqlalchemy\engine\base.py", line 1021, in _execute_clauseelement
    keys = distilled_params[0].keys()
AttributeError: 'list' object has no attribute 'keys'
[ERROR] - 2018-02-07 21:30:42,341 : 'list' object has no attribute 'keys'
decorators [D:\Client_Plan_Automation\app\utils\decorators.py:61]
    
Traceback (most recent call last):
  File "D:\Client_Plan_Automation\app\utils\decorators.py", line 59, in wrapper
    res = func(*args, **kwargs)
  File "D:\Client_Plan_Automation\app\api\report_resource.py", line 32, in get
    report, last_report = report_services.get_two_compare_report(report_id)
  File "D:\Client_Plan_Automation\app\services\report_services.py", line 22, in get_two_compare_report
    report = raw_db.query(report_detail_sqls, report_id)
  File "D:\Client_Plan_Automation\app\utils\records.py", line 291, in query
    cursor = self.db.engine.execute(text(query), *pos_params ,**dic_params,) # TODO: PARAMS GO HERE
  File "D:\Users\v627607\AppData\Local\Continuum\Anaconda3\envs\snowman\lib\site-packages\sqlalchemy\engine\base.py", line 2064, in execute
    return connection.execute(statement, *multiparams, **params)
  File "D:\Users\v627607\AppData\Local\Continuum\Anaconda3\envs\snowman\lib\site-packages\sqlalchemy\engine\base.py", line 945, in execute
    return meth(self, multiparams, params)
  File "D:\Users\v627607\AppData\Local\Continuum\Anaconda3\envs\snowman\lib\site-packages\sqlalchemy\sql\elements.py", line 263, in _execute_on_connection
    return connection._execute_clauseelement(self, multiparams, params)
  File "D:\Users\v627607\AppData\Local\Continuum\Anaconda3\envs\snowman\lib\site-packages\sqlalchemy\engine\base.py", line 1021, in _execute_clauseelement
    keys = distilled_params[0].keys()
AttributeError: 'list' object has no attribute 'keys'
[ERROR] - 2018-02-07 21:31:23,318 : 'list' object has no attribute 'keys'
decorators [D:\Client_Plan_Automation\app\utils\decorators.py:61]
    
Traceback (most recent call last):
  File "D:\Client_Plan_Automation\app\utils\decorators.py", line 59, in wrapper
    res = func(*args, **kwargs)
  File "D:\Client_Plan_Automation\app\api\report_resource.py", line 32, in get
    report, last_report = report_services.get_two_compare_report(report_id)
  File "D:\Client_Plan_Automation\app\services\report_services.py", line 22, in get_two_compare_report
    report = raw_db.query(report_detail_sqls, report_id)
  File "D:\Client_Plan_Automation\app\utils\records.py", line 291, in query
    cursor = self.db.engine.execute(text(query), *pos_params ,**dic_params,) # TODO: PARAMS GO HERE
  File "D:\Users\v627607\AppData\Local\Continuum\Anaconda3\envs\snowman\lib\site-packages\sqlalchemy\engine\base.py", line 2064, in execute
    return connection.execute(statement, *multiparams, **params)
  File "D:\Users\v627607\AppData\Local\Continuum\Anaconda3\envs\snowman\lib\site-packages\sqlalchemy\engine\base.py", line 945, in execute
    return meth(self, multiparams, params)
  File "D:\Users\v627607\AppData\Local\Continuum\Anaconda3\envs\snowman\lib\site-packages\sqlalchemy\sql\elements.py", line 263, in _execute_on_connection
    return connection._execute_clauseelement(self, multiparams, params)
  File "D:\Users\v627607\AppData\Local\Continuum\Anaconda3\envs\snowman\lib\site-packages\sqlalchemy\engine\base.py", line 1021, in _execute_clauseelement
    keys = distilled_params[0].keys()
AttributeError: 'list' object has no attribute 'keys'
[ERROR] - 2018-02-07 21:31:35,058 : 'list' object has no attribute 'keys'
decorators [D:\Client_Plan_Automation\app\utils\decorators.py:61]
    
Traceback (most recent call last):
  File "D:\Client_Plan_Automation\app\utils\decorators.py", line 59, in wrapper
    res = func(*args, **kwargs)
  File "D:\Client_Plan_Automation\app\api\report_resource.py", line 32, in get
    report, last_report = report_services.get_two_compare_report(report_id)
  File "D:\Client_Plan_Automation\app\services\report_services.py", line 22, in get_two_compare_report
    report = raw_db.query(report_detail_sqls, report_id)
  File "D:\Client_Plan_Automation\app\utils\records.py", line 291, in query
    cursor = self.db.engine.execute(text(query), *pos_params ,**dic_params,) # TODO: PARAMS GO HERE
  File "D:\Users\v627607\AppData\Local\Continuum\Anaconda3\envs\snowman\lib\site-packages\sqlalchemy\engine\base.py", line 2064, in execute
    return connection.execute(statement, *multiparams, **params)
  File "D:\Users\v627607\AppData\Local\Continuum\Anaconda3\envs\snowman\lib\site-packages\sqlalchemy\engine\base.py", line 945, in execute
    return meth(self, multiparams, params)
  File "D:\Users\v627607\AppData\Local\Continuum\Anaconda3\envs\snowman\lib\site-packages\sqlalchemy\sql\elements.py", line 263, in _execute_on_connection
    return connection._execute_clauseelement(self, multiparams, params)
  File "D:\Users\v627607\AppData\Local\Continuum\Anaconda3\envs\snowman\lib\site-packages\sqlalchemy\engine\base.py", line 1021, in _execute_clauseelement
    keys = distilled_params[0].keys()
AttributeError: 'list' object has no attribute 'keys'
[ERROR] - 2018-02-07 21:32:05,387 : 'list' object has no attribute 'keys'
decorators [D:\Client_Plan_Automation\app\utils\decorators.py:61]
    
Traceback (most recent call last):
  File "D:\Client_Plan_Automation\app\utils\decorators.py", line 59, in wrapper
    res = func(*args, **kwargs)
  File "D:\Client_Plan_Automation\app\api\report_resource.py", line 32, in get
    report, last_report = report_services.get_two_compare_report(report_id)
  File "D:\Client_Plan_Automation\app\services\report_services.py", line 22, in get_two_compare_report
    report = raw_db.query(report_detail_sqls, report_id)
  File "D:\Client_Plan_Automation\app\utils\records.py", line 291, in query
    cursor = self.db.engine.execute(text(query), *pos_params ,**dic_params,) # TODO: PARAMS GO HERE
  File "D:\Users\v627607\AppData\Local\Continuum\Anaconda3\envs\snowman\lib\site-packages\sqlalchemy\engine\base.py", line 2064, in execute
    return connection.execute(statement, *multiparams, **params)
  File "D:\Users\v627607\AppData\Local\Continuum\Anaconda3\envs\snowman\lib\site-packages\sqlalchemy\engine\base.py", line 945, in execute
    return meth(self, multiparams, params)
  File "D:\Users\v627607\AppData\Local\Continuum\Anaconda3\envs\snowman\lib\site-packages\sqlalchemy\sql\elements.py", line 263, in _execute_on_connection
    return connection._execute_clauseelement(self, multiparams, params)
  File "D:\Users\v627607\AppData\Local\Continuum\Anaconda3\envs\snowman\lib\site-packages\sqlalchemy\engine\base.py", line 1021, in _execute_clauseelement
    keys = distilled_params[0].keys()
AttributeError: 'list' object has no attribute 'keys'
[ERROR] - 2018-02-07 21:32:55,645 : 'list' object has no attribute 'keys'
decorators [D:\Client_Plan_Automation\app\utils\decorators.py:61]
    
Traceback (most recent call last):
  File "D:\Client_Plan_Automation\app\utils\decorators.py", line 59, in wrapper
    res = func(*args, **kwargs)
  File "D:\Client_Plan_Automation\app\api\report_resource.py", line 32, in get
    report, last_report = report_services.get_two_compare_report(report_id)
  File "D:\Client_Plan_Automation\app\services\report_services.py", line 22, in get_two_compare_report
    report = raw_db.query(report_detail_sqls, report_id)
  File "D:\Client_Plan_Automation\app\utils\records.py", line 291, in query
    cursor = self.db.engine.execute(text(query), *pos_params ,**dic_params,) # TODO: PARAMS GO HERE
  File "D:\Users\v627607\AppData\Local\Continuum\Anaconda3\envs\snowman\lib\site-packages\sqlalchemy\engine\base.py", line 2064, in execute
    return connection.execute(statement, *multiparams, **params)
  File "D:\Users\v627607\AppData\Local\Continuum\Anaconda3\envs\snowman\lib\site-packages\sqlalchemy\engine\base.py", line 945, in execute
    return meth(self, multiparams, params)
  File "D:\Users\v627607\AppData\Local\Continuum\Anaconda3\envs\snowman\lib\site-packages\sqlalchemy\sql\elements.py", line 263, in _execute_on_connection
    return connection._execute_clauseelement(self, multiparams, params)
  File "D:\Users\v627607\AppData\Local\Continuum\Anaconda3\envs\snowman\lib\site-packages\sqlalchemy\engine\base.py", line 1021, in _execute_clauseelement
    keys = distilled_params[0].keys()
AttributeError: 'list' object has no attribute 'keys'
[ERROR] - 2018-02-07 21:33:27,122 : not enough values to unpack (expected 2, got 1)
decorators [D:\Client_Plan_Automation\app\utils\decorators.py:61]
    
Traceback (most recent call last):
  File "D:\Client_Plan_Automation\app\utils\decorators.py", line 59, in wrapper
    res = func(*args, **kwargs)
  File "D:\Client_Plan_Automation\app\api\report_resource.py", line 32, in get
    report, last_report = report_services.get_two_compare_report(report_id)
ValueError: not enough values to unpack (expected 2, got 1)
[ERROR] - 2018-02-07 21:33:35,366 : not enough values to unpack (expected 2, got 1)
decorators [D:\Client_Plan_Automation\app\utils\decorators.py:61]
    
Traceback (most recent call last):
  File "D:\Client_Plan_Automation\app\utils\decorators.py", line 59, in wrapper
    res = func(*args, **kwargs)
  File "D:\Client_Plan_Automation\app\api\report_resource.py", line 32, in get
    report, last_report = report_services.get_two_compare_report(report_id)
ValueError: not enough values to unpack (expected 2, got 1)
[ERROR] - 2018-02-07 21:33:37,708 : not enough values to unpack (expected 2, got 1)
decorators [D:\Client_Plan_Automation\app\utils\decorators.py:61]
    
Traceback (most recent call last):
  File "D:\Client_Plan_Automation\app\utils\decorators.py", line 59, in wrapper
    res = func(*args, **kwargs)
  File "D:\Client_Plan_Automation\app\api\report_resource.py", line 32, in get
    report, last_report = report_services.get_two_compare_report(report_id)
ValueError: not enough values to unpack (expected 2, got 1)
[ERROR] - 2018-02-08 10:45:23,872 : unsupported operand type(s) for /: 'str' and 'int'
decorators [D:\Client_Plan_Automation\app\utils\decorators.py:61]
    
Traceback (most recent call last):
  File "D:\Client_Plan_Automation\app\utils\decorators.py", line 59, in wrapper
    res = func(*args, **kwargs)
  File "D:\Client_Plan_Automation\app\api\report_resource.py", line 13, in get
    r_dic = report_services.get_report_by_client_name_and_time(client_id, time)
  File "D:\Client_Plan_Automation\app\services\report_services.py", line 18, in get_report_by_client_name_and_time
    timestamp_time = int_to_timestamp(time)
  File "D:\Client_Plan_Automation\app\utils\time_utils.py", line 37, in int_to_timestamp
    return datetime.fromtimestamp(timestamp/1000).strftime('%Y-%m-%d %H:%M:%S')
TypeError: unsupported operand type(s) for /: 'str' and 'int'
[ERROR] - 2018-02-08 10:47:49,514 : invalid literal for int() with base 10: '2018-02-07'
decorators [D:\Client_Plan_Automation\app\utils\decorators.py:61]
    
Traceback (most recent call last):
  File "D:\Client_Plan_Automation\app\utils\decorators.py", line 59, in wrapper
    res = func(*args, **kwargs)
  File "D:\Client_Plan_Automation\app\api\report_resource.py", line 13, in get
    r_dic = report_services.get_report_by_client_name_and_time(client_id, time)
  File "D:\Client_Plan_Automation\app\services\report_services.py", line 18, in get_report_by_client_name_and_time
    timestamp_time = int_to_timestamp(int(time))
ValueError: invalid literal for int() with base 10: '2018-02-07'
[ERROR] - 2018-02-08 10:52:41,165 : invalid literal for int() with base 10: '2018-02-07'
decorators [D:\Client_Plan_Automation\app\utils\decorators.py:61]
    
Traceback (most recent call last):
  File "D:\Client_Plan_Automation\app\utils\decorators.py", line 59, in wrapper
    res = func(*args, **kwargs)
  File "D:\Client_Plan_Automation\app\api\report_resource.py", line 13, in get
    r_dic = report_services.get_report_by_client_name_and_time(client_id, time)
  File "D:\Client_Plan_Automation\app\services\report_services.py", line 18, in get_report_by_client_name_and_time
    timestamp_time = int_to_timestamp(int(time))
ValueError: invalid literal for int() with base 10: '2018-02-07'
[ERROR] - 2018-02-08 10:54:17,244 : invalid literal for int() with base 10: '2018-02-07'
decorators [D:\Client_Plan_Automation\app\utils\decorators.py:61]
    
Traceback (most recent call last):
  File "D:\Client_Plan_Automation\app\utils\decorators.py", line 59, in wrapper
    res = func(*args, **kwargs)
  File "D:\Client_Plan_Automation\app\api\report_resource.py", line 13, in get
    r_dic = report_services.get_report_by_client_name_and_time(client_id, time)
  File "D:\Client_Plan_Automation\app\services\report_services.py", line 18, in get_report_by_client_name_and_time
    timestamp_time = int_to_timestamp(int(time))
ValueError: invalid literal for int() with base 10: '2018-02-07'
[ERROR] - 2018-02-08 11:54:20,951 : [Errno 22] Invalid argument
decorators [D:\Client_Plan_Automation\app\utils\decorators.py:61]
    
Traceback (most recent call last):
  File "D:\Client_Plan_Automation\app\utils\decorators.py", line 59, in wrapper
    res = func(*args, **kwargs)
  File "D:\Client_Plan_Automation\app\api\report_resource.py", line 13, in get
    r_dic = report_services.get_report_by_client_name_and_time(client_id, time)
  File "D:\Client_Plan_Automation\app\services\report_services.py", line 18, in get_report_by_client_name_and_time
    timestamp_time = int_to_timestamp(int(time))
  File "D:\Client_Plan_Automation\app\utils\time_utils.py", line 37, in int_to_timestamp
    return datetime.fromtimestamp(timestamp/1000).strftime('%Y-%m-%d %H:%M:%S')
OSError: [Errno 22] Invalid argument
[ERROR] - 2018-02-08 11:54:30,157 : invalid literal for int() with base 10: '2018-02-07'
decorators [D:\Client_Plan_Automation\app\utils\decorators.py:61]
    
Traceback (most recent call last):
  File "D:\Client_Plan_Automation\app\utils\decorators.py", line 59, in wrapper
    res = func(*args, **kwargs)
  File "D:\Client_Plan_Automation\app\api\report_resource.py", line 13, in get
    r_dic = report_services.get_report_by_client_name_and_time(client_id, time)
  File "D:\Client_Plan_Automation\app\services\report_services.py", line 18, in get_report_by_client_name_and_time
    timestamp_time = int_to_timestamp(int(time))
ValueError: invalid literal for int() with base 10: '2018-02-07'
[ERROR] - 2018-02-08 14:34:45,049 : 'Pagination' object is not iterable
decorators [D:\Client_Plan_Automation\app\utils\decorators.py:61]
    
Traceback (most recent call last):
  File "D:\Client_Plan_Automation\app\utils\decorators.py", line 59, in wrapper
    res = func(*args, **kwargs)
  File "D:\Client_Plan_Automation\app\api\search_resource.py", line 43, in post
    for i in report_list:
TypeError: 'Pagination' object is not iterable
[ERROR] - 2018-02-08 14:36:39,442 : invalid literal for int() with base 10: '2018-02-07'
decorators [D:\Client_Plan_Automation\app\utils\decorators.py:61]
    
Traceback (most recent call last):
  File "D:\Client_Plan_Automation\app\utils\decorators.py", line 59, in wrapper
    res = func(*args, **kwargs)
  File "D:\Client_Plan_Automation\app\api\report_resource.py", line 13, in get
    r_dic = report_services.get_report_by_client_name_and_time(client_id, time)
  File "D:\Client_Plan_Automation\app\services\report_services.py", line 18, in get_report_by_client_name_and_time
    timestamp_time = int_to_timestamp(int(time))
ValueError: invalid literal for int() with base 10: '2018-02-07'
[ERROR] - 2018-02-08 14:40:40,047 : [Errno 22] Invalid argument
decorators [D:\Client_Plan_Automation\app\utils\decorators.py:61]
    
Traceback (most recent call last):
  File "D:\Client_Plan_Automation\app\utils\decorators.py", line 59, in wrapper
    res = func(*args, **kwargs)
  File "D:\Client_Plan_Automation\app\api\report_resource.py", line 13, in get
    r_dic = report_services.get_report_by_client_name_and_time(client_id, time)
  File "D:\Client_Plan_Automation\app\services\report_services.py", line 20, in get_report_by_client_name_and_time
    timestamp_time = int_to_timestamp(int(time)/1000)
  File "D:\Client_Plan_Automation\app\utils\time_utils.py", line 37, in int_to_timestamp
    return datetime.fromtimestamp(timestamp/1000).strftime('%Y-%m-%d %H:%M:%S')
OSError: [Errno 22] Invalid argument
[ERROR] - 2018-02-08 15:12:27,063 : name 'report_time' is not defined
decorators [D:\Client_Plan_Automation\app\utils\decorators.py:61]
    
Traceback (most recent call last):
  File "D:\Client_Plan_Automation\app\utils\decorators.py", line 59, in wrapper
    res = func(*args, **kwargs)
  File "D:\Client_Plan_Automation\app\api\report_resource.py", line 32, in get
    report, last_report, report_time, report_id = report_services.get_two_compare_report(report_id)
  File "D:\Client_Plan_Automation\app\services\report_services.py", line 27, in get_two_compare_report
    return report, last_report,report_time, client_id
NameError: name 'report_time' is not defined
[ERROR] - 2018-02-09 14:41:31,549 : "Record contains no 'updated_time' field."
decorators [D:\Client_Plan_Automation\app\utils\decorators.py:61]
    
Traceback (most recent call last):
  File "D:\Client_Plan_Automation\app\utils\records.py", line 67, in __getattr__
    return self[key]
  File "D:\Client_Plan_Automation\app\utils\records.py", line 63, in __getitem__
    raise KeyError("Record contains no '{}' field.".format(key))
KeyError: "Record contains no 'updated_time' field."

During handling of the above exception, another exception occurred:

Traceback (most recent call last):
  File "D:\Client_Plan_Automation\app\utils\decorators.py", line 59, in wrapper
    res = func(*args, **kwargs)
  File "D:\Client_Plan_Automation\app\api\report_resource.py", line 9, in get
    print(type(i.updated_time))
  File "D:\Client_Plan_Automation\app\utils\records.py", line 69, in __getattr__
    raise AttributeError(e)
AttributeError: "Record contains no 'updated_time' field."
[ERROR] - 2018-02-09 14:47:43,196 : invalid literal for int() with base 10: '100008.'
decorators [D:\Client_Plan_Automation\app\utils\decorators.py:61]
    
Traceback (most recent call last):
  File "D:\Client_Plan_Automation\app\utils\decorators.py", line 59, in wrapper
    res = func(*args, **kwargs)
  File "D:\Client_Plan_Automation\app\api\report_resource.py", line 7, in get
    r_dic = report_services.get_report_by_report_id(report_id)
  File "D:\Client_Plan_Automation\app\services\report_services.py", line 14, in get_report_by_report_id
    report = raw_db.query(report_detail_sqls, report_id = int(report_id))
ValueError: invalid literal for int() with base 10: '100008.'
[ERROR] - 2018-02-09 15:47:54,436 : type object 'ClientMaster' has no attribute 'updated_time'
decorators [D:\Client_Plan_Automation\app\utils\decorators.py:61]
    
Traceback (most recent call last):
  File "D:\Client_Plan_Automation\app\utils\decorators.py", line 59, in wrapper
    res = func(*args, **kwargs)
  File "D:\Client_Plan_Automation\app\api\search_resource.py", line 31, in post
    report_list = search_services.get_search_list_by_text(text, page, page_size)
  File "D:\Client_Plan_Automation\app\services\search_services.py", line 9, in get_search_list_by_text
    report = ClientMaster.query.filter(ClientMaster.client_name.like(re_text)).order_by(ClientMaster.updated_time.desc()).paginate(page,per_page,error_out=False)
AttributeError: type object 'ClientMaster' has no attribute 'updated_time'
[ERROR] - 2018-02-09 15:47:55,365 : type object 'ClientMaster' has no attribute 'updated_time'
decorators [D:\Client_Plan_Automation\app\utils\decorators.py:61]
    
Traceback (most recent call last):
  File "D:\Client_Plan_Automation\app\utils\decorators.py", line 59, in wrapper
    res = func(*args, **kwargs)
  File "D:\Client_Plan_Automation\app\api\search_resource.py", line 31, in post
    report_list = search_services.get_search_list_by_text(text, page, page_size)
  File "D:\Client_Plan_Automation\app\services\search_services.py", line 9, in get_search_list_by_text
    report = ClientMaster.query.filter(ClientMaster.client_name.like(re_text)).order_by(ClientMaster.updated_time.desc()).paginate(page,per_page,error_out=False)
AttributeError: type object 'ClientMaster' has no attribute 'updated_time'
[ERROR] - 2018-02-09 15:48:01,412 : type object 'ClientMaster' has no attribute 'updated_time'
decorators [D:\Client_Plan_Automation\app\utils\decorators.py:61]
    
Traceback (most recent call last):
  File "D:\Client_Plan_Automation\app\utils\decorators.py", line 59, in wrapper
    res = func(*args, **kwargs)
  File "D:\Client_Plan_Automation\app\api\search_resource.py", line 31, in post
    report_list = search_services.get_search_list_by_text(text, page, page_size)
  File "D:\Client_Plan_Automation\app\services\search_services.py", line 9, in get_search_list_by_text
    report = ClientMaster.query.filter(ClientMaster.client_name.like(re_text)).order_by(ClientMaster.updated_time.desc()).paginate(page,per_page,error_out=False)
AttributeError: type object 'ClientMaster' has no attribute 'updated_time'
[ERROR] - 2018-02-12 11:06:35,167 : 'NoneType' object is not subscriptable
decorators [D:\Client_Plan_Automation\app\utils\decorators.py:61]
    
Traceback (most recent call last):
  File "D:\Client_Plan_Automation\app\utils\decorators.py", line 59, in wrapper
    res = func(*args, **kwargs)
  File "D:\Client_Plan_Automation\app\api\search_resource.py", line 40, in post
    report_list = search_services.get_search_list_by_clientId(taglist[0]['client_id'], page, page_size)
TypeError: 'NoneType' object is not subscriptable
[ERROR] - 2018-02-12 11:06:36,849 : 'NoneType' object is not subscriptable
decorators [D:\Client_Plan_Automation\app\utils\decorators.py:61]
    
Traceback (most recent call last):
  File "D:\Client_Plan_Automation\app\utils\decorators.py", line 59, in wrapper
    res = func(*args, **kwargs)
  File "D:\Client_Plan_Automation\app\api\search_resource.py", line 40, in post
    report_list = search_services.get_search_list_by_clientId(taglist[0]['client_id'], page, page_size)
TypeError: 'NoneType' object is not subscriptable
[ERROR] - 2018-02-12 11:06:38,640 : 'NoneType' object is not subscriptable
decorators [D:\Client_Plan_Automation\app\utils\decorators.py:61]
    
Traceback (most recent call last):
  File "D:\Client_Plan_Automation\app\utils\decorators.py", line 59, in wrapper
    res = func(*args, **kwargs)
  File "D:\Client_Plan_Automation\app\api\search_resource.py", line 40, in post
    report_list = search_services.get_search_list_by_clientId(taglist[0]['client_id'], page, page_size)
TypeError: 'NoneType' object is not subscriptable
[ERROR] - 2018-02-12 11:06:39,844 : 'NoneType' object is not subscriptable
decorators [D:\Client_Plan_Automation\app\utils\decorators.py:61]
    
Traceback (most recent call last):
  File "D:\Client_Plan_Automation\app\utils\decorators.py", line 59, in wrapper
    res = func(*args, **kwargs)
  File "D:\Client_Plan_Automation\app\api\search_resource.py", line 40, in post
    report_list = search_services.get_search_list_by_clientId(taglist[0]['client_id'], page, page_size)
TypeError: 'NoneType' object is not subscriptable
[ERROR] - 2018-02-12 11:06:40,026 : 'NoneType' object is not subscriptable
decorators [D:\Client_Plan_Automation\app\utils\decorators.py:61]
    
Traceback (most recent call last):
  File "D:\Client_Plan_Automation\app\utils\decorators.py", line 59, in wrapper
    res = func(*args, **kwargs)
  File "D:\Client_Plan_Automation\app\api\search_resource.py", line 40, in post
    report_list = search_services.get_search_list_by_clientId(taglist[0]['client_id'], page, page_size)
TypeError: 'NoneType' object is not subscriptable
[ERROR] - 2018-02-12 11:30:45,879 : 'NoneType' object is not subscriptable
decorators [D:\Client_Plan_Automation\app\utils\decorators.py:61]
    
Traceback (most recent call last):
  File "D:\Client_Plan_Automation\app\utils\decorators.py", line 59, in wrapper
    res = func(*args, **kwargs)
  File "D:\Client_Plan_Automation\app\api\search_resource.py", line 40, in post
    report_list = search_services.get_search_list_by_clientId(taglist[0]['client_id'], page, page_size)
TypeError: 'NoneType' object is not subscriptable
[ERROR] - 2018-02-12 11:31:00,789 : 'NoneType' object is not subscriptable
decorators [D:\Client_Plan_Automation\app\utils\decorators.py:61]
    
Traceback (most recent call last):
  File "D:\Client_Plan_Automation\app\utils\decorators.py", line 59, in wrapper
    res = func(*args, **kwargs)
  File "D:\Client_Plan_Automation\app\api\search_resource.py", line 40, in post
    report_list = search_services.get_search_list_by_clientId(taglist[0]['client_id'], page, page_size)
TypeError: 'NoneType' object is not subscriptable
[ERROR] - 2018-02-12 11:35:31,896 : [Errno 22] Invalid argument
decorators [D:\Client_Plan_Automation\app\utils\decorators.py:61]
    
Traceback (most recent call last):
  File "D:\Client_Plan_Automation\app\utils\decorators.py", line 59, in wrapper
    res = func(*args, **kwargs)
  File "D:\Client_Plan_Automation\app\api\report_resource.py", line 18, in get
    r_dic = report_services.get_report_by_client_name_and_time(client_id, time)
  File "D:\Client_Plan_Automation\app\services\report_services.py", line 19, in get_report_by_client_name_and_time
    timestamp_time = int_to_timestamp(int(time))
  File "D:\Client_Plan_Automation\app\utils\time_utils.py", line 36, in int_to_timestamp
    return datetime.fromtimestamp(timestamp/1000).strftime('%Y-%m-%d')
OSError: [Errno 22] Invalid argument
[ERROR] - 2018-02-12 14:04:15,482 : get_two_compare_report() takes 1 positional argument but 2 were given
decorators [D:\Client_Plan_Automation\app\utils\decorators.py:61]
    
Traceback (most recent call last):
  File "D:\Client_Plan_Automation\app\utils\decorators.py", line 59, in wrapper
    res = func(*args, **kwargs)
  File "D:\Client_Plan_Automation\app\api\report_resource.py", line 39, in get
    report, last_report = report_services.get_two_compare_report(report_id, client_id)
TypeError: get_two_compare_report() takes 1 positional argument but 2 were given
[ERROR] - 2018-02-12 14:49:35,529 : invalid literal for int() with base 10: 'undefined'
decorators [D:\Client_Plan_Automation\app\utils\decorators.py:61]
    
Traceback (most recent call last):
  File "D:\Client_Plan_Automation\app\utils\decorators.py", line 59, in wrapper
    res = func(*args, **kwargs)
  File "D:\Client_Plan_Automation\app\api\report_resource.py", line 9, in get
    r_dic = report_services.get_report_by_report_id(report_id)
  File "D:\Client_Plan_Automation\app\services\report_services.py", line 14, in get_report_by_report_id
    report = raw_db.query(report_detail_sqls, report_id=int(report_id))
ValueError: invalid literal for int() with base 10: 'undefined'
[ERROR] - 2018-02-12 14:49:40,236 : invalid literal for int() with base 10: 'undefined'
decorators [D:\Client_Plan_Automation\app\utils\decorators.py:61]
    
Traceback (most recent call last):
  File "D:\Client_Plan_Automation\app\utils\decorators.py", line 59, in wrapper
    res = func(*args, **kwargs)
  File "D:\Client_Plan_Automation\app\api\report_resource.py", line 9, in get
    r_dic = report_services.get_report_by_report_id(report_id)
  File "D:\Client_Plan_Automation\app\services\report_services.py", line 14, in get_report_by_report_id
    report = raw_db.query(report_detail_sqls, report_id=int(report_id))
ValueError: invalid literal for int() with base 10: 'undefined'
[ERROR] - 2018-02-12 17:31:54,189 : (psycopg2.ProgrammingError) syntax error at or near "zipcode"
LINE 8:         zipcode,
                ^
 [SQL: '\nSELECT  r.client_name as client_name,\n        r.client_id as client_id,\n        FLOOR(EXTRACT(EPOCH FROM r.updated_time))* 1000 as showtime,\n        address1,\n        city,\n        state as country_state\n        zipcode,\n        client_start_date,\n        executive_summary,\n        bu_division,\n        segment,\n        sub,\n        bu_relationship_managers,\n        coo,\n        ss_top_50,\n        tier,\n        core_ops_auditlocation,\n        pna_team_lead_site_lead,\n        pna_lead,\n        pna_last_visit,\n        senior_contact_name,\n        senior_contact_email,\n        senior_contact_tel,\n        primary_contact_name,\n        primary_contact_email,\n        primary_contact_tel,\n        isa_portal,\n        pna_whatchlist,\n        since,\n        late_deliverables_qtr,\n        error_memos_qstrs,\n        asset_size,\n        total_pna_revenue,\n        direct_revenue,\n        indirect_revenue,\n        margin_revenue,\n        total_ss_revenue,\n        market_data_fees,\n        market_data_billed,\n        contract_ex, \n        overview,\n        details,\n        executive_engagement,\n        executive_engagement_last_visit,\n        cab,\n        client_service, \n        client_service_last_visit,\n        client_service_next_visit,\n        solutions,\n        solutions_last_visit,\n        discussion,\n        discussion_next_visit,\n        future_engagement_plan,\n        sentiment_score,\n        survey_date,\n        survey_history,\n        client_comments,\n        weaknesses,\n        strengths,\n        opportunity,\n        threats,\n        opportunity_name,\n        probability,\n        projected_revenue,\n        cs.q[1] as q1,\n        cs.q[2] as q2,\n        cs.q[3] as q3,\n        cs.q[4] as q4,\n        cs.q[5] as q5,\n        cs.rm[1] as rm1,\n        cs.rm[2] as rm2,\n        cs.rm[3] as rm3,\n        cs.rm[4] as rm4,\n        cs.rm[5] as mr5,\n        cs.p[1] as p1,\n        cs.p[2] as p2,\n        cs.p[3] as p3,\n        cs.p[4] as p4,\n        cs.p[5] as p5,\n        rs.service,\n        rs.ss,\n        rs.third_party\n    FROM public.report as r\n    LEFT JOIN public.basic_info as bi on bi.report_id = r.id\n    LEFT JOIN public.business_dev_opp as bdo on bdo.report_id = r.id\n    LEFT JOIN public.client_sentiment as cs on cs.report_id = r.id\n    LEFT JOIN public.revenue_strategy as rs on rs.report_id = r.id\n    LEFT JOIN public.engagement_strategy as s on s.report_id = r.id\n\n WHERE r.id = %(report_id)s\n'] [parameters: {'report_id': 100008}]
decorators [D:\Client_Plan_Automation\app\utils\decorators.py:61]
    
Traceback (most recent call last):
  File "D:\Users\v627607\AppData\Local\Continuum\Anaconda3\envs\snowman\lib\site-packages\sqlalchemy\engine\base.py", line 1182, in _execute_context
    context)
  File "D:\Users\v627607\AppData\Local\Continuum\Anaconda3\envs\snowman\lib\site-packages\sqlalchemy\engine\default.py", line 470, in do_execute
    cursor.execute(statement, parameters)
psycopg2.ProgrammingError: syntax error at or near "zipcode"
LINE 8:         zipcode,
                ^


The above exception was the direct cause of the following exception:

Traceback (most recent call last):
  File "D:\Client_Plan_Automation\app\utils\decorators.py", line 59, in wrapper
    res = func(*args, **kwargs)
  File "D:\Client_Plan_Automation\app\api\report_resource.py", line 9, in get
    r_dic = report_services.get_report_by_report_id(report_id)
  File "D:\Client_Plan_Automation\app\services\report_services.py", line 14, in get_report_by_report_id
    report = raw_db.query(report_detail_sqls, report_id=int(report_id))
  File "D:\Client_Plan_Automation\app\utils\records.py", line 295, in query
    cursor = self.db.engine.execute(text(query), *pos_params ,**dic_params,) # TODO: PARAMS GO HERE
  File "D:\Users\v627607\AppData\Local\Continuum\Anaconda3\envs\snowman\lib\site-packages\sqlalchemy\engine\base.py", line 2064, in execute
    return connection.execute(statement, *multiparams, **params)
  File "D:\Users\v627607\AppData\Local\Continuum\Anaconda3\envs\snowman\lib\site-packages\sqlalchemy\engine\base.py", line 945, in execute
    return meth(self, multiparams, params)
  File "D:\Users\v627607\AppData\Local\Continuum\Anaconda3\envs\snowman\lib\site-packages\sqlalchemy\sql\elements.py", line 263, in _execute_on_connection
    return connection._execute_clauseelement(self, multiparams, params)
  File "D:\Users\v627607\AppData\Local\Continuum\Anaconda3\envs\snowman\lib\site-packages\sqlalchemy\engine\base.py", line 1053, in _execute_clauseelement
    compiled_sql, distilled_params
  File "D:\Users\v627607\AppData\Local\Continuum\Anaconda3\envs\snowman\lib\site-packages\sqlalchemy\engine\base.py", line 1189, in _execute_context
    context)
  File "D:\Users\v627607\AppData\Local\Continuum\Anaconda3\envs\snowman\lib\site-packages\sqlalchemy\engine\base.py", line 1402, in _handle_dbapi_exception
    exc_info
  File "D:\Users\v627607\AppData\Local\Continuum\Anaconda3\envs\snowman\lib\site-packages\sqlalchemy\util\compat.py", line 203, in raise_from_cause
    reraise(type(exception), exception, tb=exc_tb, cause=cause)
  File "D:\Users\v627607\AppData\Local\Continuum\Anaconda3\envs\snowman\lib\site-packages\sqlalchemy\util\compat.py", line 186, in reraise
    raise value.with_traceback(tb)
  File "D:\Users\v627607\AppData\Local\Continuum\Anaconda3\envs\snowman\lib\site-packages\sqlalchemy\engine\base.py", line 1182, in _execute_context
    context)
  File "D:\Users\v627607\AppData\Local\Continuum\Anaconda3\envs\snowman\lib\site-packages\sqlalchemy\engine\default.py", line 470, in do_execute
    cursor.execute(statement, parameters)
sqlalchemy.exc.ProgrammingError: (psycopg2.ProgrammingError) syntax error at or near "zipcode"
LINE 8:         zipcode,
                ^
 [SQL: '\nSELECT  r.client_name as client_name,\n        r.client_id as client_id,\n        FLOOR(EXTRACT(EPOCH FROM r.updated_time))* 1000 as showtime,\n        address1,\n        city,\n        state as country_state\n        zipcode,\n        client_start_date,\n        executive_summary,\n        bu_division,\n        segment,\n        sub,\n        bu_relationship_managers,\n        coo,\n        ss_top_50,\n        tier,\n        core_ops_auditlocation,\n        pna_team_lead_site_lead,\n        pna_lead,\n        pna_last_visit,\n        senior_contact_name,\n        senior_contact_email,\n        senior_contact_tel,\n        primary_contact_name,\n        primary_contact_email,\n        primary_contact_tel,\n        isa_portal,\n        pna_whatchlist,\n        since,\n        late_deliverables_qtr,\n        error_memos_qstrs,\n        asset_size,\n        total_pna_revenue,\n        direct_revenue,\n        indirect_revenue,\n        margin_revenue,\n        total_ss_revenue,\n        market_data_fees,\n        market_data_billed,\n        contract_ex, \n        overview,\n        details,\n        executive_engagement,\n        executive_engagement_last_visit,\n        cab,\n        client_service, \n        client_service_last_visit,\n        client_service_next_visit,\n        solutions,\n        solutions_last_visit,\n        discussion,\n        discussion_next_visit,\n        future_engagement_plan,\n        sentiment_score,\n        survey_date,\n        survey_history,\n        client_comments,\n        weaknesses,\n        strengths,\n        opportunity,\n        threats,\n        opportunity_name,\n        probability,\n        projected_revenue,\n        cs.q[1] as q1,\n        cs.q[2] as q2,\n        cs.q[3] as q3,\n        cs.q[4] as q4,\n        cs.q[5] as q5,\n        cs.rm[1] as rm1,\n        cs.rm[2] as rm2,\n        cs.rm[3] as rm3,\n        cs.rm[4] as rm4,\n        cs.rm[5] as mr5,\n        cs.p[1] as p1,\n        cs.p[2] as p2,\n        cs.p[3] as p3,\n        cs.p[4] as p4,\n        cs.p[5] as p5,\n        rs.service,\n        rs.ss,\n        rs.third_party\n    FROM public.report as r\n    LEFT JOIN public.basic_info as bi on bi.report_id = r.id\n    LEFT JOIN public.business_dev_opp as bdo on bdo.report_id = r.id\n    LEFT JOIN public.client_sentiment as cs on cs.report_id = r.id\n    LEFT JOIN public.revenue_strategy as rs on rs.report_id = r.id\n    LEFT JOIN public.engagement_strategy as s on s.report_id = r.id\n\n WHERE r.id = %(report_id)s\n'] [parameters: {'report_id': 100008}]
[ERROR] - 2018-02-13 17:19:22,624 : name 'db_session' is not defined
decorators [D:\Client_Plan_Automation\app\utils\decorators.py:61]
    
Traceback (most recent call last):
  File "D:\Client_Plan_Automation\app\utils\decorators.py", line 59, in wrapper
    res = func(*args, **kwargs)
  File "D:\Client_Plan_Automation\app\api\report_resource.py", line 68, in post
    db_session.begin()
NameError: name 'db_session' is not defined
[ERROR] - 2018-02-13 19:22:36,073 : A transaction is already begun.  Use subtransactions=True to allow subtransactions.
decorators [D:\Client_Plan_Automation\app\utils\decorators.py:61]
    
Traceback (most recent call last):
  File "D:\Client_Plan_Automation\app\utils\decorators.py", line 59, in wrapper
    res = func(*args, **kwargs)
  File "D:\Client_Plan_Automation\app\api\report_resource.py", line 78, in post
    db.session.begin()
  File "D:\Users\v627607\AppData\Local\Continuum\Anaconda3\envs\snowman\lib\site-packages\sqlalchemy\orm\scoping.py", line 157, in do
    return getattr(self.registry(), name)(*args, **kwargs)
  File "D:\Users\v627607\AppData\Local\Continuum\Anaconda3\envs\snowman\lib\site-packages\sqlalchemy\orm\session.py", line 820, in begin
    "A transaction is already begun.  Use "
sqlalchemy.exc.InvalidRequestError: A transaction is already begun.  Use subtransactions=True to allow subtransactions.
[ERROR] - 2018-02-13 19:24:08,015 : 'data'
decorators [D:\Client_Plan_Automation\app\utils\decorators.py:61]
    
Traceback (most recent call last):
  File "D:\Client_Plan_Automation\app\utils\decorators.py", line 59, in wrapper
    res = func(*args, **kwargs)
  File "D:\Client_Plan_Automation\app\api\report_resource.py", line 72, in post
    b_data = data[0]['data']
KeyError: 'data'
[ERROR] - 2018-02-13 19:26:16,352 : 'data'
decorators [D:\Client_Plan_Automation\app\utils\decorators.py:61]
    
Traceback (most recent call last):
  File "D:\Client_Plan_Automation\app\utils\decorators.py", line 59, in wrapper
    res = func(*args, **kwargs)
  File "D:\Client_Plan_Automation\app\api\report_resource.py", line 72, in post
    b_data = data[0]['data']
KeyError: 'data'
[ERROR] - 2018-02-13 19:29:50,867 : 'data'
decorators [D:\Client_Plan_Automation\app\utils\decorators.py:61]
    
Traceback (most recent call last):
  File "D:\Client_Plan_Automation\app\utils\decorators.py", line 59, in wrapper
    res = func(*args, **kwargs)
  File "D:\Client_Plan_Automation\app\api\report_resource.py", line 71, in post
    r_data = data[0]['data']
KeyError: 'data'
[ERROR] - 2018-02-13 19:34:17,194 : A transaction is already begun.  Use subtransactions=True to allow subtransactions.
decorators [D:\Client_Plan_Automation\app\utils\decorators.py:61]
    
Traceback (most recent call last):
  File "D:\Client_Plan_Automation\app\utils\decorators.py", line 59, in wrapper
    res = func(*args, **kwargs)
  File "D:\Client_Plan_Automation\app\api\report_resource.py", line 78, in post
    db.session.begin()
  File "D:\Users\v627607\AppData\Local\Continuum\Anaconda3\envs\snowman\lib\site-packages\sqlalchemy\orm\scoping.py", line 157, in do
    return getattr(self.registry(), name)(*args, **kwargs)
  File "D:\Users\v627607\AppData\Local\Continuum\Anaconda3\envs\snowman\lib\site-packages\sqlalchemy\orm\session.py", line 820, in begin
    "A transaction is already begun.  Use "
sqlalchemy.exc.InvalidRequestError: A transaction is already begun.  Use subtransactions=True to allow subtransactions.
[ERROR] - 2018-02-13 19:34:59,704 : A transaction is already begun.  Use subtransactions=True to allow subtransactions.
decorators [D:\Client_Plan_Automation\app\utils\decorators.py:61]
    
Traceback (most recent call last):
  File "D:\Client_Plan_Automation\app\utils\decorators.py", line 59, in wrapper
    res = func(*args, **kwargs)
  File "D:\Client_Plan_Automation\app\api\report_resource.py", line 78, in post
    db.session.begin()
  File "D:\Users\v627607\AppData\Local\Continuum\Anaconda3\envs\snowman\lib\site-packages\sqlalchemy\orm\scoping.py", line 157, in do
    return getattr(self.registry(), name)(*args, **kwargs)
  File "D:\Users\v627607\AppData\Local\Continuum\Anaconda3\envs\snowman\lib\site-packages\sqlalchemy\orm\session.py", line 820, in begin
    "A transaction is already begun.  Use "
sqlalchemy.exc.InvalidRequestError: A transaction is already begun.  Use subtransactions=True to allow subtransactions.
[ERROR] - 2018-02-13 19:35:41,544 : name 'db_session' is not defined
decorators [D:\Client_Plan_Automation\app\utils\decorators.py:61]
    
Traceback (most recent call last):
  File "D:\Client_Plan_Automation\app\api\report_resource.py", line 79, in post
    r = Report(**r_data)
NameError: name 'Report' is not defined

During handling of the above exception, another exception occurred:

Traceback (most recent call last):
  File "D:\Client_Plan_Automation\app\utils\decorators.py", line 59, in wrapper
    res = func(*args, **kwargs)
  File "D:\Client_Plan_Automation\app\api\report_resource.py", line 108, in post
    db_session.rollback()
NameError: name 'db_session' is not defined
[ERROR] - 2018-02-13 19:38:44,453 : name 'db_session' is not defined
decorators [D:\Client_Plan_Automation\app\utils\decorators.py:61]
    
Traceback (most recent call last):
  File "D:\Client_Plan_Automation\app\api\report_resource.py", line 79, in post
    r = Report(**r_data)
NameError: name 'Report' is not defined

During handling of the above exception, another exception occurred:

Traceback (most recent call last):
  File "D:\Client_Plan_Automation\app\utils\decorators.py", line 59, in wrapper
    res = func(*args, **kwargs)
  File "D:\Client_Plan_Automation\app\api\report_resource.py", line 108, in post
    db_session.rollback()
NameError: name 'db_session' is not defined
[ERROR] - 2018-02-13 19:51:35,111 : name 'e' is not defined
decorators [D:\Client_Plan_Automation\app\utils\decorators.py:61]
    
Traceback (most recent call last):
  File "D:\Client_Plan_Automation\app\api\report_resource.py", line 88, in post
    r = Report(**r_data)
NameError: name 'Report' is not defined

During handling of the above exception, another exception occurred:

Traceback (most recent call last):
  File "D:\Client_Plan_Automation\app\utils\decorators.py", line 59, in wrapper
    res = func(*args, **kwargs)
  File "D:\Client_Plan_Automation\app\api\report_resource.py", line 121, in post
    print(str(e))
NameError: name 'e' is not defined
[ERROR] - 2018-03-27 14:50:46,442 : 'NoneType' object has no attribute 'data_showtime'
decorators [d:\Client_Plan_Automation\app\utils\decorators.py:92]
    
Traceback (most recent call last):
  File "d:\Client_Plan_Automation\app\utils\decorators.py", line 90, in wrapper
    res = func(*args, **kwargs)
  File "d:\Client_Plan_Automation\app\api\report_resource.py", line 339, in get
    ret_dic,_ = check_drafts_detail(report_id, previous_report_id)
  File "d:\Client_Plan_Automation\app\api\report_resource.py", line 371, in check_drafts_detail
    if client_master.data_showtime > showtime:
AttributeError: 'NoneType' object has no attribute 'data_showtime'
[ERROR] - 2018-03-27 14:50:46,635 : list index out of range
decorators [d:\Client_Plan_Automation\app\utils\decorators.py:92]
    
Traceback (most recent call last):
  File "d:\Client_Plan_Automation\app\utils\decorators.py", line 90, in wrapper
    res = func(*args, **kwargs)
  File "d:\Client_Plan_Automation\app\api\report_resource.py", line 82, in get
    numbers = diff_number(report_id, client_id)
  File "d:\Client_Plan_Automation\app\api\report_resource.py", line 94, in diff_number
    for r_k, r_v in report_dic[0].items():
IndexError: list index out of range
[ERROR] - 2018-03-29 20:27:32,824 : 'ClientMaster' object has no attribute 'author'
decorators [d:\Client_Plan_Automation\app\utils\decorators.py:92]
    
Traceback (most recent call last):
  File "d:\Client_Plan_Automation\app\utils\decorators.py", line 90, in wrapper
    res = func(*args, **kwargs)
  File "d:\Client_Plan_Automation\app\api\search_resource.py", line 39, in post
    user = User.query.filter_by(id=report.author).first()
AttributeError: 'ClientMaster' object has no attribute 'author'
[ERROR] - 2018-03-29 20:29:09,390 : 'int' object has no attribute 'author'
decorators [d:\Client_Plan_Automation\app\utils\decorators.py:92]
    
Traceback (most recent call last):
  File "d:\Client_Plan_Automation\app\utils\decorators.py", line 90, in wrapper
    res = func(*args, **kwargs)
  File "d:\Client_Plan_Automation\app\api\search_resource.py", line 47, in post
    user = User.query.filter_by(id=item[3].author).first()
AttributeError: 'int' object has no attribute 'author'
[ERROR] - 2018-03-29 20:29:47,708 : tuple index out of range
decorators [d:\Client_Plan_Automation\app\utils\decorators.py:92]
    
Traceback (most recent call last):
  File "d:\Client_Plan_Automation\app\utils\decorators.py", line 90, in wrapper
    res = func(*args, **kwargs)
  File "d:\Client_Plan_Automation\app\api\search_resource.py", line 55, in post
    print(report[3])
IndexError: tuple index out of range
[ERROR] - 2018-03-29 20:30:19,241 : tuple index out of range
decorators [d:\Client_Plan_Automation\app\utils\decorators.py:92]
    
Traceback (most recent call last):
  File "d:\Client_Plan_Automation\app\utils\decorators.py", line 90, in wrapper
    res = func(*args, **kwargs)
  File "d:\Client_Plan_Automation\app\api\search_resource.py", line 55, in post
    print(report[2])
IndexError: tuple index out of range
